<14>Jun 15 01:29:48 OST-DC01.onesystems.local MSWinEventLog	1	Application	1863306	Mon Jun 15 01:29:48 2026	134	Directory Synchronization	N/A	N/A	Information	OST-DC01.onesystems.local	N/A		No more changes to import.  Committing Watermark: Hash: IWMOgBhBzn7DQykWYuBaV61R3UxmtHZaOMkHHlgJdGc= Raw: [fQwAAAAAAAADAAAA++AiGEumpEe8yT5Ka1G1ygYAAABJ8a1KAAAAAEAMAAABAAAAAAAAAIIAAAAAAAAAPwgmAA38J063ZOixgYBaSGWHAhYAAAAAHewhAnP8ak6HOrjB0D1AyUkKgEoAAAAAdUG8Amjbz0az57qj3E3oH8SvxAMAAAAA0FEkA0HFNEGCVPMfilqG+9s1v0oAAAAA8yjyDMYJfUCx3TcnHEC7v6tYjBkAAAAAzVAsDYK6JEe/aLygXAp0/CS7UhUAAAAAsH3qDZGu8k+hDSssYC+P2B0mfUoAAAAAiSHADxg4eUOXGmLfq6uQuoJ5JUsAAAAAfBevEJjsAUatn7bJOVpRlaDVlRUAAAAACrA7ESas7U+K+oGzV45DTwk6y0kAAAAAPgvRE5z770Oph9qxI3GIqp6cUkIAAAAAwsDQFO6M0UewTSgP6bfdq7855zEAAAAAEFkJF0ZQukeN3Kb0oeDNRac8/koAAAAAb78aGJHrOUeewNZqfHmlyRIS5T4AAAAA++AiGEumpEe8yT5Ka1G1yknxrUoAAAAAVOUKGwcGzk6rGBzM24WtIkvt0TEAAAAAGO8UHAOaaEm/bpv6szp1lZOzpEoAAAAARL8GIWleK0mgOA5nFBnDQNDSnzEAAAAA038GJDcaPEeDdN6WKP61qcAdxkkAAAAAkUWSJu7iNkaGIr1aKI0MbXdcUBUAAAAAfM+yKABoh06RCLR9gj7NlbM17zEAAAAAfA3kKDMwxkq62ldIkWBKfYXunhkAAAAAqtSzKR8dJkmzdsamL5p0m7OSzzkAAAAAm/rXK2fxBUW3U7x8eHKYmnlm4hUAAAAAJc0xLTbL4Uubd5KB9SgqepPgeBkAAAAAgatUMT9HD06P0pvoclUrM41eZzEAAAAAHFspNPNo2Eyr4c4BHHF4JbCnLj4AAAAAkeXTN13ba0+RUJ0RMoUrZSdl6D4AAAAA/iD2N9Hqoky91aCWLa4K24iBuhUAAAAA4s8cOGPiBkyL56o7q/shl6X0AzoAAAAA+dWROYo4+U66ze68qlr3QBuaLhUAAAAAvhiqPhAUxkmxcB2Emh4UOOONrjEAAAAATOyRQqLcZUeAdq2QQPI15aJAajEAAAAA9TWWRYKA4EiFVf3Vp6sA/XE7lRMAAAAAoeGIRh54YUmQbmAKg/q/fPSZe0oAAAAASAHmSAkXLkuFYD9c50tKEgQ/5hQAAAAAFDQpTg8FPEK6RRekIjK5d+APCRYAAAAAMtRPT4Sa30qwPmK1w5g7U7CVhBkAAAAA8jCyUjypNkG9EemXPMx9gu+5+xQAAAAA9urdUsNk/kWIIACuk3N5vq1DIAcAAAAA5U+LVYg1Kkm/pFgbt8YySTKAgRkAAAAAbATeVRM34Uer4MheG/FsUf3Rvj8AAAAAaIynVjRuFkS7L5EuBeaJGUEvD0sAAAAAn7doW+H7x0eNMH8j+wlIrbmslxcAAAAAbmLzX3RkLU+ajZt+szk0ZmCO0QMAAAAAWnhbYcpZjUSh9lB0FEWhW7aMuz4AAAAAxbKMYmsKAEWJOIA7oWJgt+fR/zkAAAAAwAe/aGkBwUilUFGGmYGJYC1OEkIAAAAAM8Tyaq2h2kmRTR3fPzAEuv72vUoAAAAANUena33YG0+vjPOUCweJmG/PJD0AAAAAv0CYbf1N/0q5EvkwybEYNzFNOgcAAAAAzzqbcSQprEOngvADsRog3kaLuRUAAAAAhqwyc23fAUu0t1eotUM6H1U6bBQAAAAAaPEVdNc+hkmq4A8Wuwpr33+0ekoAAAAAFoREeb2XVEu2/VZgsVsIaavEohkAAAAArcVNeTGL40iGnanrNccmZS8F6xQAAAAAtYuPfIuj8EOTtgOd+gjjPfRy/hUAAAAAoVLpfe6mWk6WNvsgq5gOcTs0cUoAAAAAn4jdgA1yy0yjQG4mUk8Q/qUS4UEAAAAAuNuQgm/1/E6bmlzqyQqYrlyB8BQAAAAApWGig/thk0qR32PHYvqv6A8AvRUAAAAARUzog6hSBE2TC+1+QT3j4f4RERUAAAAAC0p6hVM+cEi2tsBqXu/m3E+ryxUAAAAAAq7gi/EU802Nu7RfhmUJbTwtlTEAAAAAmWoCjAHj5EK/wKbOPG2cWYMKtT8AAAAAQorJjG4X6EeEJ7j3SFFUMYiI4xQAAAAAeaqbjcMZSUyuY8FA3j0ipkZjTxUAAAAAnj1jjsR4GU2HcOclJvxhbkOCCEsAAAAAdm/7j/2ankeC1mrvE7s+5v9YHAcAAAAAOdEqlINvTUq0iIHWgF3ePQZWjT8AAAAAekY7l5ZEaUuarJXMggcW53qUtEoAAAAAPmVDmG4sKkmnBKHS31pQsWPNvhUAAAAARwdomPtMX02Es21Gv14PQRtewjkAAAAAxbLKmKjJxEu1FlSttwZ1wh76EDoAAAAADlT4mZ0hTEKV2OdWEygHQNaN1BMAAAAAhf5km0RrZEqNBlRBYqTVE3NKuxMAAAAAwSTinso1IESgWWQdPDgB8OR3MRUAAAAAKjIKpHUmhE+T5DeBGzxdEUwQGBYAAAAAgDE8ptgLEEqkzhusys5CHayIRkIAAAAAkpLzpkIolkeXltpai1x8rRbG5z4AAAAAlxe9p+pOVEWAGae8uyZ37yw3vhUAAAAANsLUpxBg80WsGOh5w1RTWpGve0oAAAAA3dYfqqKhj0CRxiNgF2xLY9TEKwcAAAAALQqaq3SumkW4JWSrjYUR9XMRUxUAAAAAEru5rXl3n0KeFVWPuCSnXjY6KhQAAAAAb+1RsOi71U6C6RO40mo0IReDdRkAAAAABWglsan8nkeDUI9UphOHrKDGGEsAAAAAJEO8sVPzDU6XHIL/qRM63YrCnRQAAAAA18DRskNUrkaKIk2gYpjcutdfsEoAAAAAx1J6te50KkS1oUGA4uwXRDO9SUoAAAAAwK8Ot6VQyUG5p9Ynyauwdqbu1z0AAAAAd0oit11CCEGRFZnmk/c8rJdGHUoAAAAAi9iSt1quE06mtHbbNd+zCacNAEIAAAAArkyHucOU/0++p8XJrFdFkLnGzxMAAAAAg7uduVRb/UO5Osj/72rJ3nkzbjkAAAAAXbI5vF9jNk6GqYEDP6Orl2Kb6hMAAAAAGvPrv1fjfECLtlE1M3TfVq0Cg0IAAAAAl+fPwKgiJUiMX3a6TmnlP8XUAzoAAAAA3fSpwq3Gq0Wi4DrMNbj/v1abEhYAAAAAnaqRxH5Tx0aq8aXVZGzMEkwgJBUAAAAAR0GpxmAy8UONsBa1rKg6Y5azHRUAAAAAXssOywbjvkuz22OwTGdJEJwsBxYAAAAAbLIVzjifd0ix1ebVQSTHMvx3kxkAAAAAW1alz0W/w0a2nUEacn60wLm4YEIAAAAAQfee0SOynk2fiWfGaV2kAzwOnzkAAAAAt0FC0z3LE0yQXbKbUyzOirAUzRUAAAAAEaqd09/JbU2jVgEbz0UzTIfNtxUAAAAAJPb+09kJ3km8n0d0uCsH/qUt+hQAAAAA3s1K1a9Mk0m6GHUgukAD4UFy8EoAAAAAsUvu1824mEm53MCecrlOm3JDaEoAAAAALTd52gIThE6nN2sLBo4HwjnD2RUAAAAAMwhJ25g7TEiXXXzHrGSkJDYA8RQAAAAALm3G3hHlg0SH1C9fk9pIfTfEyQMAAAAAHow933uixEqu1Qn0IhRgjcFc1j0AAAAAxRkS4qGJr0mkNzuLU5WEMku5BxYAAAAA+Jti5VHXzUKpiVpc3MLpUZ8g7EkAAAAA18FP6olyFEeH5//2p2g+MNlinEkAAAAAasRT6qa2O0G/OxvHKO2VWgeP4hQAAAAAQYC77YNIvkaUYwRrNKUfSw2wDRUAAAAA2jZi7shkGEamzy3J4FY/9Hwi1gMAAAAA/OI675q+R0OpX4dtyfM+Zrb+y0oAAAAA+8uG77chgkK4ey3ZWgDF6P0kDhUAAAAAvWUu8Ov6rUmrCtV6u9Ivr34VG0IAAAAAyo0s9MzZfEODvc17wplivTfqnj8AAAAAj/tg9aUlYEKT6ezVg+ro2hWbUxUAAAAA4AtE9oc0SE6lT+mgdT48S79t5BQAAAAAzhKy+AtlGUmBzdhJRG1chhcV90oAAAAAknPV/Z8QH0SeQl1KGDzUaUvRoBUAAAAAc3vI/sTYS0KhV1gDV4IN9YuhwBMAAAAArHWp/6HElECFRVUBHVCWXHOjB0sAAAAA++AiGEumpEe8yT5Ka1G1ygIAAAAAAAAAALC3MXkptQ1BuDWQCZQoiMvoAAAAAQAAAAMAAABb7KGIOsreSAMAAAB71z3yLcreSH0MAAADAAAA0FEkA0HFNEGCVPMfilqG+wYAAADJHr5KAAAAAEAMAAABAAAAAAAAAIIAAAAAAAAAPwgmAA38J063ZOixgYBaSGWHAhYAAAAAHewhAnP8ak6HOrjB0D1AyVnffkoAAAAAdUG8Amjbz0az57qj3E3oH8SvxAMAAAAA0FEkA0HFNEGCVPMfilqG+8kevkoAAAAA8yjyDMYJfUCx3TcnHEC7v6tYjBkAAAAAzVAsDYK6JEe/aLygXAp0/CS7UhUAAAAAsH3qDZGu8k+hDSssYC+P2HgAfEoAAAAAiSHADxg4eUOXGmLfq6uQuj5NJEsAAAAAfBevEJjsAUatn7bJOVpRlaDVlRUAAAAACrA7ESas7U+K+oGzV45DT2cJykkAAAAAPgvRE5z770Oph9qxI3GIqp6cUkIAAAAAwsDQFO6M0UewTSgP6bfdq7855zEAAAAAEFkJF0ZQukeN3Kb0oeDNRTwS/UoAAAAAb78aGJHrOUeewNZqfHmlyRIS5T4AAAAA++AiGEumpEe8yT5Ka1G1yhbprEoAAAAAVOUKGwcGzk6rGBzM24WtIkvt0TEAAAAAGO8UHAOaaEm/bpv6szp1lXSJo0oAAAAARL8GIWleK0mgOA5nFBnDQNDSnzEAAAAA038GJDcaPEeDdN6WKP61qQToxEkAAAAAkUWSJu7iNkaGIr1aKI0MbXdcUBUAAAAAfM+yKABoh06RCLR9gj7NlbM17zEAAAAAfA3kKDMwxkq62ldIkWBKfYXunhkAAAAAqtSzKR8dJkmzdsamL5p0m7OSzzkAAAAAm/rXK2fxBUW3U7x8eHKYmnlm4hUAAAAAJc0xLTbL4Uubd5KB9SgqepPgeBkAAAAAgatUMT9HD06P0pvoclUrM41eZzEAAAAAHFspNPNo2Eyr4c4BHHF4JbCnLj4AAAAAkeXTN13ba0+RUJ0RMoUrZSdl6D4AAAAA/iD2N9Hqoky91aCWLa4K24iBuhUAAAAA4s8cOGPiBkyL56o7q/shl6X0AzoAAAAA+dWROYo4+U66ze68qlr3QBuaLhUAAAAAvhiqPhAUxkmxcB2Emh4UOOONrjEAAAAATOyRQqLcZUeAdq2QQPI15aJAajEAAAAA9TWWRYKA4EiFVf3Vp6sA/XE7lRMAAAAAoeGIRh54YUmQbmAKg/q/fM5+ekoAAAAASAHmSAkXLkuFYD9c50tKEgQ/5hQAAAAAFDQpTg8FPEK6RRekIjK5d+APCRYAAAAAMtRPT4Sa30qwPmK1w5g7U7CVhBkAAAAA8jCyUjypNkG9EemXPMx9gu+5+xQAAAAA9urdUsNk/kWIIACuk3N5vq1DIAcAAAAA5U+LVYg1Kkm/pFgbt8YySTKAgRkAAAAAbATeVRM34Uer4MheG/FsUf3Rvj8AAAAAaIynVjRuFkS7L5EuBeaJGXcPDksAAAAAn7doW+H7x0eNMH8j+wlIrbmslxcAAAAAbmLzX3RkLU+ajZt+szk0ZmCO0QMAAAAAWnhbYcpZjUSh9lB0FEWhW7aMuz4AAAAAxbKMYmsKAEWJOIA7oWJgt+fR/zkAAAAAwAe/aGkBwUilUFGGmYGJYC1OEkIAAAAAM8Tyaq2h2kmRTR3fPzAEumHfvEoAAAAANUena33YG0+vjPOUCweJmG/PJD0AAAAAv0CYbf1N/0q5EvkwybEYNzFNOgcAAAAAzzqbcSQprEOngvADsRog3kaLuRUAAAAAhqwyc23fAUu0t1eotUM6H1U6bBQAAAAAaPEVdNc+hkmq4A8Wuwpr3xaPeUoAAAAAFoREeb2XVEu2/VZgsVsIaavEohkAAAAArcVNeTGL40iGnanrNccmZS8F6xQAAAAAtYuPfIuj8EOTtgOd+gjjPfRy/hUAAAAAoVLpfe6mWk6WNvsgq5gOcaQXcEoAAAAAn4jdgA1yy0yjQG4mUk8Q/qUS4UEAAAAAuNuQgm/1/E6bmlzqyQqYrlyB8BQAAAAApWGig/thk0qR32PHYvqv6A8AvRUAAAAARUzog6hSBE2TC+1+QT3j4f4RERUAAAAAC0p6hVM+cEi2tsBqXu/m3E+ryxUAAAAAAq7gi/EU802Nu7RfhmUJbTwtlTEAAAAAmWoCjAHj5EK/wKbOPG2cWYMKtT8AAAAAQorJjG4X6EeEJ7j3SFFUMYiI4xQAAAAAeaqbjcMZSUyuY8FA3j0ipkZjTxUAAAAAnj1jjsR4GU2HcOclJvxhbuNhB0sAAAAAdm/7j/2ankeC1mrvE7s+5v9YHAcAAAAAOdEqlINvTUq0iIHWgF3ePQZWjT8AAAAAekY7l5ZEaUuarJXMggcW5/uBs0oAAAAAPmVDmG4sKkmnBKHS31pQsWPNvhUAAAAARwdomPtMX02Es21Gv14PQRtewjkAAAAAxbLKmKjJxEu1FlSttwZ1wh76EDoAAAAADlT4mZ0hTEKV2OdWEygHQNaN1BMAAAAAhf5km0RrZEqNBlRBYqTVE3NKuxMAAAAAwSTinso1IESgWWQdPDgB8OR3MRUAAAAAKjIKpHUmhE+T5DeBGzxdEUwQGBYAAAAAgDE8ptgLEEqkzhusys5CHayIRkIAAAAAkpLzpkIolkeXltpai1x8rRbG5z4AAAAAlxe9p+pOVEWAGae8uyZ37yw3vhUAAAAANsLUpxBg80WsGOh5w1RTWpqLekoAAAAA3dYfqqKhj0CRxiNgF2xLY9TEKwcAAAAALQqaq3SumkW4JWSrjYUR9XMRUxUAAAAAEru5rXl3n0KeFVWPuCSnXjY6KhQAAAAAb+1RsOi71U6C6RO40mo0IReDdRkAAAAABWglsan8nkeDUI9UphOHrAukF0sAAAAAJEO8sVPzDU6XHIL/qRM63YrCnRQAAAAA18DRskNUrkaKIk2gYpjcuo5Cr0oAAAAAx1J6te50KkS1oUGA4uwXRIaiSEoAAAAAwK8Ot6VQyUG5p9Ynyauwdqbu1z0AAAAAd0oit11CCEGRFZnmk/c8rNYpHEoAAAAAi9iSt1quE06mtHbbNd+zCacNAEIAAAAArkyHucOU/0++p8XJrFdFkLnGzxMAAAAAg7uduVRb/UO5Osj/72rJ3nkzbjkAAAAAXbI5vF9jNk6GqYEDP6Orl2Kb6hMAAAAAGvPrv1fjfECLtlE1M3TfVq0Cg0IAAAAAl+fPwKgiJUiMX3a6TmnlP8XUAzoAAAAA3fSpwq3Gq0Wi4DrMNbj/v1abEhYAAAAAnaqRxH5Tx0aq8aXVZGzMEkwgJBUAAAAAR0GpxmAy8UONsBa1rKg6Y5azHRUAAAAAXssOywbjvkuz22OwTGdJEJwsBxYAAAAAbLIVzjifd0ix1ebVQSTHMvx3kxkAAAAAW1alz0W/w0a2nUEacn60wLm4YEIAAAAAQfee0SOynk2fiWfGaV2kAzwOnzkAAAAAt0FC0z3LE0yQXbKbUyzOirAUzRUAA
<14>Jun 15 01:59:50 OST-DC01.onesystems.local MSWinEventLog	1	Application	1864028	Mon Jun 15 01:59:50 2026	134	Directory Synchronization	N/A	N/A	Information	OST-DC01.onesystems.local	N/A		No more changes to import.  Committing Watermark: Hash: Z7WeZ4qFz7bsGqDAFhygf74EPq33pbwUEX9AXJxfFT8= Raw: [fQwAAAAAAAADAAAAM8Tyaq2h2kmRTR3fPzAEugYAAACfUr5KAAAAAEAMAAABAAAAAAAAAIIAAAAAAAAAPwgmAA38J063ZOixgYBaSGWHAhYAAAAAHewhAnP8ak6HOrjB0D1Ayd5rgEoAAAAAdUG8Amjbz0az57qj3E3oH8SvxAMAAAAA0FEkA0HFNEGCVPMfilqG++WPv0oAAAAA8yjyDMYJfUCx3TcnHEC7v6tYjBkAAAAAzVAsDYK6JEe/aLygXAp0/CS7UhUAAAAAsH3qDZGu8k+hDSssYC+P2KyHfUoAAAAAiSHADxg4eUOXGmLfq6uQutbbJUsAAAAAfBevEJjsAUatn7bJOVpRlaDVlRUAAAAACrA7ESas7U+K+oGzV45DT3Kay0kAAAAAPgvRE5z770Oph9qxI3GIqp6cUkIAAAAAwsDQFO6M0UewTSgP6bfdq7855zEAAAAAEFkJF0ZQukeN3Kb0oeDNRYae/koAAAAAb78aGJHrOUeewNZqfHmlyRIS5T4AAAAA++AiGEumpEe8yT5Ka1G1yqRKrkoAAAAAVOUKGwcGzk6rGBzM24WtIkvt0TEAAAAAGO8UHAOaaEm/bpv6szp1lVoVpUoAAAAARL8GIWleK0mgOA5nFBnDQNDSnzEAAAAA038GJDcaPEeDdN6WKP61qTGFxkkAAAAAkUWSJu7iNkaGIr1aKI0MbXdcUBUAAAAAfM+yKABoh06RCLR9gj7NlbM17zEAAAAAfA3kKDMwxkq62ldIkWBKfYXunhkAAAAAqtSzKR8dJkmzdsamL5p0m7OSzzkAAAAAm/rXK2fxBUW3U7x8eHKYmnlm4hUAAAAAJc0xLTbL4Uubd5KB9SgqepPgeBkAAAAAgatUMT9HD06P0pvoclUrM41eZzEAAAAAHFspNPNo2Eyr4c4BHHF4JbCnLj4AAAAAkeXTN13ba0+RUJ0RMoUrZSdl6D4AAAAA/iD2N9Hqoky91aCWLa4K24iBuhUAAAAA4s8cOGPiBkyL56o7q/shl6X0AzoAAAAA+dWROYo4+U66ze68qlr3QBuaLhUAAAAAvhiqPhAUxkmxcB2Emh4UOOONrjEAAAAATOyRQqLcZUeAdq2QQPI15aJAajEAAAAA9TWWRYKA4EiFVf3Vp6sA/XE7lRMAAAAAoeGIRh54YUmQbmAKg/q/fOb3e0oAAAAASAHmSAkXLkuFYD9c50tKEgQ/5hQAAAAAFDQpTg8FPEK6RRekIjK5d+APCRYAAAAAMtRPT4Sa30qwPmK1w5g7U7CVhBkAAAAA8jCyUjypNkG9EemXPMx9gu+5+xQAAAAA9urdUsNk/kWIIACuk3N5vq1DIAcAAAAA5U+LVYg1Kkm/pFgbt8YySTKAgRkAAAAAbATeVRM34Uer4MheG/FsUf3Rvj8AAAAAaIynVjRuFkS7L5EuBeaJGVKOD0sAAAAAn7doW+H7x0eNMH8j+wlIrbmslxcAAAAAbmLzX3RkLU+ajZt+szk0ZmCO0QMAAAAAWnhbYcpZjUSh9lB0FEWhW7aMuz4AAAAAxbKMYmsKAEWJOIA7oWJgt+fR/zkAAAAAwAe/aGkBwUilUFGGmYGJYC1OEkIAAAAAM8Tyaq2h2kmRTR3fPzAEup9SvkoAAAAANUena33YG0+vjPOUCweJmG/PJD0AAAAAv0CYbf1N/0q5EvkwybEYNzFNOgcAAAAAzzqbcSQprEOngvADsRog3kaLuRUAAAAAhqwyc23fAUu0t1eotUM6H1U6bBQAAAAAaPEVdNc+hkmq4A8Wuwpr33gVe0oAAAAAFoREeb2XVEu2/VZgsVsIaavEohkAAAAArcVNeTGL40iGnanrNccmZS8F6xQAAAAAtYuPfIuj8EOTtgOd+gjjPfRy/hUAAAAAoVLpfe6mWk6WNvsgq5gOcVOScUoAAAAAn4jdgA1yy0yjQG4mUk8Q/qUS4UEAAAAAuNuQgm/1/E6bmlzqyQqYrlyB8BQAAAAApWGig/thk0qR32PHYvqv6A8AvRUAAAAARUzog6hSBE2TC+1+QT3j4f4RERUAAAAAC0p6hVM+cEi2tsBqXu/m3E+ryxUAAAAAAq7gi/EU802Nu7RfhmUJbTwtlTEAAAAAmWoCjAHj5EK/wKbOPG2cWYMKtT8AAAAAQorJjG4X6EeEJ7j3SFFUMYiI4xQAAAAAeaqbjcMZSUyuY8FA3j0ipkZjTxUAAAAAnj1jjsR4GU2HcOclJvxhbgriCEsAAAAAdm/7j/2ankeC1mrvE7s+5v9YHAcAAAAAOdEqlINvTUq0iIHWgF3ePQZWjT8AAAAAekY7l5ZEaUuarJXMggcW5+PytEoAAAAAPmVDmG4sKkmnBKHS31pQsWPNvhUAAAAARwdomPtMX02Es21Gv14PQRtewjkAAAAAxbLKmKjJxEu1FlSttwZ1wh76EDoAAAAADlT4mZ0hTEKV2OdWEygHQNaN1BMAAAAAhf5km0RrZEqNBlRBYqTVE3NKuxMAAAAAwSTinso1IESgWWQdPDgB8OR3MRUAAAAAKjIKpHUmhE+T5DeBGzxdEUwQGBYAAAAAgDE8ptgLEEqkzhusys5CHayIRkIAAAAAkpLzpkIolkeXltpai1x8rRbG5z4AAAAAlxe9p+pOVEWAGae8uyZ37yw3vhUAAAAANsLUpxBg80WsGOh5w1RTWhMOfEoAAAAA3dYfqqKhj0CRxiNgF2xLY9TEKwcAAAAALQqaq3SumkW4JWSrjYUR9XMRUxUAAAAAEru5rXl3n0KeFVWPuCSnXjY6KhQAAAAAb+1RsOi71U6C6RO40mo0IReDdRkAAAAABWglsan8nkeDUI9UphOHrHonGUsAAAAAJEO8sVPzDU6XHIL/qRM63YrCnRQAAAAA18DRskNUrkaKIk2gYpjcutbAsEoAAAAAx1J6te50KkS1oUGA4uwXRJscSkoAAAAAwK8Ot6VQyUG5p9Ynyauwdqbu1z0AAAAAd0oit11CCEGRFZnmk/c8rCWkHUoAAAAAi9iSt1quE06mtHbbNd+zCacNAEIAAAAArkyHucOU/0++p8XJrFdFkLnGzxMAAAAAg7uduVRb/UO5Osj/72rJ3nkzbjkAAAAAXbI5vF9jNk6GqYEDP6Orl2Kb6hMAAAAAGvPrv1fjfECLtlE1M3TfVq0Cg0IAAAAAl+fPwKgiJUiMX3a6TmnlP8XUAzoAAAAA3fSpwq3Gq0Wi4DrMNbj/v1abEhYAAAAAnaqRxH5Tx0aq8aXVZGzMEkwgJBUAAAAAR0GpxmAy8UONsBa1rKg6Y5azHRUAAAAAXssOywbjvkuz22OwTGdJEJwsBxYAAAAAbLIVzjifd0ix1ebVQSTHMvx3kxkAAAAAW1alz0W/w0a2nUEacn60wLm4YEIAAAAAQfee0SOynk2fiWfGaV2kAzwOnzkAAAAAt0FC0z3LE0yQXbKbUyzOirAUzRUAAAAAEaqd09/JbU2jVgEbz0UzTIfNtxUAAAAAJPb+09kJ3km8n0d0uCsH/qUt+hQAAAAA3s1K1a9Mk0m6GHUgukAD4RzV8EoAAAAAsUvu1824mEm53MCecrlOmxSjaEoAAAAALTd52gIThE6nN2sLBo4HwjnD2RUAAAAAMwhJ25g7TEiXXXzHrGSkJDYA8RQAAAAALm3G3hHlg0SH1C9fk9pIfTfEyQMAAAAAHow933uixEqu1Qn0IhRgjcFc1j0AAAAAxRkS4qGJr0mkNzuLU5WEMku5BxYAAAAA+Jti5VHXzUKpiVpc3MLpUSCE7EkAAAAA18FP6olyFEeH5//2p2g+MOLFnEkAAAAAasRT6qa2O0G/OxvHKO2VWgeP4hQAAAAAQYC77YNIvkaUYwRrNKUfSw2wDRUAAAAA2jZi7shkGEamzy3J4FY/9Hwi1gMAAAAA/OI675q+R0OpX4dtyfM+Zs1azEoAAAAA+8uG77chgkK4ey3ZWgDF6P0kDhUAAAAAvWUu8Ov6rUmrCtV6u9Ivr34VG0IAAAAAyo0s9MzZfEODvc17wplivTfqnj8AAAAAj/tg9aUlYEKT6ezVg+ro2hWbUxUAAAAA4AtE9oc0SE6lT+mgdT48S79t5BQAAAAAzhKy+AtlGUmBzdhJRG1chvl090oAAAAAknPV/Z8QH0SeQl1KGDzUaUvRoBUAAAAAc3vI/sTYS0KhV1gDV4IN9YuhwBMAAAAArHWp/6HElECFRVUBHVCWXD0GCEsAAAAAM8Tyaq2h2kmRTR3fPzAEugIAAAAAAAAAALC3MXkptQ1BuDWQCZQoiMvoAAAAAQAAAAMAAABQvP+6PsreSAMAAABQvP+6PsreSH0MAAADAAAAM8Tyaq2h2kmRTR3fPzAEugYAAACfUr5KAAAAAEAMAAABAAAAAAAAAIIAAAAAAAAAPwgmAA38J063ZOixgYBaSGWHAhYAAAAAHewhAnP8ak6HOrjB0D1Ayd5rgEoAAAAAdUG8Amjbz0az57qj3E3oH8SvxAMAAAAA0FEkA0HFNEGCVPMfilqG++WPv0oAAAAA8yjyDMYJfUCx3TcnHEC7v6tYjBkAAAAAzVAsDYK6JEe/aLygXAp0/CS7UhUAAAAAsH3qDZGu8k+hDSssYC+P2KyHfUoAAAAAiSHADxg4eUOXGmLfq6uQutbbJUsAAAAAfBevEJjsAUatn7bJOVpRlaDVlRUAAAAACrA7ESas7U+K+oGzV45DT3Kay0kAAAAAPgvRE5z770Oph9qxI3GIqp6cUkIAAAAAwsDQFO6M0UewTSgP6bfdq7855zEAAAAAEFkJF0ZQukeN3Kb0oeDNRYae/koAAAAAb78aGJHrOUeewNZqfHmlyRIS5T4AAAAA++AiGEumpEe8yT5Ka1G1yqRKrkoAAAAAVOUKGwcGzk6rGBzM24WtIkvt0TEAAAAAGO8UHAOaaEm/bpv6szp1lVoVpUoAAAAARL8GIWleK0mgOA5nFBnDQNDSnzEAAAAA038GJDcaPEeDdN6WKP61qTGFxkkAAAAAkUWSJu7iNkaGIr1aKI0MbXdcUBUAAAAAfM+yKABoh06RCLR9gj7NlbM17zEAAAAAfA3kKDMwxkq62ldIkWBKfYXunhkAAAAAqtSzKR8dJkmzdsamL5p0m7OSzzkAAAAAm/rXK2fxBUW3U7x8eHKYmnlm4hUAAAAAJc0xLTbL4Uubd5KB9SgqepPgeBkAAAAAgatUMT9HD06P0pvoclUrM41eZzEAAAAAHFspNPNo2Eyr4c4BHHF4JbCnLj4AAAAAkeXTN13ba0+RUJ0RMoUrZSdl6D4AAAAA/iD2N9Hqoky91aCWLa4K24iBuhUAAAAA4s8cOGPiBkyL56o7q/shl6X0AzoAAAAA+dWROYo4+U66ze68qlr3QBuaLhUAAAAAvhiqPhAUxkmxcB2Emh4UOOONrjEAAAAATOyRQqLcZUeAdq2QQPI15aJAajEAAAAA9TWWRYKA4EiFVf3Vp6sA/XE7lRMAAAAAoeGIRh54YUmQbmAKg/q/fOb3e0oAAAAASAHmSAkXLkuFYD9c50tKEgQ/5hQAAAAAFDQpTg8FPEK6RRekIjK5d+APCRYAAAAAMtRPT4Sa30qwPmK1w5g7U7CVhBkAAAAA8jCyUjypNkG9EemXPMx9gu+5+xQAAAAA9urdUsNk/kWIIACuk3N5vq1DIAcAAAAA5U+LVYg1Kkm/pFgbt8YySTKAgRkAAAAAbATeVRM34Uer4MheG/FsUf3Rvj8AAAAAaIynVjRuFkS7L5EuBeaJGVKOD0sAAAAAn7doW+H7x0eNMH8j+wlIrbmslxcAAAAAbmLzX3RkLU+ajZt+szk0ZmCO0QMAAAAAWnhbYcpZjUSh9lB0FEWhW7aMuz4AAAAAxbKMYmsKAEWJOIA7oWJgt+fR/zkAAAAAwAe/aGkBwUilUFGGmYGJYC1OEkIAAAAAM8Tyaq2h2kmRTR3fPzAEup9SvkoAAAAANUena33YG0+vjPOUCweJmG/PJD0AAAAAv0CYbf1N/0q5EvkwybEYNzFNOgcAAAAAzzqbcSQprEOngvADsRog3kaLuRUAAAAAhqwyc23fAUu0t1eotUM6H1U6bBQAAAAAaPEVdNc+hkmq4A8Wuwpr33gVe0oAAAAAFoREeb2XVEu2/VZgsVsIaavEohkAAAAArcVNeTGL40iGnanrNccmZS8F6xQAAAAAtYuPfIuj8EOTtgOd+gjjPfRy/hUAAAAAoVLpfe6mWk6WNvsgq5gOcVOScUoAAAAAn4jdgA1yy0yjQG4mUk8Q/qUS4UEAAAAAuNuQgm/1/E6bmlzqyQqYrlyB8BQAAAAApWGig/thk0qR32PHYvqv6A8AvRUAAAAARUzog6hSBE2TC+1+QT3j4f4RERUAAAAAC0p6hVM+cEi2tsBqXu/m3E+ryxUAAAAAAq7gi/EU802Nu7RfhmUJbTwtlTEAAAAAmWoCjAHj5EK/wKbOPG2cWYMKtT8AAAAAQorJjG4X6EeEJ7j3SFFUMYiI4xQAAAAAeaqbjcMZSUyuY8FA3j0ipkZjTxUAAAAAnj1jjsR4GU2HcOclJvxhbgriCEsAAAAAdm/7j/2ankeC1mrvE7s+5v9YHAcAAAAAOdEqlINvTUq0iIHWgF3ePQZWjT8AAAAAekY7l5ZEaUuarJXMggcW5+PytEoAAAAAPmVDmG4sKkmnBKHS31pQsWPNvhUAAAAARwdomPtMX02Es21Gv14PQRtewjkAAAAAxbLKmKjJxEu1FlSttwZ1wh76EDoAAAAADlT4mZ0hTEKV2OdWEygHQNaN1BMAAAAAhf5km0RrZEqNBlRBYqTVE3NKuxMAAAAAwSTinso1IESgWWQdPDgB8OR3MRUAAAAAKjIKpHUmhE+T5DeBGzxdEUwQGBYAAAAAgDE8ptgLEEqkzhusys5CHayIRkIAAAAAkpLzpkIolkeXltpai1x8rRbG5z4AAAAAlxe9p+pOVEWAGae8uyZ37yw3vhUAAAAANsLUpxBg80WsGOh5w1RTWhMOfEoAAAAA3dYfqqKhj0CRxiNgF2xLY9TEKwcAAAAALQqaq3SumkW4JWSrjYUR9XMRUxUAAAAAEru5rXl3n0KeFVWPuCSnXjY6KhQAAAAAb+1RsOi71U6C6RO40mo0IReDdRkAAAAABWglsan8nkeDUI9UphOHrHonGUsAAAAAJEO8sVPzDU6XHIL/qRM63YrCnRQAAAAA18DRskNUrkaKIk2gYpjcutbAsEoAAAAAx1J6te50KkS1oUGA4uwXRJscSkoAAAAAwK8Ot6VQyUG5p9Ynyauwdqbu1z0AAAAAd0oit11CCEGRFZnmk/c8rCWkHUoAAAAAi9iSt1quE06mtHbbNd+zCacNAEIAAAAArkyHucOU/0++p8XJrFdFkLnGzxMAAAAAg7uduVRb/UO5Osj/72rJ3nkzbjkAAAAAXbI5vF9jNk6GqYEDP6Orl2Kb6hMAAAAAGvPrv1fjfECLtlE1M3TfVq0Cg0IAAAAAl+fPwKgiJUiMX3a6TmnlP8XUAzoAAAAA3fSpwq3Gq0Wi4DrMNbj/v1abEhYAAAAAnaqRxH5Tx0aq8aXVZGzMEkwgJBUAAAAAR0GpxmAy8UONsBa1rKg6Y5azHRUAAAAAXssOywbjvkuz22OwTGdJEJwsBxYAAAAAbLIVzjifd0ix1ebVQSTHMvx3kxkAAAAAW1alz0W/w0a2nUEacn60wLm4YEIAAAAAQfee0SOynk2fiWfGaV2kAzwOnzkAAAAAt0FC0z3LE0yQXbKbUyzOirAUzRUAA
<14>Jun 15 04:00:19 OST-DC01.onesystems.local MSWinEventLog	1	Application	1867248	Mon Jun 15 04:00:19 2026	2001	ESENT	N/A	N/A	Information	OST-DC01.onesystems.local	ShadowCopy		certsrv (2560) Shadow copy instance 164 freeze started.	18952715
<14>Jun 15 04:00:19 OST-DC01.onesystems.local MSWinEventLog	1	Application	1867250	Mon Jun 15 04:00:19 2026	2001	ESENT	N/A	N/A	Information	OST-DC01.onesystems.local	ShadowCopy		certsrv.exe (2560) Shadow copy instance 164 freeze started.	18952717
<14>Jun 15 04:00:19 OST-DC01.onesystems.local MSWinEventLog	1	Application	1867249	Mon Jun 15 04:00:19 2026	2001	ESENT	N/A	N/A	Information	OST-DC01.onesystems.local	ShadowCopy		lsass (724) Shadow copy instance 164 freeze started.	18952716
<14>Jun 15 08:00:19 OST-DC01.onesystems.local MSWinEventLog	1	Application	1873867	Mon Jun 15 08:00:19 2026	2001	ESENT	N/A	N/A	Information	OST-DC01.onesystems.local	ShadowCopy		lsass (724) Shadow copy instance 165 freeze started.	18954126
<14>Jun 15 04:00:27 OST-DC01.onesystems.local MSWinEventLog	1	Application	1867253	Mon Jun 15 04:00:27 2026	2003	ESENT	N/A	N/A	Information	OST-DC01.onesystems.local	ShadowCopy		lsass (724) Shadow copy instance 164 freeze ended.	18952718
<14>Jun 15 04:00:27 OST-DC01.onesystems.local MSWinEventLog	1	Application	1867261	Mon Jun 15 04:00:27 2026	2003	ESENT	N/A	N/A	Information	OST-DC01.onesystems.local	ShadowCopy		certsrv (2560) Shadow copy instance 164 freeze ended.	18952723
<14>Jun 15 08:00:29 OST-DC01.onesystems.local MSWinEventLog	1	Application	1873883	Mon Jun 15 08:00:29 2026	2003	ESENT	N/A	N/A	Information	OST-DC01.onesystems.local	ShadowCopy		lsass (724) Shadow copy instance 165 freeze ended.	18954141
<14>Jun 15 08:00:29 OST-DC01.onesystems.local MSWinEventLog	1	Application	1873885	Mon Jun 15 08:00:29 2026	2003	ESENT	N/A	N/A	Information	OST-DC01.onesystems.local	ShadowCopy		certsrv (2560) Shadow copy instance 165 freeze ended.	18954143
{"integration": "aws", "aws": {"log_info": {"aws_account_alias": "", "log_file": "o-znle8owjz7/AWSLogs/o-znle8owjz7/041550429462/CloudTrail/ap-southeast-1/2026/06/14/041550429462_CloudTrail_ap-southeast-1_20260614T1845Z_lCTk7Aj28m2rlq5u.json.gz", "s3bucket": "aws-controltower-logs-051648402040-ap-southeast-1"}, "eventVersion": "1.09", "userIdentity": {"type": "AssumedRole", "principalId": "AROA1RWAXG7747OBZ6ACT:ConfigResourceCompositionSession", "arn": "arn:aws:sts::041550429462:assumed-role/AWSServiceRoleForConfig/ConfigResourceCompositionSession", "accountId": "041550429462", "accessKeyId": "ASIA31TZNT9JNSEUYTSF", "sessionContext": {"sessionIssuer": {"type": "Role", "principalId": "AROA1RWAXG7747OBZ6ACT", "arn": "arn:aws:iam::041550429462:role/aws-service-role/config.amazonaws.com/AWSServiceRoleForConfig", "accountId": "041550429462", "userName": "AWSServiceRoleForConfig"}, "attributes": {"creationDate": "2026-06-14T18:42:02Z", "mfaAuthenticated": "false"}}, "invokedBy": "config.amazonaws.com"}, "eventTime": "2026-06-14T18:42:03Z", "eventSource": "access-analyzer.amazonaws.com", "eventName": "ListAnalyzers", "awsRegion": "ap-southeast-1", "sourceIPAddress": "config.amazonaws.com", "userAgent": "config.amazonaws.com", "requestParameters": {"maxResults": "100"}, "requestID": "6a9b8259-a979-4336-a937-3ac2fff97746", "eventID": "e6c42ef7-8a13-43a1-abfb-ff7db8c4abaa", "readOnly": true, "eventType": "AwsApiCall", "managementEvent": true, "recipientAccountId": "041550429462", "eventCategory": "Management", "source": "cloudtrail", "aws_account_id": "041550429462"}}
{"integration": "aws", "aws": {"log_info": {"aws_account_alias": "", "log_file": "o-znle8owjz7/AWSLogs/o-znle8owjz7/041550429462/CloudTrail/ap-southeast-1/2026/06/14/041550429462_CloudTrail_ap-southeast-1_20260614T1845Z_lCTk7Aj28m2rlq5u.json.gz", "s3bucket": "aws-controltower-logs-051648402040-ap-southeast-1"}, "eventVersion": "1.09", "userIdentity": {"type": "AssumedRole", "principalId": "AROA1RWAXG7747OBZ6ACT:ConfigResourceCompositionSession", "arn": "arn:aws:sts::041550429462:assumed-role/AWSServiceRoleForConfig/ConfigResourceCompositionSession", "accountId": "041550429462", "accessKeyId": "ASIA31TZNT9JNSEUYTSF", "sessionContext": {"sessionIssuer": {"type": "Role", "principalId": "AROA1RWAXG7747OBZ6ACT", "arn": "arn:aws:iam::041550429462:role/aws-service-role/config.amazonaws.com/AWSServiceRoleForConfig", "accountId": "041550429462", "userName": "AWSServiceRoleForConfig"}, "attributes": {"creationDate": "2026-06-14T18:42:02Z", "mfaAuthenticated": "false"}}, "invokedBy": "config.amazonaws.com"}, "eventTime": "2026-06-14T18:42:03Z", "eventSource": "access-analyzer.amazonaws.com", "eventName": "ListAnalyzers", "awsRegion": "ap-southeast-1", "sourceIPAddress": "config.amazonaws.com", "userAgent": "config.amazonaws.com", "requestParameters": {"maxResults": "100"}, "requestID": "4507f921-4328-4b5a-80c6-f5b617671036", "eventID": "01552b16-e556-406e-bb4a-dedb97672cf9", "readOnly": true, "eventType": "AwsApiCall", "managementEvent": true, "recipientAccountId": "041550429462", "eventCategory": "Management", "source": "cloudtrail", "aws_account_id": "041550429462"}}
{"integration": "aws", "aws": {"log_info": {"aws_account_alias": "", "log_file": "AWSLogs/130759357100/CloudTrail/ap-southeast-1/2026/06/14/130759357100_CloudTrail_ap-southeast-1_20260614T2025Z_vJLlGm0VuAKFtUFy.json.gz", "s3bucket": "aws-cloudtrail-logs-130759357100-d914b305"}, "eventVersion": "1.09", "userIdentity": {"type": "AssumedRole", "principalId": "AROA3QUTU6VK2YP7IGNX9:ConfigResourceCompositionSession", "arn": "arn:aws:sts::130759357100:assumed-role/AWSServiceRoleForConfig/ConfigResourceCompositionSession", "accountId": "130759357100", "accessKeyId": "ASIACMVHXEXMSMUEXX9D", "sessionContext": {"sessionIssuer": {"type": "Role", "principalId": "AROA3QUTU6VK2YP7IGNX9", "arn": "arn:aws:iam::130759357100:role/aws-service-role/config.amazonaws.com/AWSServiceRoleForConfig", "accountId": "130759357100", "userName": "AWSServiceRoleForConfig"}, "attributes": {"creationDate": "2026-06-14T20:20:09Z", "mfaAuthenticated": "false"}}, "invokedBy": "config.amazonaws.com"}, "eventTime": "2026-06-14T20:20:09Z", "eventSource": "access-analyzer.amazonaws.com", "eventName": "ListAnalyzers", "awsRegion": "ap-southeast-1", "sourceIPAddress": "config.amazonaws.com", "userAgent": "config.amazonaws.com", "requestParameters": {"maxResults": "100"}, "requestID": "4f40ede8-6961-4f1e-9d31-cfc98cc5cabd", "eventID": "e670fb2f-5055-40da-9743-3f8e76b91ddb", "readOnly": true, "eventType": "AwsApiCall", "managementEvent": true, "recipientAccountId": "130759357100", "eventCategory": "Management", "source": "cloudtrail", "aws_account_id": "130759357100"}}
{"integration": "aws", "aws": {"log_info": {"aws_account_alias": "", "log_file": "AWSLogs/130759357100/CloudTrail/ap-southeast-1/2026/06/14/130759357100_CloudTrail_ap-southeast-1_20260614T2025Z_vJLlGm0VuAKFtUFy.json.gz", "s3bucket": "aws-cloudtrail-logs-130759357100-d914b305"}, "eventVersion": "1.09", "userIdentity": {"type": "AssumedRole", "principalId": "AROA3QUTU6VK2YP7IGNX9:ConfigResourceCompositionSession", "arn": "arn:aws:sts::130759357100:assumed-role/AWSServiceRoleForConfig/ConfigResourceCompositionSession", "accountId": "130759357100", "accessKeyId": "ASIACMVHXEXMSMUEXX9D", "sessionContext": {"sessionIssuer": {"type": "Role", "principalId": "AROA3QUTU6VK2YP7IGNX9", "arn": "arn:aws:iam::130759357100:role/aws-service-role/config.amazonaws.com/AWSServiceRoleForConfig", "accountId": "130759357100", "userName": "AWSServiceRoleForConfig"}, "attributes": {"creationDate": "2026-06-14T20:20:09Z", "mfaAuthenticated": "false"}}, "invokedBy": "config.amazonaws.com"}, "eventTime": "2026-06-14T20:20:09Z", "eventSource": "access-analyzer.amazonaws.com", "eventName": "ListAnalyzers", "awsRegion": "ap-southeast-1", "sourceIPAddress": "config.amazonaws.com", "userAgent": "config.amazonaws.com", "requestParameters": {"maxResults": "100"}, "requestID": "86d8c7e8-70f3-4eb1-abc1-379d12ee73ef", "eventID": "72246a3f-3753-430f-b7a6-4c538bf8ffd2", "readOnly": true, "eventType": "AwsApiCall", "managementEvent": true, "recipientAccountId": "130759357100", "eventCategory": "Management", "source": "cloudtrail", "aws_account_id": "130759357100"}}
{"integration": "aws", "aws": {"log_info": {"aws_account_alias": "", "log_file": "AWSLogs/130759357100/CloudTrail/ap-southeast-1/2026/06/14/130759357100_CloudTrail_ap-southeast-1_20260614T2025Z_vJLlGm0VuAKFtUFy.json.gz", "s3bucket": "aws-cloudtrail-logs-130759357100-d914b305"}, "eventVersion": "1.11", "userIdentity": {"type": "AssumedRole", "principalId": "AROA3QUTU6VK2YP7IGNX9:ConfigResourceCompositionSession", "arn": "arn:aws:sts::130759357100:assumed-role/AWSServiceRoleForConfig/ConfigResourceCompositionSession", "accountId": "130759357100", "accessKeyId": "ASIAHMO78EJ2CQJWNOCY", "sessionContext": {"sessionIssuer": {"type": "Role", "principalId": "AROA3QUTU6VK2YP7IGNX9", "arn": "arn:aws:iam::130759357100:role/aws-service-role/config.amazonaws.com/AWSServiceRoleForConfig", "accountId": "130759357100", "userName": "AWSServiceRoleForConfig"}, "attributes": {"creationDate": "2026-06-14T20:20:09Z", "mfaAuthenticated": "false"}}, "invokedBy": "config.amazonaws.com"}, "eventTime": "2026-06-14T20:20:09Z", "eventSource": "acm-pca.amazonaws.com", "eventName": "ListCertificateAuthorities", "awsRegion": "ap-southeast-1", "sourceIPAddress": "config.amazonaws.com", "userAgent": "config.amazonaws.com", "requestParameters": {"maxResults": 1000, "resourceOwner": "SELF"}, "requestID": "d0b05b69-500b-4b91-b2e6-f6d0b96eccc9", "eventID": "fcd8514c-b233-4c76-88bb-a92b5f3e64a8", "readOnly": true, "eventType": "AwsApiCall", "managementEvent": true, "recipientAccountId": "130759357100", "eventCategory": "Management", "source": "cloudtrail", "aws_account_id": "130759357100"}}
{"integration": "aws", "aws": {"log_info": {"aws_account_alias": "", "log_file": "o-znle8owjz7/AWSLogs/o-znle8owjz7/051648402040/CloudTrail/ap-southeast-1/2026/06/14/051648402040_CloudTrail_ap-southeast-1_20260614T2105Z_BlYAd3ra8VhnSA0I.json.gz", "s3bucket": "aws-controltower-logs-051648402040-ap-southeast-1"}, "eventVersion": "1.11", "userIdentity": {"type": "AssumedRole", "principalId": "AROAHBEY51N7I8WO0LBKB:ConfigResourceCompositionSession", "arn": "arn:aws:sts::051648402040:assumed-role/AWSServiceRoleForConfig/ConfigResourceCompositionSession", "accountId": "051648402040", "accessKeyId": "ASIAMHBDWQGO2VJDMIRX", "sessionContext": {"sessionIssuer": {"type": "Role", "principalId": "AROAHBEY51N7I8WO0LBKB", "arn": "arn:aws:iam::051648402040:role/aws-service-role/config.amazonaws.com/AWSServiceRoleForConfig", "accountId": "051648402040", "userName": "AWSServiceRoleForConfig"}, "attributes": {"creationDate": "2026-06-14T21:00:45Z", "mfaAuthenticated": "false"}}, "invokedBy": "config.amazonaws.com"}, "eventTime": "2026-06-14T21:00:45Z", "eventSource": "acm-pca.amazonaws.com", "eventName": "ListCertificateAuthorities", "awsRegion": "ap-southeast-1", "sourceIPAddress": "config.amazonaws.com", "userAgent": "config.amazonaws.com", "requestParameters": {"maxResults": 1000, "resourceOwner": "SELF"}, "requestID": "352e0756-0840-4a6c-9685-37a65c0ca2cb", "eventID": "fc93d434-608b-4e56-80d5-bb2f009a0059", "readOnly": true, "eventType": "AwsApiCall", "managementEvent": true, "recipientAccountId": "051648402040", "eventCategory": "Management", "source": "cloudtrail", "aws_account_id": "051648402040"}}
{"integration": "aws", "aws": {"log_info": {"aws_account_alias": "", "log_file": "AWSLogs/130759357100/CloudTrail/ap-southeast-1/2026/06/14/130759357100_CloudTrail_ap-southeast-1_20260614T2225Z_iOxikCiREosDNDV4.json.gz", "s3bucket": "aws-cloudtrail-logs-130759357100-d914b305"}, "eventVersion": "1.11", "userIdentity": {"type": "AssumedRole", "principalId": "AROA3QUTU6VK2YP7IGNX9:ConfigResourceCompositionSession", "arn": "arn:aws:sts::130759357100:assumed-role/AWSServiceRoleForConfig/ConfigResourceCompositionSession", "accountId": "130759357100", "accessKeyId": "ASIAS4MMXG6AMKAS2OEL", "sessionContext": {"sessionIssuer": {"type": "Role", "principalId": "AROA3QUTU6VK2YP7IGNX9", "arn": "arn:aws:iam::130759357100:role/aws-service-role/config.amazonaws.com/AWSServiceRoleForConfig", "accountId": "130759357100", "userName": "AWSServiceRoleForConfig"}, "attributes": {"creationDate": "2026-06-14T22:20:09Z", "mfaAuthenticated": "false"}}, "invokedBy": "config.amazonaws.com"}, "eventTime": "2026-06-14T22:20:09Z", "eventSource": "acm-pca.amazonaws.com", "eventName": "ListCertificateAuthorities", "awsRegion": "ap-southeast-1", "sourceIPAddress": "config.amazonaws.com", "userAgent": "config.amazonaws.com", "requestParameters": {"maxResults": 1000, "resourceOwner": "SELF"}, "requestID": "f85cf1ac-d1d2-4180-924f-45c81a91ed4d", "eventID": "99d140aa-e35e-4e22-9717-7cd406f63c51", "readOnly": true, "eventType": "AwsApiCall", "managementEvent": true, "recipientAccountId": "130759357100", "eventCategory": "Management", "source": "cloudtrail", "aws_account_id": "130759357100"}}
{"integration": "aws", "aws": {"log_info": {"aws_account_alias": "", "log_file": "o-znle8owjz7/AWSLogs/o-znle8owjz7/041550429462/CloudTrail/ap-southeast-1/2026/06/14/041550429462_CloudTrail_ap-southeast-1_20260614T2345Z_0dRWS5l7WllrTG5c.json.gz", "s3bucket": "aws-controltower-logs-051648402040-ap-southeast-1"}, "eventVersion": "1.11", "userIdentity": {"type": "AssumedRole", "principalId": "AROA1RWAXG7747OBZ6ACT:ConfigResourceCompositionSession", "arn": "arn:aws:sts::041550429462:assumed-role/AWSServiceRoleForConfig/ConfigResourceCompositionSession", "accountId": "041550429462", "accessKeyId": "ASIA0UBSP4I0GFMNA8F1", "sessionContext": {"sessionIssuer": {"type": "Role", "principalId": "AROA1RWAXG7747OBZ6ACT", "arn": "arn:aws:iam::041550429462:role/aws-service-role/config.amazonaws.com/AWSServiceRoleForConfig", "accountId": "041550429462", "userName": "AWSServiceRoleForConfig"}, "attributes": {"creationDate": "2026-06-14T23:42:03Z", "mfaAuthenticated": "false"}}, "invokedBy": "config.amazonaws.com"}, "eventTime": "2026-06-14T23:42:03Z", "eventSource": "acm-pca.amazonaws.com", "eventName": "ListCertificateAuthorities", "awsRegion": "ap-southeast-1", "sourceIPAddress": "config.amazonaws.com", "userAgent": "config.amazonaws.com", "requestParameters": {"maxResults": 1000, "resourceOwner": "SELF"}, "requestID": "67cf4763-93b8-4e16-af72-591dfa792532", "eventID": "a17b1568-b5f4-45c6-9a25-94743681eda1", "readOnly": true, "eventType": "AwsApiCall", "managementEvent": true, "recipientAccountId": "041550429462", "eventCategory": "Management", "source": "cloudtrail", "aws_account_id": "041550429462"}}
{"integration": "aws", "aws": {"log_info": {"aws_account_alias": "", "log_file": "AWSLogs/130759357100/CloudTrail/ap-southeast-1/2026/06/15/130759357100_CloudTrail_ap-southeast-1_20260615T0125Z_yyntQx8fvNWRe5Bs.json.gz", "s3bucket": "aws-cloudtrail-logs-130759357100-d914b305"}, "eventVersion": "1.11", "userIdentity": {"type": "AssumedRole", "principalId": "AROA3QUTU6VK2YP7IGNX9:AWSConfig-Describe", "arn": "arn:aws:sts::130759357100:assumed-role/AWSServiceRoleForConfig/AWSConfig-Describe", "accountId": "130759357100", "accessKeyId": "ASIAL7HVJWK1L9J0LD3B", "sessionContext": {"sessionIssuer": {"type": "Role", "principalId": "AROA3QUTU6VK2YP7IGNX9", "arn": "arn:aws:iam::130759357100:role/aws-service-role/config.amazonaws.com/AWSServiceRoleForConfig", "accountId": "130759357100", "userName": "AWSServiceRoleForConfig"}, "attributes": {"creationDate": "2026-06-15T01:20:09Z", "mfaAuthenticated": "false"}}, "invokedBy": "config.amazonaws.com"}, "eventTime": "2026-06-15T01:20:09Z", "eventSource": "acm.amazonaws.com", "eventName": "DescribeCertificate", "awsRegion": "ap-southeast-1", "sourceIPAddress": "config.amazonaws.com", "userAgent": "config.amazonaws.com", "requestParameters": {"certificateArn": "arn:aws:acm:ap-southeast-1:130759357100:certificate/a12f691c-27af-4a9e-b984-d138a9cdaf35"}, "requestID": "18975b5d-20ea-49a2-8a01-095676c761bd", "eventID": "335a2cd4-fc35-49cb-ac6f-beb86dd6b51d", "readOnly": true, "eventType": "AwsApiCall", "managementEvent": true, "recipientAccountId": "130759357100", "eventCategory": "Management", "source": "cloudtrail", "aws_account_id": "130759357100"}}
{"integration": "aws", "aws": {"log_info": {"aws_account_alias": "", "log_file": "AWSLogs/130759357100/CloudTrail/ap-southeast-1/2026/06/15/130759357100_CloudTrail_ap-southeast-1_20260615T0125Z_yyntQx8fvNWRe5Bs.json.gz", "s3bucket": "aws-cloudtrail-logs-130759357100-d914b305"}, "eventVersion": "1.11", "userIdentity": {"type": "AssumedRole", "principalId": "AROA3QUTU6VK2YP7IGNX9:AWSConfig-Describe", "arn": "arn:aws:sts::130759357100:assumed-role/AWSServiceRoleForConfig/AWSConfig-Describe", "accountId": "130759357100", "accessKeyId": "ASIAL7HVJWK1L9J0LD3B", "sessionContext": {"sessionIssuer": {"type": "Role", "principalId": "AROA3QUTU6VK2YP7IGNX9", "arn": "arn:aws:iam::130759357100:role/aws-service-role/config.amazonaws.com/AWSServiceRoleForConfig", "accountId": "130759357100", "userName": "AWSServiceRoleForConfig"}, "attributes": {"creationDate": "2026-06-15T01:20:09Z", "mfaAuthenticated": "false"}}, "invokedBy": "config.amazonaws.com"}, "eventTime": "2026-06-15T01:20:09Z", "eventSource": "acm.amazonaws.com", "eventName": "DescribeCertificate", "awsRegion": "ap-southeast-1", "sourceIPAddress": "config.amazonaws.com", "userAgent": "config.amazonaws.com", "requestParameters": {"certificateArn": "arn:aws:acm:ap-southeast-1:130759357100:certificate/c690d1a3-5662-44d5-b872-0a75a3e1ba2f"}, "requestID": "49359cd6-405b-46e9-b55a-21e5d58cb4ac", "eventID": "f26a287e-0cb0-4662-8c17-e52047f705d3", "readOnly": true, "eventType": "AwsApiCall", "managementEvent": true, "recipientAccountId": "130759357100", "eventCategory": "Management", "source": "cloudtrail", "aws_account_id": "130759357100"}}
{"integration": "aws", "aws": {"log_info": {"aws_account_alias": "", "log_file": "AWSLogs/130759357100/CloudTrail/ap-southeast-1/2026/06/15/130759357100_CloudTrail_ap-southeast-1_20260615T0125Z_yyntQx8fvNWRe5Bs.json.gz", "s3bucket": "aws-cloudtrail-logs-130759357100-d914b305"}, "eventVersion": "1.11", "userIdentity": {"type": "AssumedRole", "principalId": "AROA3QUTU6VK2YP7IGNX9:AWSConfig-Describe", "arn": "arn:aws:sts::130759357100:assumed-role/AWSServiceRoleForConfig/AWSConfig-Describe", "accountId": "130759357100", "accessKeyId": "ASIAL7HVJWK1L9J0LD3B", "sessionContext": {"sessionIssuer": {"type": "Role", "principalId": "AROA3QUTU6VK2YP7IGNX9", "arn": "arn:aws:iam::130759357100:role/aws-service-role/config.amazonaws.com/AWSServiceRoleForConfig", "accountId": "130759357100", "userName": "AWSServiceRoleForConfig"}, "attributes": {"creationDate": "2026-06-15T01:20:09Z", "mfaAuthenticated": "false"}}, "invokedBy": "config.amazonaws.com"}, "eventTime": "2026-06-15T01:20:09Z", "eventSource": "acm.amazonaws.com", "eventName": "DescribeCertificate", "awsRegion": "ap-southeast-1", "sourceIPAddress": "config.amazonaws.com", "userAgent": "config.amazonaws.com", "requestParameters": {"certificateArn": "arn:aws:acm:ap-southeast-1:130759357100:certificate/5caed617-547b-448f-91b5-31a0e30654a2"}, "requestID": "aa5dc126-31e6-439c-8014-92e98c3ff044", "eventID": "e2be87a6-09b4-4563-81e8-bb70f83c2333", "readOnly": true, "eventType": "AwsApiCall", "managementEvent": true, "recipientAccountId": "130759357100", "eventCategory": "Management", "source": "cloudtrail", "aws_account_id": "130759357100"}}
{"integration": "aws", "aws": {"log_info": {"aws_account_alias": "", "log_file": "AWSLogs/130759357100/CloudTrail/ap-southeast-1/2026/06/15/130759357100_CloudTrail_ap-southeast-1_20260615T0125Z_yyntQx8fvNWRe5Bs.json.gz", "s3bucket": "aws-cloudtrail-logs-130759357100-d914b305"}, "eventVersion": "1.11", "userIdentity": {"type": "AssumedRole", "principalId": "AROA3QUTU6VK2YP7IGNX9:AWSConfig-Describe", "arn": "arn:aws:sts::130759357100:assumed-role/AWSServiceRoleForConfig/AWSConfig-Describe", "accountId": "130759357100", "accessKeyId": "ASIAL7HVJWK1L9J0LD3B", "sessionContext": {"sessionIssuer": {"type": "Role", "principalId": "AROA3QUTU6VK2YP7IGNX9", "arn": "arn:aws:iam::130759357100:role/aws-service-role/config.amazonaws.com/AWSServiceRoleForConfig", "accountId": "130759357100", "userName": "AWSServiceRoleForConfig"}, "attributes": {"creationDate": "2026-06-15T01:20:09Z", "mfaAuthenticated": "false"}}, "invokedBy": "config.amazonaws.com"}, "eventTime": "2026-06-15T01:20:09Z", "eventSource": "acm.amazonaws.com", "eventName": "DescribeCertificate", "awsRegion": "ap-southeast-1", "sourceIPAddress": "config.amazonaws.com", "userAgent": "config.amazonaws.com", "requestParameters": {"certificateArn": "arn:aws:acm:ap-southeast-1:130759357100:certificate/d27f92e1-4e25-4384-8e9e-8a2eecb46498"}, "requestID": "47f90c72-55fc-4b06-866b-4291f44360ca", "eventID": "6042beca-b26a-4ea1-882e-683556d517b5", "readOnly": true, "eventType": "AwsApiCall", "managementEvent": true, "recipientAccountId": "130759357100", "eventCategory": "Management", "source": "cloudtrail", "aws_account_id": "130759357100"}}
{"integration": "aws", "aws": {"log_info": {"aws_account_alias": "", "log_file": "AWSLogs/130759357100/CloudTrail/ap-southeast-1/2026/06/15/130759357100_CloudTrail_ap-southeast-1_20260615T0125Z_yyntQx8fvNWRe5Bs.json.gz", "s3bucket": "aws-cloudtrail-logs-130759357100-d914b305"}, "eventVersion": "1.11", "userIdentity": {"type": "AssumedRole", "principalId": "AROA3QUTU6VK2YP7IGNX9:AWSConfig-Describe", "arn": "arn:aws:sts::130759357100:assumed-role/AWSServiceRoleForConfig/AWSConfig-Describe", "accountId": "130759357100", "accessKeyId": "ASIAL7HVJWK1L9J0LD3B", "sessionContext": {"sessionIssuer": {"type": "Role", "principalId": "AROA3QUTU6VK2YP7IGNX9", "arn": "arn:aws:iam::130759357100:role/aws-service-role/config.amazonaws.com/AWSServiceRoleForConfig", "accountId": "130759357100", "userName": "AWSServiceRoleForConfig"}, "attributes": {"creationDate": "2026-06-15T01:20:09Z", "mfaAuthenticated": "false"}}, "invokedBy": "config.amazonaws.com"}, "eventTime": "2026-06-15T01:20:09Z", "eventSource": "acm.amazonaws.com", "eventName": "ListTagsForCertificate", "awsRegion": "ap-southeast-1", "sourceIPAddress": "config.amazonaws.com", "userAgent": "config.amazonaws.com", "requestParameters": {"certificateArn": "arn:aws:acm:ap-southeast-1:130759357100:certificate/a12f691c-27af-4a9e-b984-d138a9cdaf35"}, "requestID": "8d59f57e-af9e-465e-a17f-744de95b991e", "eventID": "bb3f5123-3023-402f-9818-40967af18d94", "readOnly": true, "eventType": "AwsApiCall", "managementEvent": true, "recipientAccountId": "130759357100", "eventCategory": "Management", "source": "cloudtrail", "aws_account_id": "130759357100"}}
{"integration": "aws", "aws": {"log_info": {"aws_account_alias": "", "log_file": "AWSLogs/130759357100/CloudTrail/ap-southeast-1/2026/06/15/130759357100_CloudTrail_ap-southeast-1_20260615T0125Z_yyntQx8fvNWRe5Bs.json.gz", "s3bucket": "aws-cloudtrail-logs-130759357100-d914b305"}, "eventVersion": "1.11", "userIdentity": {"type": "AssumedRole", "principalId": "AROA3QUTU6VK2YP7IGNX9:AWSConfig-Describe", "arn": "arn:aws:sts::130759357100:assumed-role/AWSServiceRoleForConfig/AWSConfig-Describe", "accountId": "130759357100", "accessKeyId": "ASIAL7HVJWK1L9J0LD3B", "sessionContext": {"sessionIssuer": {"type": "Role", "principalId": "AROA3QUTU6VK2YP7IGNX9", "arn": "arn:aws:iam::130759357100:role/aws-service-role/config.amazonaws.com/AWSServiceRoleForConfig", "accountId": "130759357100", "userName": "AWSServiceRoleForConfig"}, "attributes": {"creationDate": "2026-06-15T01:20:09Z", "mfaAuthenticated": "false"}}, "invokedBy": "config.amazonaws.com"}, "eventTime": "2026-06-15T01:20:09Z", "eventSource": "acm.amazonaws.com", "eventName": "ListTagsForCertificate", "awsRegion": "ap-southeast-1", "sourceIPAddress": "config.amazonaws.com", "userAgent": "config.amazonaws.com", "requestParameters": {"certificateArn": "arn:aws:acm:ap-southeast-1:130759357100:certificate/c690d1a3-5662-44d5-b872-0a75a3e1ba2f"}, "requestID": "431ad718-d881-423f-bfb1-5e2866a5b12a", "eventID": "d9911628-1855-48f2-936a-2bc5a0839d65", "readOnly": true, "eventType": "AwsApiCall", "managementEvent": true, "recipientAccountId": "130759357100", "eventCategory": "Management", "source": "cloudtrail", "aws_account_id": "130759357100"}}
{"integration": "aws", "aws": {"log_info": {"aws_account_alias": "", "log_file": "AWSLogs/130759357100/CloudTrail/ap-southeast-1/2026/06/15/130759357100_CloudTrail_ap-southeast-1_20260615T0125Z_yyntQx8fvNWRe5Bs.json.gz", "s3bucket": "aws-cloudtrail-logs-130759357100-d914b305"}, "eventVersion": "1.11", "userIdentity": {"type": "AssumedRole", "principalId": "AROA3QUTU6VK2YP7IGNX9:AWSConfig-Describe", "arn": "arn:aws:sts::130759357100:assumed-role/AWSServiceRoleForConfig/AWSConfig-Describe", "accountId": "130759357100", "accessKeyId": "ASIAL7HVJWK1L9J0LD3B", "sessionContext": {"sessionIssuer": {"type": "Role", "principalId": "AROA3QUTU6VK2YP7IGNX9", "arn": "arn:aws:iam::130759357100:role/aws-service-role/config.amazonaws.com/AWSServiceRoleForConfig", "accountId": "130759357100", "userName": "AWSServiceRoleForConfig"}, "attributes": {"creationDate": "2026-06-15T01:20:09Z", "mfaAuthenticated": "false"}}, "invokedBy": "config.amazonaws.com"}, "eventTime": "2026-06-15T01:20:09Z", "eventSource": "acm.amazonaws.com", "eventName": "ListTagsForCertificate", "awsRegion": "ap-southeast-1", "sourceIPAddress": "config.amazonaws.com", "userAgent": "config.amazonaws.com", "requestParameters": {"certificateArn": "arn:aws:acm:ap-southeast-1:130759357100:certificate/5caed617-547b-448f-91b5-31a0e30654a2"}, "requestID": "e977b3bc-b051-43b0-b3b5-1f9fb5107bfd", "eventID": "dd5d89ea-2466-48ef-9039-fccf44af1da5", "readOnly": true, "eventType": "AwsApiCall", "managementEvent": true, "recipientAccountId": "130759357100", "eventCategory": "Management", "source": "cloudtrail", "aws_account_id": "130759357100"}}
{"integration": "aws", "aws": {"log_info": {"aws_account_alias": "", "log_file": "AWSLogs/130759357100/CloudTrail/ap-southeast-1/2026/06/15/130759357100_CloudTrail_ap-southeast-1_20260615T0125Z_yyntQx8fvNWRe5Bs.json.gz", "s3bucket": "aws-cloudtrail-logs-130759357100-d914b305"}, "eventVersion": "1.11", "userIdentity": {"type": "AssumedRole", "principalId": "AROA3QUTU6VK2YP7IGNX9:AWSConfig-Describe", "arn": "arn:aws:sts::130759357100:assumed-role/AWSServiceRoleForConfig/AWSConfig-Describe", "accountId": "130759357100", "accessKeyId": "ASIAL7HVJWK1L9J0LD3B", "sessionContext": {"sessionIssuer": {"type": "Role", "principalId": "AROA3QUTU6VK2YP7IGNX9", "arn": "arn:aws:iam::130759357100:role/aws-service-role/config.amazonaws.com/AWSServiceRoleForConfig", "accountId": "130759357100", "userName": "AWSServiceRoleForConfig"}, "attributes": {"creationDate": "2026-06-15T01:20:09Z", "mfaAuthenticated": "false"}}, "invokedBy": "config.amazonaws.com"}, "eventTime": "2026-06-15T01:20:09Z", "eventSource": "acm.amazonaws.com", "eventName": "ListTagsForCertificate", "awsRegion": "ap-southeast-1", "sourceIPAddress": "config.amazonaws.com", "userAgent": "config.amazonaws.com", "requestParameters": {"certificateArn": "arn:aws:acm:ap-southeast-1:130759357100:certificate/d27f92e1-4e25-4384-8e9e-8a2eecb46498"}, "requestID": "f530f91a-e492-495e-8bcc-876305d4298b", "eventID": "558ea974-ed7c-496a-b18a-fef85ed24e75", "readOnly": true, "eventType": "AwsApiCall", "managementEvent": true, "recipientAccountId": "130759357100", "eventCategory": "Management", "source": "cloudtrail", "aws_account_id": "130759357100"}}
{"integration": "aws", "aws": {"log_info": {"aws_account_alias": "", "log_file": "AWSLogs/130759357100/CloudTrail/ap-southeast-1/2026/06/14/130759357100_CloudTrail_ap-southeast-1_20260614T1825Z_7eOrumSTGm8mZv4H.json.gz", "s3bucket": "aws-cloudtrail-logs-130759357100-d914b305"}, "eventVersion": "1.09", "userIdentity": {"type": "AssumedRole", "principalId": "AROA3QUTU6VK2YP7IGNX9:ConfigResourceCompositionSession", "arn": "arn:aws:sts::130759357100:assumed-role/AWSServiceRoleForConfig/ConfigResourceCompositionSession", "accountId": "130759357100", "accessKeyId": "ASIALJ3MA08RH46W951H", "sessionContext": {"sessionIssuer": {"type": "Role", "principalId": "AROA3QUTU6VK2YP7IGNX9", "arn": "arn:aws:iam::130759357100:role/aws-service-role/config.amazonaws.com/AWSServiceRoleForConfig", "accountId": "130759357100", "userName": "AWSServiceRoleForConfig"}, "attributes": {"creationDate": "2026-06-14T18:20:09Z", "mfaAuthenticated": "false"}}, "invokedBy": "config.amazonaws.com"}, "eventTime": "2026-06-14T18:20:11Z", "eventSource": "amplify.amazonaws.com", "eventName": "GetApp", "awsRegion": "ap-southeast-1", "sourceIPAddress": "config.amazonaws.com", "userAgent": "config.amazonaws.com", "requestParameters": {"appId": "dfj89hcp2zf52"}, "requestID": "12117be1-c0c4-467f-af34-09dc44ec936f", "eventID": "844fa0da-834e-4881-abd4-b9945dde7b3b", "readOnly": true, "eventType": "AwsApiCall", "managementEvent": true, "recipientAccountId": "130759357100", "eventCategory": "Management", "source": "cloudtrail", "aws_account_id": "130759357100"}}
{"integration": "aws", "aws": {"log_info": {"aws_account_alias": "", "log_file": "AWSLogs/130759357100/CloudTrail/ap-southeast-1/2026/06/14/130759357100_CloudTrail_ap-southeast-1_20260614T1825Z_7eOrumSTGm8mZv4H.json.gz", "s3bucket": "aws-cloudtrail-logs-130759357100-d914b305"}, "eventVersion": "1.09", "userIdentity": {"type": "AssumedRole", "principalId": "AROA3QUTU6VK2YP7IGNX9:ConfigResourceCompositionSession", "arn": "arn:aws:sts::130759357100:assumed-role/AWSServiceRoleForConfig/ConfigResourceCompositionSession", "accountId": "130759357100", "accessKeyId": "ASIALJ3MA08RH46W951H", "sessionContext": {"sessionIssuer": {"type": "Role", "principalId": "AROA3QUTU6VK2YP7IGNX9", "arn": "arn:aws:iam::130759357100:role/aws-service-role/config.amazonaws.com/AWSServiceRoleForConfig", "accountId": "130759357100", "userName": "AWSServiceRoleForConfig"}, "attributes": {"creationDate": "2026-06-14T18:20:09Z", "mfaAuthenticated": "false"}}, "invokedBy": "config.amazonaws.com"}, "eventTime": "2026-06-14T18:20:10Z", "eventSource": "amplify.amazonaws.com", "eventName": "GetApp", "awsRegion": "ap-southeast-1", "sourceIPAddress": "config.amazonaws.com", "userAgent": "config.amazonaws.com", "requestParameters": {"appId": "d2k3xthwknlr1r"}, "requestID": "a6cead38-4006-48a8-8034-3c2b13fb6286", "eventID": "1bdd1981-4e8b-454a-a77b-d48150157f2a", "readOnly": true, "eventType": "AwsApiCall", "managementEvent": true, "recipientAccountId": "130759357100", "eventCategory": "Management", "source": "cloudtrail", "aws_account_id": "130759357100"}}
{"integration": "aws", "aws": {"log_info": {"aws_account_alias": "", "log_file": "AWSLogs/130759357100/CloudTrail/ap-southeast-1/2026/06/14/130759357100_CloudTrail_ap-southeast-1_20260614T1825Z_7eOrumSTGm8mZv4H.json.gz", "s3bucket": "aws-cloudtrail-logs-130759357100-d914b305"}, "eventVersion": "1.09", "userIdentity": {"type": "AssumedRole", "principalId": "AROA3QUTU6VK2YP7IGNX9:ConfigResourceCompositionSession", "arn": "arn:aws:sts::130759357100:assumed-role/AWSServiceRoleForConfig/ConfigResourceCompositionSession", "accountId": "130759357100", "accessKeyId": "ASIALJ3MA08RH46W951H", "sessionContext": {"sessionIssuer": {"type": "Role", "principalId": "AROA3QUTU6VK2YP7IGNX9", "arn": "arn:aws:iam::130759357100:role/aws-service-role/config.amazonaws.com/AWSServiceRoleForConfig", "accountId": "130759357100", "userName": "AWSServiceRoleForConfig"}, "attributes": {"creationDate": "2026-06-14T18:20:09Z", "mfaAuthenticated": "false"}}, "invokedBy": "config.amazonaws.com"}, "eventTime": "2026-06-14T18:20:09Z", "eventSource": "amplify.amazonaws.com", "eventName": "GetApp", "awsRegion": "ap-southeast-1", "sourceIPAddress": "config.amazonaws.com", "userAgent": "config.amazonaws.com", "requestParameters": {"appId": "d1303nfiuhk1zh"}, "requestID": "e2292642-9cd9-4f6c-b2a1-7ae0bcb2b645", "eventID": "69e70da7-71ec-41ce-90eb-ef202d18ef33", "readOnly": true, "eventType": "AwsApiCall", "managementEvent": true, "recipientAccountId": "130759357100", "eventCategory": "Management", "source": "cloudtrail", "aws_account_id": "130759357100"}}
