<14>Jun 15 00:06:50 OST-DC01.onesystems.local MSWinEventLog	1	System	1861105	Mon Jun 15 00:06:50 2026	7036	Service Control Manager	N/A	N/A	Information	OST-DC01.onesystems.local	N/A		The Windows Modules Installer service entered the stopped state.	699796
<14>Jun 15 00:07:07 OST-DC01.onesystems.local MSWinEventLog	1	System	1861106	Mon Jun 15 00:07:07 2026	7036	Service Control Manager	N/A	N/A	Information	OST-DC01.onesystems.local	N/A		The Microsoft Software Shadow Copy Provider service entered the stopped state.	699797
<11>Jun 15 04:00:04 OST-DC01.onesystems.local MSWinEventLog	3	Application	1867189	Mon Jun 15 04:00:04 2026	8194	VSS	N/A	N/A	Error	OST-DC01.onesystems.local	N/A		Volume Shadow Copy Service error: Unexpected error querying for the IVssWriterCallback interface.  hr = 0x80070005, Access is denied.  . This is often caused by incorrect security settings in either the writer or requestor process.   Operation:    Gathering Writer Data  Context:    Writer Class Id: {5382579c-98df-47a7-ac6c-98a6d7106e09}    Writer Name: TermServLicensing    Writer Instance ID: {52799602-a913-41c7-9004-fd3a73f33416}	18952664
<11>Jun 15 04:00:04 OST-DC01.onesystems.local MSWinEventLog	3	Application	1867190	Mon Jun 15 04:00:04 2026	8194	VSS	N/A	N/A	Error	OST-DC01.onesystems.local	N/A		Volume Shadow Copy Service error: Unexpected error querying for the IVssWriterCallback interface.  hr = 0x80070005, Access is denied.  . This is often caused by incorrect security settings in either the writer or requestor process.   Operation:    Gathering Writer Data  Context:    Writer Class Id: {e8132975-6f93-4464-a53e-1050253ae220}    Writer Name: System Writer    Writer Instance ID: {b6d4fb47-bfde-44b9-8690-1a6e886b404c}	18952665
<11>Jun 15 04:00:40 OST-DC01.onesystems.local MSWinEventLog	3	Application	1867296	Mon Jun 15 04:00:40 2026	8194	VSS	N/A	N/A	Error	OST-DC01.onesystems.local	N/A		Volume Shadow Copy Service error: Unexpected error querying for the IVssWriterCallback interface.  hr = 0x80070005, Access is denied.  . This is often caused by incorrect security settings in either the writer or requestor process.   Operation:    Gathering Writer Data  Context:    Writer Class Id: {5382579c-98df-47a7-ac6c-98a6d7106e09}    Writer Name: TermServLicensing    Writer Instance ID: {52799602-a913-41c7-9004-fd3a73f33416}	18952742
<11>Jun 15 04:00:40 OST-DC01.onesystems.local MSWinEventLog	3	Application	1867297	Mon Jun 15 04:00:40 2026	8194	VSS	N/A	N/A	Error	OST-DC01.onesystems.local	N/A		Volume Shadow Copy Service error: Unexpected error querying for the IVssWriterCallback interface.  hr = 0x80070005, Access is denied.  . This is often caused by incorrect security settings in either the writer or requestor process.   Operation:    Gathering Writer Data  Context:    Writer Class Id: {e8132975-6f93-4464-a53e-1050253ae220}    Writer Name: System Writer    Writer Instance ID: {b6d4fb47-bfde-44b9-8690-1a6e886b404c}	18952743
<14>Jun 15 00:04:07 OST-DC01.onesystems.local MSWinEventLog	1	Application	1861047	Mon Jun 15 00:04:07 2026	8224	VSS	N/A	N/A	Information	OST-DC01.onesystems.local	N/A		The VSS service is shutting down due to idle timeout. 	18951320
<14>Jun 15 04:04:05 OST-DC01.onesystems.local MSWinEventLog	1	Application	1867427	Mon Jun 15 04:04:05 2026	8224	VSS	N/A	N/A	Information	OST-DC01.onesystems.local	N/A		The VSS service is shutting down due to idle timeout. 	18952746
<14>Jun 15 08:04:10 OST-DC01.onesystems.local MSWinEventLog	1	Application	1874065	Mon Jun 15 08:04:10 2026	8224	VSS	N/A	N/A	Information	OST-DC01.onesystems.local	N/A		The VSS service is shutting down due to idle timeout. 	18954193
<14>Jun 15 12:04:15 OST-DC01.onesystems.local MSWinEventLog	1	Application	1891960	Mon Jun 15 12:04:15 2026	8224	VSS	N/A	N/A	Information	OST-DC01.onesystems.local	N/A		The VSS service is shutting down due to idle timeout. 	18955612
<14>Jun 15 04:38:34 OST-DC01.onesystems.local MSWinEventLog	1	Application	1868299	Mon Jun 15 04:38:34 2026	900	Microsoft-Windows-Security-SPP	N/A	N/A	Information	OST-DC01.onesystems.local	N/A		The Software Protection service is starting.  Parameters:caller=devicecensus.exe	18952925
<14>Jun 15 04:38:35 OST-DC01.onesystems.local MSWinEventLog	1	Application	1868306	Mon Jun 15 04:38:35 2026	902	Microsoft-Windows-Security-SPP	N/A	N/A	Information	OST-DC01.onesystems.local	N/A		The Software Protection service has started.  10.0.14393.9060	18952928
<14>Jun 15 04:39:05 OST-DC01.onesystems.local MSWinEventLog	1	Application	1868309	Mon Jun 15 04:39:05 2026	903	Microsoft-Windows-Security-SPP	N/A	N/A	Information	OST-DC01.onesystems.local	N/A		The Software Protection service has stopped.  	18952930
<14>Jun 15 00:29:31 OST-DC01.onesystems.local MSWinEventLog	1	Application	1861567	Mon Jun 15 00:29:31 2026	904	Directory Synchronization	N/A	N/A	Information	OST-DC01.onesystems.local	N/A		AzureConfigurationFromPrincipalName: Successfully resolved UPN (onesystemstechsg.onmicrosoft.com) to the Worldwide Azure instance.   Resolution Method [Registry Configuration]: Worldwide.	18951334
<14>Jun 15 00:29:31 OST-DC01.onesystems.local MSWinEventLog	1	Application	1861568	Mon Jun 15 00:29:31 2026	904	Directory Synchronization	N/A	N/A	Information	OST-DC01.onesystems.local	N/A		ResolveAzureInstance [Worldwide]: authority=HTTPS://LOGIN.MICROSOFTONLINE.COM/ONESYSTEMSTECHSG.ONMICROSOFT.COM,   Resolution Method [Registry Configuration]: Worldwide.	18951335
<14>Jun 15 00:29:32 OST-DC01.onesystems.local MSWinEventLog	1	Application	1861569	Mon Jun 15 00:29:32 2026	904	Directory Synchronization	N/A	N/A	Information	OST-DC01.onesystems.local	N/A		DiscoverServiceEndpoint [AdminWebService]: ServiceEndpoint=https://adminwebservice.microsoftonline.com/provisioningservice.svc, Authority=HTTPS://LOGIN.MICROSOFTONLINE.COM/ONESYSTEMSTECHSG.ONMICROSOFT.COM, Resource=6bf85cfa-ac8a-4be5-b5de-425a0d0dc016.	18951336
<14>Jun 15 00:29:32 OST-DC01.onesystems.local MSWinEventLog	1	Application	1861570	Mon Jun 15 00:29:32 2026	904	Directory Synchronization	N/A	N/A	Information	OST-DC01.onesystems.local	N/A		[MSAL] AcquireTokenWithCertificate: [Acquiring token]: STS endpoint HTTPS://LOGIN.MICROSOFTONLINE.COM/ONESYSTEMSTECHSG.ONMICROSOFT.COM, AppId: 3430d853-9751-4439-b226-ec16530d0e62, CertificateThumbprint: 5EA8F11402A033CB710E32F91726FBC34FE53203, CertificateSHA256Hash: .	18951337
