<14>Jun 15 01:29:48 OST-DC01.onesystems.local MSWinEventLog	1	Application	1863306	Mon Jun 15 01:29:48 2026	134	Directory Synchronization	N/A	N/A	Information	OST-DC01.onesystems.local	N/A		No more changes to import.  Committing Watermark: Hash: IWMOgBhBzn7DQykWYuBaV61R3UxmtHZaOMkHHlgJdGc= Raw: [fQwAAAAAAAADAAAA++AiGEumpEe8yT5Ka1G1ygYAAABJ8a1KAAAAAEAMAAABAAAAAAAAAIIAAAAAAAAAPwgmAA38J063ZOixgYBaSGWHAhYAAAAAHewhAnP8ak6HOrjB0D1AyUkKgEoAAAAAdUG8Amjbz0az57qj3E3oH8SvxAMAAAAA0FEkA0HFNEGCVPMfilqG+9s1v0oAAAAA8yjyDMYJfUCx3TcnHEC7v6tYjBkAAAAAzVAsDYK6JEe/aLygXAp0/CS7UhUAAAAAsH3qDZGu8k+hDSssYC+P2B0mfUoAAAAAiSHADxg4eUOXGmLfq6uQuoJ5JUsAAAAAfBevEJjsAUatn7bJOVpRlaDVlRUAAAAACrA7ESas7U+K+oGzV45DTwk6y0kAAAAAPgvRE5z770Oph9qxI3GIqp6cUkIAAAAAwsDQFO6M0UewTSgP6bfdq7855zEAAAAAEFkJF0ZQukeN3Kb0oeDNRac8/koAAAAAb78aGJHrOUeewNZqfHmlyRIS5T4AAAAA++AiGEumpEe8yT5Ka1G1yknxrUoAAAAAVOUKGwcGzk6rGBzM24WtIkvt0TEAAAAAGO8UHAOaaEm/bpv6szp1lZOzpEoAAAAARL8GIWleK0mgOA5nFBnDQNDSnzEAAAAA038GJDcaPEeDdN6WKP61qcAdxkkAAAAAkUWSJu7iNkaGIr1aKI0MbXdcUBUAAAAAfM+yKABoh06RCLR9gj7NlbM17zEAAAAAfA3kKDMwxkq62ldIkWBKfYXunhkAAAAAqtSzKR8dJkmzdsamL5p0m7OSzzkAAAAAm/rXK2fxBUW3U7x8eHKYmnlm4hUAAAAAJc0xLTbL4Uubd5KB9SgqepPgeBkAAAAAgatUMT9HD06P0pvoclUrM41eZzEAAAAAHFspNPNo2Eyr4c4BHHF4JbCnLj4AAAAAkeXTN13ba0+RUJ0RMoUrZSdl6D4AAAAA/iD2N9Hqoky91aCWLa4K24iBuhUAAAAA4s8cOGPiBkyL56o7q/shl6X0AzoAAAAA+dWROYo4+U66ze68qlr3QBuaLhUAAAAAvhiqPhAUxkmxcB2Emh4UOOONrjEAAAAATOyRQqLcZUeAdq2QQPI15aJAajEAAAAA9TWWRYKA4EiFVf3Vp6sA/XE7lRMAAAAAoeGIRh54YUmQbmAKg/q/fPSZe0oAAAAASAHmSAkXLkuFYD9c50tKEgQ/5hQAAAAAFDQpTg8FPEK6RRekIjK5d+APCRYAAAAAMtRPT4Sa30qwPmK1w5g7U7CVhBkAAAAA8jCyUjypNkG9EemXPMx9gu+5+xQAAAAA9urdUsNk/kWIIACuk3N5vq1DIAcAAAAA5U+LVYg1Kkm/pFgbt8YySTKAgRkAAAAAbATeVRM34Uer4MheG/FsUf3Rvj8AAAAAaIynVjRuFkS7L5EuBeaJGUEvD0sAAAAAn7doW+H7x0eNMH8j+wlIrbmslxcAAAAAbmLzX3RkLU+ajZt+szk0ZmCO0QMAAAAAWnhbYcpZjUSh9lB0FEWhW7aMuz4AAAAAxbKMYmsKAEWJOIA7oWJgt+fR/zkAAAAAwAe/aGkBwUilUFGGmYGJYC1OEkIAAAAAM8Tyaq2h2kmRTR3fPzAEuv72vUoAAAAANUena33YG0+vjPOUCweJmG/PJD0AAAAAv0CYbf1N/0q5EvkwybEYNzFNOgcAAAAAzzqbcSQprEOngvADsRog3kaLuRUAAAAAhqwyc23fAUu0t1eotUM6H1U6bBQAAAAAaPEVdNc+hkmq4A8Wuwpr33+0ekoAAAAAFoREeb2XVEu2/VZgsVsIaavEohkAAAAArcVNeTGL40iGnanrNccmZS8F6xQAAAAAtYuPfIuj8EOTtgOd+gjjPfRy/hUAAAAAoVLpfe6mWk6WNvsgq5gOcTs0cUoAAAAAn4jdgA1yy0yjQG4mUk8Q/qUS4UEAAAAAuNuQgm/1/E6bmlzqyQqYrlyB8BQAAAAApWGig/thk0qR32PHYvqv6A8AvRUAAAAARUzog6hSBE2TC+1+QT3j4f4RERUAAAAAC0p6hVM+cEi2tsBqXu/m3E+ryxUAAAAAAq7gi/EU802Nu7RfhmUJbTwtlTEAAAAAmWoCjAHj5EK/wKbOPG2cWYMKtT8AAAAAQorJjG4X6EeEJ7j3SFFUMYiI4xQAAAAAeaqbjcMZSUyuY8FA3j0ipkZjTxUAAAAAnj1jjsR4GU2HcOclJvxhbkOCCEsAAAAAdm/7j/2ankeC1mrvE7s+5v9YHAcAAAAAOdEqlINvTUq0iIHWgF3ePQZWjT8AAAAAekY7l5ZEaUuarJXMggcW53qUtEoAAAAAPmVDmG4sKkmnBKHS31pQsWPNvhUAAAAARwdomPtMX02Es21Gv14PQRtewjkAAAAAxbLKmKjJxEu1FlSttwZ1wh76EDoAAAAADlT4mZ0hTEKV2OdWEygHQNaN1BMAAAAAhf5km0RrZEqNBlRBYqTVE3NKuxMAAAAAwSTinso1IESgWWQdPDgB8OR3MRUAAAAAKjIKpHUmhE+T5DeBGzxdEUwQGBYAAAAAgDE8ptgLEEqkzhusys5CHayIRkIAAAAAkpLzpkIolkeXltpai1x8rRbG5z4AAAAAlxe9p+pOVEWAGae8uyZ37yw3vhUAAAAANsLUpxBg80WsGOh5w1RTWpGve0oAAAAA3dYfqqKhj0CRxiNgF2xLY9TEKwcAAAAALQqaq3SumkW4JWSrjYUR9XMRUxUAAAAAEru5rXl3n0KeFVWPuCSnXjY6KhQAAAAAb+1RsOi71U6C6RO40mo0IReDdRkAAAAABWglsan8nkeDUI9UphOHrKDGGEsAAAAAJEO8sVPzDU6XHIL/qRM63YrCnRQAAAAA18DRskNUrkaKIk2gYpjcutdfsEoAAAAAx1J6te50KkS1oUGA4uwXRDO9SUoAAAAAwK8Ot6VQyUG5p9Ynyauwdqbu1z0AAAAAd0oit11CCEGRFZnmk/c8rJdGHUoAAAAAi9iSt1quE06mtHbbNd+zCacNAEIAAAAArkyHucOU/0++p8XJrFdFkLnGzxMAAAAAg7uduVRb/UO5Osj/72rJ3nkzbjkAAAAAXbI5vF9jNk6GqYEDP6Orl2Kb6hMAAAAAGvPrv1fjfECLtlE1M3TfVq0Cg0IAAAAAl+fPwKgiJUiMX3a6TmnlP8XUAzoAAAAA3fSpwq3Gq0Wi4DrMNbj/v1abEhYAAAAAnaqRxH5Tx0aq8aXVZGzMEkwgJBUAAAAAR0GpxmAy8UONsBa1rKg6Y5azHRUAAAAAXssOywbjvkuz22OwTGdJEJwsBxYAAAAAbLIVzjifd0ix1ebVQSTHMvx3kxkAAAAAW1alz0W/w0a2nUEacn60wLm4YEIAAAAAQfee0SOynk2fiWfGaV2kAzwOnzkAAAAAt0FC0z3LE0yQXbKbUyzOirAUzRUAAAAAEaqd09/JbU2jVgEbz0UzTIfNtxUAAAAAJPb+09kJ3km8n0d0uCsH/qUt+hQAAAAA3s1K1a9Mk0m6GHUgukAD4UFy8EoAAAAAsUvu1824mEm53MCecrlOm3JDaEoAAAAALTd52gIThE6nN2sLBo4HwjnD2RUAAAAAMwhJ25g7TEiXXXzHrGSkJDYA8RQAAAAALm3G3hHlg0SH1C9fk9pIfTfEyQMAAAAAHow933uixEqu1Qn0IhRgjcFc1j0AAAAAxRkS4qGJr0mkNzuLU5WEMku5BxYAAAAA+Jti5VHXzUKpiVpc3MLpUZ8g7EkAAAAA18FP6olyFEeH5//2p2g+MNlinEkAAAAAasRT6qa2O0G/OxvHKO2VWgeP4hQAAAAAQYC77YNIvkaUYwRrNKUfSw2wDRUAAAAA2jZi7shkGEamzy3J4FY/9Hwi1gMAAAAA/OI675q+R0OpX4dtyfM+Zrb+y0oAAAAA+8uG77chgkK4ey3ZWgDF6P0kDhUAAAAAvWUu8Ov6rUmrCtV6u9Ivr34VG0IAAAAAyo0s9MzZfEODvc17wplivTfqnj8AAAAAj/tg9aUlYEKT6ezVg+ro2hWbUxUAAAAA4AtE9oc0SE6lT+mgdT48S79t5BQAAAAAzhKy+AtlGUmBzdhJRG1chhcV90oAAAAAknPV/Z8QH0SeQl1KGDzUaUvRoBUAAAAAc3vI/sTYS0KhV1gDV4IN9YuhwBMAAAAArHWp/6HElECFRVUBHVCWXHOjB0sAAAAA++AiGEumpEe8yT5Ka1G1ygIAAAAAAAAAALC3MXkptQ1BuDWQCZQoiMvoAAAAAQAAAAMAAABb7KGIOsreSAMAAAB71z3yLcreSH0MAAADAAAA0FEkA0HFNEGCVPMfilqG+wYAAADJHr5KAAAAAEAMAAABAAAAAAAAAIIAAAAAAAAAPwgmAA38J063ZOixgYBaSGWHAhYAAAAAHewhAnP8ak6HOrjB0D1AyVnffkoAAAAAdUG8Amjbz0az57qj3E3oH8SvxAMAAAAA0FEkA0HFNEGCVPMfilqG+8kevkoAAAAA8yjyDMYJfUCx3TcnHEC7v6tYjBkAAAAAzVAsDYK6JEe/aLygXAp0/CS7UhUAAAAAsH3qDZGu8k+hDSssYC+P2HgAfEoAAAAAiSHADxg4eUOXGmLfq6uQuj5NJEsAAAAAfBevEJjsAUatn7bJOVpRlaDVlRUAAAAACrA7ESas7U+K+oGzV45DT2cJykkAAAAAPgvRE5z770Oph9qxI3GIqp6cUkIAAAAAwsDQFO6M0UewTSgP6bfdq7855zEAAAAAEFkJF0ZQukeN3Kb0oeDNRTwS/UoAAAAAb78aGJHrOUeewNZqfHmlyRIS5T4AAAAA++AiGEumpEe8yT5Ka1G1yhbprEoAAAAAVOUKGwcGzk6rGBzM24WtIkvt0TEAAAAAGO8UHAOaaEm/bpv6szp1lXSJo0oAAAAARL8GIWleK0mgOA5nFBnDQNDSnzEAAAAA038GJDcaPEeDdN6WKP61qQToxEkAAAAAkUWSJu7iNkaGIr1aKI0MbXdcUBUAAAAAfM+yKABoh06RCLR9gj7NlbM17zEAAAAAfA3kKDMwxkq62ldIkWBKfYXunhkAAAAAqtSzKR8dJkmzdsamL5p0m7OSzzkAAAAAm/rXK2fxBUW3U7x8eHKYmnlm4hUAAAAAJc0xLTbL4Uubd5KB9SgqepPgeBkAAAAAgatUMT9HD06P0pvoclUrM41eZzEAAAAAHFspNPNo2Eyr4c4BHHF4JbCnLj4AAAAAkeXTN13ba0+RUJ0RMoUrZSdl6D4AAAAA/iD2N9Hqoky91aCWLa4K24iBuhUAAAAA4s8cOGPiBkyL56o7q/shl6X0AzoAAAAA+dWROYo4+U66ze68qlr3QBuaLhUAAAAAvhiqPhAUxkmxcB2Emh4UOOONrjEAAAAATOyRQqLcZUeAdq2QQPI15aJAajEAAAAA9TWWRYKA4EiFVf3Vp6sA/XE7lRMAAAAAoeGIRh54YUmQbmAKg/q/fM5+ekoAAAAASAHmSAkXLkuFYD9c50tKEgQ/5hQAAAAAFDQpTg8FPEK6RRekIjK5d+APCRYAAAAAMtRPT4Sa30qwPmK1w5g7U7CVhBkAAAAA8jCyUjypNkG9EemXPMx9gu+5+xQAAAAA9urdUsNk/kWIIACuk3N5vq1DIAcAAAAA5U+LVYg1Kkm/pFgbt8YySTKAgRkAAAAAbATeVRM34Uer4MheG/FsUf3Rvj8AAAAAaIynVjRuFkS7L5EuBeaJGXcPDksAAAAAn7doW+H7x0eNMH8j+wlIrbmslxcAAAAAbmLzX3RkLU+ajZt+szk0ZmCO0QMAAAAAWnhbYcpZjUSh9lB0FEWhW7aMuz4AAAAAxbKMYmsKAEWJOIA7oWJgt+fR/zkAAAAAwAe/aGkBwUilUFGGmYGJYC1OEkIAAAAAM8Tyaq2h2kmRTR3fPzAEumHfvEoAAAAANUena33YG0+vjPOUCweJmG/PJD0AAAAAv0CYbf1N/0q5EvkwybEYNzFNOgcAAAAAzzqbcSQprEOngvADsRog3kaLuRUAAAAAhqwyc23fAUu0t1eotUM6H1U6bBQAAAAAaPEVdNc+hkmq4A8Wuwpr3xaPeUoAAAAAFoREeb2XVEu2/VZgsVsIaavEohkAAAAArcVNeTGL40iGnanrNccmZS8F6xQAAAAAtYuPfIuj8EOTtgOd+gjjPfRy/hUAAAAAoVLpfe6mWk6WNvsgq5gOcaQXcEoAAAAAn4jdgA1yy0yjQG4mUk8Q/qUS4UEAAAAAuNuQgm/1/E6bmlzqyQqYrlyB8BQAAAAApWGig/thk0qR32PHYvqv6A8AvRUAAAAARUzog6hSBE2TC+1+QT3j4f4RERUAAAAAC0p6hVM+cEi2tsBqXu/m3E+ryxUAAAAAAq7gi/EU802Nu7RfhmUJbTwtlTEAAAAAmWoCjAHj5EK/wKbOPG2cWYMKtT8AAAAAQorJjG4X6EeEJ7j3SFFUMYiI4xQAAAAAeaqbjcMZSUyuY8FA3j0ipkZjTxUAAAAAnj1jjsR4GU2HcOclJvxhbuNhB0sAAAAAdm/7j/2ankeC1mrvE7s+5v9YHAcAAAAAOdEqlINvTUq0iIHWgF3ePQZWjT8AAAAAekY7l5ZEaUuarJXMggcW5/uBs0oAAAAAPmVDmG4sKkmnBKHS31pQsWPNvhUAAAAARwdomPtMX02Es21Gv14PQRtewjkAAAAAxbLKmKjJxEu1FlSttwZ1wh76EDoAAAAADlT4mZ0hTEKV2OdWEygHQNaN1BMAAAAAhf5km0RrZEqNBlRBYqTVE3NKuxMAAAAAwSTinso1IESgWWQdPDgB8OR3MRUAAAAAKjIKpHUmhE+T5DeBGzxdEUwQGBYAAAAAgDE8ptgLEEqkzhusys5CHayIRkIAAAAAkpLzpkIolkeXltpai1x8rRbG5z4AAAAAlxe9p+pOVEWAGae8uyZ37yw3vhUAAAAANsLUpxBg80WsGOh5w1RTWpqLekoAAAAA3dYfqqKhj0CRxiNgF2xLY9TEKwcAAAAALQqaq3SumkW4JWSrjYUR9XMRUxUAAAAAEru5rXl3n0KeFVWPuCSnXjY6KhQAAAAAb+1RsOi71U6C6RO40mo0IReDdRkAAAAABWglsan8nkeDUI9UphOHrAukF0sAAAAAJEO8sVPzDU6XHIL/qRM63YrCnRQAAAAA18DRskNUrkaKIk2gYpjcuo5Cr0oAAAAAx1J6te50KkS1oUGA4uwXRIaiSEoAAAAAwK8Ot6VQyUG5p9Ynyauwdqbu1z0AAAAAd0oit11CCEGRFZnmk/c8rNYpHEoAAAAAi9iSt1quE06mtHbbNd+zCacNAEIAAAAArkyHucOU/0++p8XJrFdFkLnGzxMAAAAAg7uduVRb/UO5Osj/72rJ3nkzbjkAAAAAXbI5vF9jNk6GqYEDP6Orl2Kb6hMAAAAAGvPrv1fjfECLtlE1M3TfVq0Cg0IAAAAAl+fPwKgiJUiMX3a6TmnlP8XUAzoAAAAA3fSpwq3Gq0Wi4DrMNbj/v1abEhYAAAAAnaqRxH5Tx0aq8aXVZGzMEkwgJBUAAAAAR0GpxmAy8UONsBa1rKg6Y5azHRUAAAAAXssOywbjvkuz22OwTGdJEJwsBxYAAAAAbLIVzjifd0ix1ebVQSTHMvx3kxkAAAAAW1alz0W/w0a2nUEacn60wLm4YEIAAAAAQfee0SOynk2fiWfGaV2kAzwOnzkAAAAAt0FC0z3LE0yQXbKbUyzOirAUzRUAA
<14>Jun 15 01:59:50 OST-DC01.onesystems.local MSWinEventLog	1	Application	1864028	Mon Jun 15 01:59:50 2026	134	Directory Synchronization	N/A	N/A	Information	OST-DC01.onesystems.local	N/A		No more changes to import.  Committing Watermark: Hash: Z7WeZ4qFz7bsGqDAFhygf74EPq33pbwUEX9AXJxfFT8= Raw: [fQwAAAAAAAADAAAAM8Tyaq2h2kmRTR3fPzAEugYAAACfUr5KAAAAAEAMAAABAAAAAAAAAIIAAAAAAAAAPwgmAA38J063ZOixgYBaSGWHAhYAAAAAHewhAnP8ak6HOrjB0D1Ayd5rgEoAAAAAdUG8Amjbz0az57qj3E3oH8SvxAMAAAAA0FEkA0HFNEGCVPMfilqG++WPv0oAAAAA8yjyDMYJfUCx3TcnHEC7v6tYjBkAAAAAzVAsDYK6JEe/aLygXAp0/CS7UhUAAAAAsH3qDZGu8k+hDSssYC+P2KyHfUoAAAAAiSHADxg4eUOXGmLfq6uQutbbJUsAAAAAfBevEJjsAUatn7bJOVpRlaDVlRUAAAAACrA7ESas7U+K+oGzV45DT3Kay0kAAAAAPgvRE5z770Oph9qxI3GIqp6cUkIAAAAAwsDQFO6M0UewTSgP6bfdq7855zEAAAAAEFkJF0ZQukeN3Kb0oeDNRYae/koAAAAAb78aGJHrOUeewNZqfHmlyRIS5T4AAAAA++AiGEumpEe8yT5Ka1G1yqRKrkoAAAAAVOUKGwcGzk6rGBzM24WtIkvt0TEAAAAAGO8UHAOaaEm/bpv6szp1lVoVpUoAAAAARL8GIWleK0mgOA5nFBnDQNDSnzEAAAAA038GJDcaPEeDdN6WKP61qTGFxkkAAAAAkUWSJu7iNkaGIr1aKI0MbXdcUBUAAAAAfM+yKABoh06RCLR9gj7NlbM17zEAAAAAfA3kKDMwxkq62ldIkWBKfYXunhkAAAAAqtSzKR8dJkmzdsamL5p0m7OSzzkAAAAAm/rXK2fxBUW3U7x8eHKYmnlm4hUAAAAAJc0xLTbL4Uubd5KB9SgqepPgeBkAAAAAgatUMT9HD06P0pvoclUrM41eZzEAAAAAHFspNPNo2Eyr4c4BHHF4JbCnLj4AAAAAkeXTN13ba0+RUJ0RMoUrZSdl6D4AAAAA/iD2N9Hqoky91aCWLa4K24iBuhUAAAAA4s8cOGPiBkyL56o7q/shl6X0AzoAAAAA+dWROYo4+U66ze68qlr3QBuaLhUAAAAAvhiqPhAUxkmxcB2Emh4UOOONrjEAAAAATOyRQqLcZUeAdq2QQPI15aJAajEAAAAA9TWWRYKA4EiFVf3Vp6sA/XE7lRMAAAAAoeGIRh54YUmQbmAKg/q/fOb3e0oAAAAASAHmSAkXLkuFYD9c50tKEgQ/5hQAAAAAFDQpTg8FPEK6RRekIjK5d+APCRYAAAAAMtRPT4Sa30qwPmK1w5g7U7CVhBkAAAAA8jCyUjypNkG9EemXPMx9gu+5+xQAAAAA9urdUsNk/kWIIACuk3N5vq1DIAcAAAAA5U+LVYg1Kkm/pFgbt8YySTKAgRkAAAAAbATeVRM34Uer4MheG/FsUf3Rvj8AAAAAaIynVjRuFkS7L5EuBeaJGVKOD0sAAAAAn7doW+H7x0eNMH8j+wlIrbmslxcAAAAAbmLzX3RkLU+ajZt+szk0ZmCO0QMAAAAAWnhbYcpZjUSh9lB0FEWhW7aMuz4AAAAAxbKMYmsKAEWJOIA7oWJgt+fR/zkAAAAAwAe/aGkBwUilUFGGmYGJYC1OEkIAAAAAM8Tyaq2h2kmRTR3fPzAEup9SvkoAAAAANUena33YG0+vjPOUCweJmG/PJD0AAAAAv0CYbf1N/0q5EvkwybEYNzFNOgcAAAAAzzqbcSQprEOngvADsRog3kaLuRUAAAAAhqwyc23fAUu0t1eotUM6H1U6bBQAAAAAaPEVdNc+hkmq4A8Wuwpr33gVe0oAAAAAFoREeb2XVEu2/VZgsVsIaavEohkAAAAArcVNeTGL40iGnanrNccmZS8F6xQAAAAAtYuPfIuj8EOTtgOd+gjjPfRy/hUAAAAAoVLpfe6mWk6WNvsgq5gOcVOScUoAAAAAn4jdgA1yy0yjQG4mUk8Q/qUS4UEAAAAAuNuQgm/1/E6bmlzqyQqYrlyB8BQAAAAApWGig/thk0qR32PHYvqv6A8AvRUAAAAARUzog6hSBE2TC+1+QT3j4f4RERUAAAAAC0p6hVM+cEi2tsBqXu/m3E+ryxUAAAAAAq7gi/EU802Nu7RfhmUJbTwtlTEAAAAAmWoCjAHj5EK/wKbOPG2cWYMKtT8AAAAAQorJjG4X6EeEJ7j3SFFUMYiI4xQAAAAAeaqbjcMZSUyuY8FA3j0ipkZjTxUAAAAAnj1jjsR4GU2HcOclJvxhbgriCEsAAAAAdm/7j/2ankeC1mrvE7s+5v9YHAcAAAAAOdEqlINvTUq0iIHWgF3ePQZWjT8AAAAAekY7l5ZEaUuarJXMggcW5+PytEoAAAAAPmVDmG4sKkmnBKHS31pQsWPNvhUAAAAARwdomPtMX02Es21Gv14PQRtewjkAAAAAxbLKmKjJxEu1FlSttwZ1wh76EDoAAAAADlT4mZ0hTEKV2OdWEygHQNaN1BMAAAAAhf5km0RrZEqNBlRBYqTVE3NKuxMAAAAAwSTinso1IESgWWQdPDgB8OR3MRUAAAAAKjIKpHUmhE+T5DeBGzxdEUwQGBYAAAAAgDE8ptgLEEqkzhusys5CHayIRkIAAAAAkpLzpkIolkeXltpai1x8rRbG5z4AAAAAlxe9p+pOVEWAGae8uyZ37yw3vhUAAAAANsLUpxBg80WsGOh5w1RTWhMOfEoAAAAA3dYfqqKhj0CRxiNgF2xLY9TEKwcAAAAALQqaq3SumkW4JWSrjYUR9XMRUxUAAAAAEru5rXl3n0KeFVWPuCSnXjY6KhQAAAAAb+1RsOi71U6C6RO40mo0IReDdRkAAAAABWglsan8nkeDUI9UphOHrHonGUsAAAAAJEO8sVPzDU6XHIL/qRM63YrCnRQAAAAA18DRskNUrkaKIk2gYpjcutbAsEoAAAAAx1J6te50KkS1oUGA4uwXRJscSkoAAAAAwK8Ot6VQyUG5p9Ynyauwdqbu1z0AAAAAd0oit11CCEGRFZnmk/c8rCWkHUoAAAAAi9iSt1quE06mtHbbNd+zCacNAEIAAAAArkyHucOU/0++p8XJrFdFkLnGzxMAAAAAg7uduVRb/UO5Osj/72rJ3nkzbjkAAAAAXbI5vF9jNk6GqYEDP6Orl2Kb6hMAAAAAGvPrv1fjfECLtlE1M3TfVq0Cg0IAAAAAl+fPwKgiJUiMX3a6TmnlP8XUAzoAAAAA3fSpwq3Gq0Wi4DrMNbj/v1abEhYAAAAAnaqRxH5Tx0aq8aXVZGzMEkwgJBUAAAAAR0GpxmAy8UONsBa1rKg6Y5azHRUAAAAAXssOywbjvkuz22OwTGdJEJwsBxYAAAAAbLIVzjifd0ix1ebVQSTHMvx3kxkAAAAAW1alz0W/w0a2nUEacn60wLm4YEIAAAAAQfee0SOynk2fiWfGaV2kAzwOnzkAAAAAt0FC0z3LE0yQXbKbUyzOirAUzRUAAAAAEaqd09/JbU2jVgEbz0UzTIfNtxUAAAAAJPb+09kJ3km8n0d0uCsH/qUt+hQAAAAA3s1K1a9Mk0m6GHUgukAD4RzV8EoAAAAAsUvu1824mEm53MCecrlOmxSjaEoAAAAALTd52gIThE6nN2sLBo4HwjnD2RUAAAAAMwhJ25g7TEiXXXzHrGSkJDYA8RQAAAAALm3G3hHlg0SH1C9fk9pIfTfEyQMAAAAAHow933uixEqu1Qn0IhRgjcFc1j0AAAAAxRkS4qGJr0mkNzuLU5WEMku5BxYAAAAA+Jti5VHXzUKpiVpc3MLpUSCE7EkAAAAA18FP6olyFEeH5//2p2g+MOLFnEkAAAAAasRT6qa2O0G/OxvHKO2VWgeP4hQAAAAAQYC77YNIvkaUYwRrNKUfSw2wDRUAAAAA2jZi7shkGEamzy3J4FY/9Hwi1gMAAAAA/OI675q+R0OpX4dtyfM+Zs1azEoAAAAA+8uG77chgkK4ey3ZWgDF6P0kDhUAAAAAvWUu8Ov6rUmrCtV6u9Ivr34VG0IAAAAAyo0s9MzZfEODvc17wplivTfqnj8AAAAAj/tg9aUlYEKT6ezVg+ro2hWbUxUAAAAA4AtE9oc0SE6lT+mgdT48S79t5BQAAAAAzhKy+AtlGUmBzdhJRG1chvl090oAAAAAknPV/Z8QH0SeQl1KGDzUaUvRoBUAAAAAc3vI/sTYS0KhV1gDV4IN9YuhwBMAAAAArHWp/6HElECFRVUBHVCWXD0GCEsAAAAAM8Tyaq2h2kmRTR3fPzAEugIAAAAAAAAAALC3MXkptQ1BuDWQCZQoiMvoAAAAAQAAAAMAAABQvP+6PsreSAMAAABQvP+6PsreSH0MAAADAAAAM8Tyaq2h2kmRTR3fPzAEugYAAACfUr5KAAAAAEAMAAABAAAAAAAAAIIAAAAAAAAAPwgmAA38J063ZOixgYBaSGWHAhYAAAAAHewhAnP8ak6HOrjB0D1Ayd5rgEoAAAAAdUG8Amjbz0az57qj3E3oH8SvxAMAAAAA0FEkA0HFNEGCVPMfilqG++WPv0oAAAAA8yjyDMYJfUCx3TcnHEC7v6tYjBkAAAAAzVAsDYK6JEe/aLygXAp0/CS7UhUAAAAAsH3qDZGu8k+hDSssYC+P2KyHfUoAAAAAiSHADxg4eUOXGmLfq6uQutbbJUsAAAAAfBevEJjsAUatn7bJOVpRlaDVlRUAAAAACrA7ESas7U+K+oGzV45DT3Kay0kAAAAAPgvRE5z770Oph9qxI3GIqp6cUkIAAAAAwsDQFO6M0UewTSgP6bfdq7855zEAAAAAEFkJF0ZQukeN3Kb0oeDNRYae/koAAAAAb78aGJHrOUeewNZqfHmlyRIS5T4AAAAA++AiGEumpEe8yT5Ka1G1yqRKrkoAAAAAVOUKGwcGzk6rGBzM24WtIkvt0TEAAAAAGO8UHAOaaEm/bpv6szp1lVoVpUoAAAAARL8GIWleK0mgOA5nFBnDQNDSnzEAAAAA038GJDcaPEeDdN6WKP61qTGFxkkAAAAAkUWSJu7iNkaGIr1aKI0MbXdcUBUAAAAAfM+yKABoh06RCLR9gj7NlbM17zEAAAAAfA3kKDMwxkq62ldIkWBKfYXunhkAAAAAqtSzKR8dJkmzdsamL5p0m7OSzzkAAAAAm/rXK2fxBUW3U7x8eHKYmnlm4hUAAAAAJc0xLTbL4Uubd5KB9SgqepPgeBkAAAAAgatUMT9HD06P0pvoclUrM41eZzEAAAAAHFspNPNo2Eyr4c4BHHF4JbCnLj4AAAAAkeXTN13ba0+RUJ0RMoUrZSdl6D4AAAAA/iD2N9Hqoky91aCWLa4K24iBuhUAAAAA4s8cOGPiBkyL56o7q/shl6X0AzoAAAAA+dWROYo4+U66ze68qlr3QBuaLhUAAAAAvhiqPhAUxkmxcB2Emh4UOOONrjEAAAAATOyRQqLcZUeAdq2QQPI15aJAajEAAAAA9TWWRYKA4EiFVf3Vp6sA/XE7lRMAAAAAoeGIRh54YUmQbmAKg/q/fOb3e0oAAAAASAHmSAkXLkuFYD9c50tKEgQ/5hQAAAAAFDQpTg8FPEK6RRekIjK5d+APCRYAAAAAMtRPT4Sa30qwPmK1w5g7U7CVhBkAAAAA8jCyUjypNkG9EemXPMx9gu+5+xQAAAAA9urdUsNk/kWIIACuk3N5vq1DIAcAAAAA5U+LVYg1Kkm/pFgbt8YySTKAgRkAAAAAbATeVRM34Uer4MheG/FsUf3Rvj8AAAAAaIynVjRuFkS7L5EuBeaJGVKOD0sAAAAAn7doW+H7x0eNMH8j+wlIrbmslxcAAAAAbmLzX3RkLU+ajZt+szk0ZmCO0QMAAAAAWnhbYcpZjUSh9lB0FEWhW7aMuz4AAAAAxbKMYmsKAEWJOIA7oWJgt+fR/zkAAAAAwAe/aGkBwUilUFGGmYGJYC1OEkIAAAAAM8Tyaq2h2kmRTR3fPzAEup9SvkoAAAAANUena33YG0+vjPOUCweJmG/PJD0AAAAAv0CYbf1N/0q5EvkwybEYNzFNOgcAAAAAzzqbcSQprEOngvADsRog3kaLuRUAAAAAhqwyc23fAUu0t1eotUM6H1U6bBQAAAAAaPEVdNc+hkmq4A8Wuwpr33gVe0oAAAAAFoREeb2XVEu2/VZgsVsIaavEohkAAAAArcVNeTGL40iGnanrNccmZS8F6xQAAAAAtYuPfIuj8EOTtgOd+gjjPfRy/hUAAAAAoVLpfe6mWk6WNvsgq5gOcVOScUoAAAAAn4jdgA1yy0yjQG4mUk8Q/qUS4UEAAAAAuNuQgm/1/E6bmlzqyQqYrlyB8BQAAAAApWGig/thk0qR32PHYvqv6A8AvRUAAAAARUzog6hSBE2TC+1+QT3j4f4RERUAAAAAC0p6hVM+cEi2tsBqXu/m3E+ryxUAAAAAAq7gi/EU802Nu7RfhmUJbTwtlTEAAAAAmWoCjAHj5EK/wKbOPG2cWYMKtT8AAAAAQorJjG4X6EeEJ7j3SFFUMYiI4xQAAAAAeaqbjcMZSUyuY8FA3j0ipkZjTxUAAAAAnj1jjsR4GU2HcOclJvxhbgriCEsAAAAAdm/7j/2ankeC1mrvE7s+5v9YHAcAAAAAOdEqlINvTUq0iIHWgF3ePQZWjT8AAAAAekY7l5ZEaUuarJXMggcW5+PytEoAAAAAPmVDmG4sKkmnBKHS31pQsWPNvhUAAAAARwdomPtMX02Es21Gv14PQRtewjkAAAAAxbLKmKjJxEu1FlSttwZ1wh76EDoAAAAADlT4mZ0hTEKV2OdWEygHQNaN1BMAAAAAhf5km0RrZEqNBlRBYqTVE3NKuxMAAAAAwSTinso1IESgWWQdPDgB8OR3MRUAAAAAKjIKpHUmhE+T5DeBGzxdEUwQGBYAAAAAgDE8ptgLEEqkzhusys5CHayIRkIAAAAAkpLzpkIolkeXltpai1x8rRbG5z4AAAAAlxe9p+pOVEWAGae8uyZ37yw3vhUAAAAANsLUpxBg80WsGOh5w1RTWhMOfEoAAAAA3dYfqqKhj0CRxiNgF2xLY9TEKwcAAAAALQqaq3SumkW4JWSrjYUR9XMRUxUAAAAAEru5rXl3n0KeFVWPuCSnXjY6KhQAAAAAb+1RsOi71U6C6RO40mo0IReDdRkAAAAABWglsan8nkeDUI9UphOHrHonGUsAAAAAJEO8sVPzDU6XHIL/qRM63YrCnRQAAAAA18DRskNUrkaKIk2gYpjcutbAsEoAAAAAx1J6te50KkS1oUGA4uwXRJscSkoAAAAAwK8Ot6VQyUG5p9Ynyauwdqbu1z0AAAAAd0oit11CCEGRFZnmk/c8rCWkHUoAAAAAi9iSt1quE06mtHbbNd+zCacNAEIAAAAArkyHucOU/0++p8XJrFdFkLnGzxMAAAAAg7uduVRb/UO5Osj/72rJ3nkzbjkAAAAAXbI5vF9jNk6GqYEDP6Orl2Kb6hMAAAAAGvPrv1fjfECLtlE1M3TfVq0Cg0IAAAAAl+fPwKgiJUiMX3a6TmnlP8XUAzoAAAAA3fSpwq3Gq0Wi4DrMNbj/v1abEhYAAAAAnaqRxH5Tx0aq8aXVZGzMEkwgJBUAAAAAR0GpxmAy8UONsBa1rKg6Y5azHRUAAAAAXssOywbjvkuz22OwTGdJEJwsBxYAAAAAbLIVzjifd0ix1ebVQSTHMvx3kxkAAAAAW1alz0W/w0a2nUEacn60wLm4YEIAAAAAQfee0SOynk2fiWfGaV2kAzwOnzkAAAAAt0FC0z3LE0yQXbKbUyzOirAUzRUAA
<14>Jun 15 04:39:05 OST-DC01.onesystems.local MSWinEventLog	1	Application	1868308	Mon Jun 15 04:39:05 2026	16384	Microsoft-Windows-Security-SPP	N/A	N/A	Information	OST-DC01.onesystems.local	N/A		Successfully scheduled Software Protection service for re-start at 2126-05-21T20:39:05Z. Reason: RulesEngine.	18952929
<14>Jun 15 06:28:41 OST-DC01.onesystems.local MSWinEventLog	1	Application	1871297	Mon Jun 15 06:28:41 2026	1704	SceCli	N/A	N/A	Information	OST-DC01.onesystems.local	N/A		Security policy in the Group policy objects has been applied successfully.	18953509
<14>Jun 15 04:00:19 OST-DC01.onesystems.local MSWinEventLog	1	Application	1867248	Mon Jun 15 04:00:19 2026	2001	ESENT	N/A	N/A	Information	OST-DC01.onesystems.local	ShadowCopy		certsrv (2560) Shadow copy instance 164 freeze started.	18952715
<14>Jun 15 04:00:19 OST-DC01.onesystems.local MSWinEventLog	1	Application	1867250	Mon Jun 15 04:00:19 2026	2001	ESENT	N/A	N/A	Information	OST-DC01.onesystems.local	ShadowCopy		certsrv.exe (2560) Shadow copy instance 164 freeze started.	18952717
<14>Jun 15 04:00:19 OST-DC01.onesystems.local MSWinEventLog	1	Application	1867249	Mon Jun 15 04:00:19 2026	2001	ESENT	N/A	N/A	Information	OST-DC01.onesystems.local	ShadowCopy		lsass (724) Shadow copy instance 164 freeze started.	18952716
<14>Jun 15 08:00:19 OST-DC01.onesystems.local MSWinEventLog	1	Application	1873867	Mon Jun 15 08:00:19 2026	2001	ESENT	N/A	N/A	Information	OST-DC01.onesystems.local	ShadowCopy		lsass (724) Shadow copy instance 165 freeze started.	18954126
<14>Jun 15 04:00:27 OST-DC01.onesystems.local MSWinEventLog	1	Application	1867253	Mon Jun 15 04:00:27 2026	2003	ESENT	N/A	N/A	Information	OST-DC01.onesystems.local	ShadowCopy		lsass (724) Shadow copy instance 164 freeze ended.	18952718
<14>Jun 15 04:00:27 OST-DC01.onesystems.local MSWinEventLog	1	Application	1867261	Mon Jun 15 04:00:27 2026	2003	ESENT	N/A	N/A	Information	OST-DC01.onesystems.local	ShadowCopy		certsrv (2560) Shadow copy instance 164 freeze ended.	18952723
<14>Jun 15 08:00:29 OST-DC01.onesystems.local MSWinEventLog	1	Application	1873883	Mon Jun 15 08:00:29 2026	2003	ESENT	N/A	N/A	Information	OST-DC01.onesystems.local	ShadowCopy		lsass (724) Shadow copy instance 165 freeze ended.	18954141
<14>Jun 15 08:00:29 OST-DC01.onesystems.local MSWinEventLog	1	Application	1873885	Mon Jun 15 08:00:29 2026	2003	ESENT	N/A	N/A	Information	OST-DC01.onesystems.local	ShadowCopy		certsrv (2560) Shadow copy instance 165 freeze ended.	18954143
<14>Jun 15 04:00:11 OST-DC01.onesystems.local MSWinEventLog	1	Application	1867217	Mon Jun 15 04:00:11 2026	2005	ESENT	N/A	N/A	Information	OST-DC01.onesystems.local	ShadowCopy		certsrv (2560) Shadow copy instance 164 starting. This will be a Full shadow copy.	18952692
<14>Jun 15 04:00:11 OST-DC01.onesystems.local MSWinEventLog	1	Application	1867218	Mon Jun 15 04:00:11 2026	2005	ESENT	N/A	N/A	Information	OST-DC01.onesystems.local	ShadowCopy		lsass (724) Shadow copy instance 164 starting. This will be a Full shadow copy.	18952693
<14>Jun 15 08:00:12 OST-DC01.onesystems.local MSWinEventLog	1	Application	1873818	Mon Jun 15 08:00:12 2026	2005	ESENT	N/A	N/A	Information	OST-DC01.onesystems.local	ShadowCopy		lsass (724) Shadow copy instance 165 starting. This will be a Full shadow copy.	18954094
<14>Jun 15 08:00:12 OST-DC01.onesystems.local MSWinEventLog	1	Application	1873819	Mon Jun 15 08:00:12 2026	2005	ESENT	N/A	N/A	Information	OST-DC01.onesystems.local	ShadowCopy		certsrv (2560) Shadow copy instance 165 starting. This will be a Full shadow copy.	18954095
<14>Jun 15 04:00:27 OST-DC01.onesystems.local MSWinEventLog	1	Application	1867260	Mon Jun 15 04:00:27 2026	2006	ESENT	N/A	N/A	Information	OST-DC01.onesystems.local	ShadowCopy		lsass (724) Shadow copy instance 164 completed successfully.	18952722
<14>Jun 15 04:00:27 OST-DC01.onesystems.local MSWinEventLog	1	Application	1867262	Mon Jun 15 04:00:27 2026	2006	ESENT	N/A	N/A	Information	OST-DC01.onesystems.local	ShadowCopy		certsrv (2560) Shadow copy instance 164 completed successfully.	18952724
<14>Jun 15 08:00:29 OST-DC01.onesystems.local MSWinEventLog	1	Application	1873884	Mon Jun 15 08:00:29 2026	2006	ESENT	N/A	N/A	Information	OST-DC01.onesystems.local	ShadowCopy		lsass (724) Shadow copy instance 165 completed successfully.	18954142
<14>Jun 15 08:00:29 OST-DC01.onesystems.local MSWinEventLog	1	Application	1873886	Mon Jun 15 08:00:29 2026	2006	ESENT	N/A	N/A	Information	OST-DC01.onesystems.local	ShadowCopy		certsrv (2560) Shadow copy instance 165 completed successfully.	18954144
<14>Jun 15 00:29:44 OST-DC01.onesystems.local MSWinEventLog	1	Application	1861683	Mon Jun 15 00:29:44 2026	213	Directory Synchronization	N/A	N/A	Information	OST-DC01.onesystems.local	N/A		{    "PasswordHashSync": true,    "ForcePasswordChangeOnLogOn": false,    "UserWriteback": false,    "DeviceWriteback": true,    "UnifiedGroupWriteback": false,    "GroupWritebackV2": false  }	18951407
<14>Jun 15 00:29:54 OST-DC01.onesystems.local MSWinEventLog	1	Application	1861743	Mon Jun 15 00:29:54 2026	213	Directory Synchronization	N/A	N/A	Information	OST-DC01.onesystems.local	N/A		{    "PasswordHashSync": true,    "ForcePasswordChangeOnLogOn": false,    "UserWriteback": false,    "DeviceWriteback": true,    "UnifiedGroupWriteback": false,    "GroupWritebackV2": false  }	18951448
<14>Jun 15 00:59:46 OST-DC01.onesystems.local MSWinEventLog	1	Application	1862517	Mon Jun 15 00:59:46 2026	213	Directory Synchronization	N/A	N/A	Information	OST-DC01.onesystems.local	N/A		{    "PasswordHashSync": true,    "ForcePasswordChangeOnLogOn": false,    "UserWriteback": false,    "DeviceWriteback": true,    "UnifiedGroupWriteback": false,    "GroupWritebackV2": false  }	18951607
<14>Jun 15 00:59:56 OST-DC01.onesystems.local MSWinEventLog	1	Application	1862559	Mon Jun 15 00:59:56 2026	213	Directory Synchronization	N/A	N/A	Information	OST-DC01.onesystems.local	N/A		{    "PasswordHashSync": true,    "ForcePasswordChangeOnLogOn": false,    "UserWriteback": false,    "DeviceWriteback": true,    "UnifiedGroupWriteback": false,    "GroupWritebackV2": false  }	18951648
<14>Jun 15 04:00:26 OST-DC01.onesystems.local MSWinEventLog	1	System	1867251	Mon Jun 15 04:00:26 2026	3	Virtual Disk Service	N/A	N/A	Information	OST-DC01.onesystems.local	N/A		Service started.	699870
<14>Jun 15 08:00:29 OST-DC01.onesystems.local MSWinEventLog	1	System	1873882	Mon Jun 15 08:00:29 2026	3	Virtual Disk Service	N/A	N/A	Information	OST-DC01.onesystems.local	N/A		Service started.	699951
<14>Jun 15 12:00:30 OST-DC01.onesystems.local MSWinEventLog	1	System	1891568	Mon Jun 15 12:00:30 2026	3	Virtual Disk Service	N/A	N/A	Information	OST-DC01.onesystems.local	N/A		Service started.	700030
<14>Jun 15 00:02:41 OST-DC01.onesystems.local MSWinEventLog	1	Application	1861029	Mon Jun 15 00:02:41 2026	31019	PasswordResetService	N/A	N/A	Information	OST-DC01.onesystems.local	N/A		TrackingId: a2dea74c-5a4d-49a8-ba76-2319bd31f15a, HeartBeat for Namespace: ssprdedicatedsbprodsea-1, Endpoint: 7931b7b0-b529-410d-b835-9009942888cb_4a246066-643b-4204-9bc7-5cec080e008b, Details: Version: 5.0.922.0	18951316
<14>Jun 15 00:02:41 OST-DC01.onesystems.local MSWinEventLog	1	Application	1861028	Mon Jun 15 00:02:41 2026	31019	PasswordResetService	N/A	N/A	Information	OST-DC01.onesystems.local	N/A		TrackingId: a2dea74c-5a4d-49a8-ba76-2319bd31f15a, HeartBeat for Namespace: ssprdedicatedsbprodneu, Endpoint: 7931b7b0-b529-410d-b835-9009942888cb_9c873073-aae4-4169-9cba-4148d194c6f2, Details: Version: 5.0.922.0	18951315
<14>Jun 15 00:07:41 OST-DC01.onesystems.local MSWinEventLog	1	Application	1861111	Mon Jun 15 00:07:41 2026	31019	PasswordResetService	N/A	N/A	Information	OST-DC01.onesystems.local	N/A		TrackingId: a2dea74c-5a4d-49a8-ba76-2319bd31f15a, HeartBeat for Namespace: ssprdedicatedsbprodneu, Endpoint: 7931b7b0-b529-410d-b835-9009942888cb_9c873073-aae4-4169-9cba-4148d194c6f2, Details: Version: 5.0.922.0	18951321
<14>Jun 15 00:07:41 OST-DC01.onesystems.local MSWinEventLog	1	Application	1861112	Mon Jun 15 00:07:41 2026	31019	PasswordResetService	N/A	N/A	Information	OST-DC01.onesystems.local	N/A		TrackingId: a2dea74c-5a4d-49a8-ba76-2319bd31f15a, HeartBeat for Namespace: ssprdedicatedsbprodsea-1, Endpoint: 7931b7b0-b529-410d-b835-9009942888cb_4a246066-643b-4204-9bc7-5cec080e008b, Details: Version: 5.0.922.0	18951322
<14>Jun 15 00:16:45 OST-DC01.onesystems.local MSWinEventLog	1	Application	1861310	Mon Jun 15 00:16:45 2026	31030	PasswordResetService	N/A	N/A	Information	OST-DC01.onesystems.local	N/A		TrackingId: a2dea74c-5a4d-49a8-ba76-2319bd31f15a, ServiceHost for Namespace: ssprdedicatedsbprodsea-1, Endpoint: 7931b7b0-b529-410d-b835-9009942888cb_4a246066-643b-4204-9bc7-5cec080e008b running, Details: Version: 5.0.922.0	18951325
<14>Jun 15 00:16:46 OST-DC01.onesystems.local MSWinEventLog	1	Application	1861311	Mon Jun 15 00:16:46 2026	31030	PasswordResetService	N/A	N/A	Information	OST-DC01.onesystems.local	N/A		TrackingId: a2dea74c-5a4d-49a8-ba76-2319bd31f15a, ServiceHost for Namespace: ssprdedicatedsbprodneu, Endpoint: 7931b7b0-b529-410d-b835-9009942888cb_9c873073-aae4-4169-9cba-4148d194c6f2 running, Details: Version: 5.0.922.0	18951326
<14>Jun 15 00:46:45 OST-DC01.onesystems.local MSWinEventLog	1	Application	1862209	Mon Jun 15 00:46:45 2026	31030	PasswordResetService	N/A	N/A	Information	OST-DC01.onesystems.local	N/A		TrackingId: a2dea74c-5a4d-49a8-ba76-2319bd31f15a, ServiceHost for Namespace: ssprdedicatedsbprodsea-1, Endpoint: 7931b7b0-b529-410d-b835-9009942888cb_4a246066-643b-4204-9bc7-5cec080e008b running, Details: Version: 5.0.922.0	18951514
<14>Jun 15 00:46:46 OST-DC01.onesystems.local MSWinEventLog	1	Application	1862210	Mon Jun 15 00:46:46 2026	31030	PasswordResetService	N/A	N/A	Information	OST-DC01.onesystems.local	N/A		TrackingId: a2dea74c-5a4d-49a8-ba76-2319bd31f15a, ServiceHost for Namespace: ssprdedicatedsbprodneu, Endpoint: 7931b7b0-b529-410d-b835-9009942888cb_9c873073-aae4-4169-9cba-4148d194c6f2 running, Details: Version: 5.0.922.0	18951515
<14>Jun 15 02:16:50 OST-DC01.onesystems.local MSWinEventLog	1	Application	1864455	Mon Jun 15 02:16:50 2026	31033	PasswordResetService	N/A	N/A	Information	OST-DC01.onesystems.local	N/A		TrackingId: a2dea74c-5a4d-49a8-ba76-2319bd31f15a, Listener for Namespace: ssprdedicatedsbprodneu, Endpoint: 7931b7b0-b529-410d-b835-9009942888cb_9c873073-aae4-4169-9cba-4148d194c6f2 online Event, Details: Version: 5.0.922.0	18952041
<14>Jun 15 09:01:26 OST-DC01.onesystems.local MSWinEventLog	1	Application	1878335	Mon Jun 15 09:01:26 2026	31033	PasswordResetService	N/A	N/A	Information	OST-DC01.onesystems.local	N/A		TrackingId: a2dea74c-5a4d-49a8-ba76-2319bd31f15a, Listener for Namespace: ssprdedicatedsbprodsea-1, Endpoint: 7931b7b0-b529-410d-b835-9009942888cb_4a246066-643b-4204-9bc7-5cec080e008b online Event, Details: Version: 5.0.922.0	18954553
<14>Jun 15 02:16:45 OST-DC01.onesystems.local MSWinEventLog	1	Application	1864450	Mon Jun 15 02:16:45 2026	31035	PasswordResetService	N/A	N/A	Information	OST-DC01.onesystems.local	N/A		TrackingId: a2dea74c-5a4d-49a8-ba76-2319bd31f15a, Listener for Namespace: ssprdedicatedsbprodneu, Endpoint: 7931b7b0-b529-410d-b835-9009942888cb_9c873073-aae4-4169-9cba-4148d194c6f2 connecting Event, Details: Version: 5.0.922.0	18952037
<14>Jun 15 09:01:23 OST-DC01.onesystems.local MSWinEventLog	1	Application	1878331	Mon Jun 15 09:01:23 2026	31035	PasswordResetService	N/A	N/A	Information	OST-DC01.onesystems.local	N/A		TrackingId: a2dea74c-5a4d-49a8-ba76-2319bd31f15a, Listener for Namespace: ssprdedicatedsbprodsea-1, Endpoint: 7931b7b0-b529-410d-b835-9009942888cb_4a246066-643b-4204-9bc7-5cec080e008b connecting Event, Details: Version: 5.0.922.0	18954552
<14>Jun 15 00:16:46 OST-DC01.onesystems.local MSWinEventLog	1	Application	1861312	Mon Jun 15 00:16:46 2026	31042	PasswordResetService	N/A	N/A	Information	OST-DC01.onesystems.local	N/A		TrackingId: a2dea74c-5a4d-49a8-ba76-2319bd31f15a, Password writeback service is in a healthy state. All serviceHosts for service bus endpoints are in running state, Details: Version: 5.0.922.0	18951327
<14>Jun 15 00:46:46 OST-DC01.onesystems.local MSWinEventLog	1	Application	1862211	Mon Jun 15 00:46:46 2026	31042	PasswordResetService	N/A	N/A	Information	OST-DC01.onesystems.local	N/A		TrackingId: a2dea74c-5a4d-49a8-ba76-2319bd31f15a, Password writeback service is in a healthy state. All serviceHosts for service bus endpoints are in running state, Details: Version: 5.0.922.0	18951516
<14>Jun 15 01:46:46 OST-DC01.onesystems.local MSWinEventLog	1	Application	1863705	Mon Jun 15 01:46:46 2026	31042	PasswordResetService	N/A	N/A	Information	OST-DC01.onesystems.local	N/A		TrackingId: a2dea74c-5a4d-49a8-ba76-2319bd31f15a, Password writeback service is in a healthy state. All serviceHosts for service bus endpoints are in running state, Details: Version: 5.0.922.0	18951869
<14>Jun 15 01:30:05 OST-DC01.onesystems.local MSWinEventLog	1	Application	1863372	Mon Jun 15 01:30:05 2026	31053	PasswordResetService	N/A	N/A	Information	OST-DC01.onesystems.local	N/A		TrackingId: 1925521a-06fb-4113-96da-f5bbc9fe193a, Version of the existing writeback component Version10, Details: 	18951829
<14>Jun 15 04:00:27 OST-DC01.onesystems.local MSWinEventLog	1	Application	1867259	Mon Jun 15 04:00:27 2026	31053	PasswordResetService	N/A	N/A	Information	OST-DC01.onesystems.local	N/A		TrackingId: 1925521a-06fb-4113-96da-f5bbc9fe193a, Version of the existing writeback component Version10, Details: 	18952721
<14>Jun 15 05:30:26 OST-DC01.onesystems.local MSWinEventLog	1	Application	1869851	Mon Jun 15 05:30:26 2026	31053	PasswordResetService	N/A	N/A	Information	OST-DC01.onesystems.local	N/A		TrackingId: 1925521a-06fb-4113-96da-f5bbc9fe193a, Version of the existing writeback component Version10, Details: 	18953292
<14>Jun 15 07:00:33 OST-DC01.onesystems.local MSWinEventLog	1	Application	1872236	Mon Jun 15 07:00:33 2026	31053	PasswordResetService	N/A	N/A	Information	OST-DC01.onesystems.local	N/A		TrackingId: 1925521a-06fb-4113-96da-f5bbc9fe193a, Version of the existing writeback component Version10, Details: 	18953816
<14>Jun 15 01:30:05 OST-DC01.onesystems.local MSWinEventLog	1	Application	1863376	Mon Jun 15 01:30:05 2026	31056	PasswordResetService	N/A	N/A	Information	OST-DC01.onesystems.local	N/A		TrackingId: 1925521a-06fb-4113-96da-f5bbc9fe193a, Onboarding is not required during the autoupdate, Details: 	18951830
<14>Jun 15 04:00:27 OST-DC01.onesystems.local MSWinEventLog	1	Application	1867263	Mon Jun 15 04:00:27 2026	31056	PasswordResetService	N/A	N/A	Information	OST-DC01.onesystems.local	N/A		TrackingId: 1925521a-06fb-4113-96da-f5bbc9fe193a, Onboarding is not required during the autoupdate, Details: 	18952725
<14>Jun 15 05:30:26 OST-DC01.onesystems.local MSWinEventLog	1	Application	1869852	Mon Jun 15 05:30:26 2026	31056	PasswordResetService	N/A	N/A	Information	OST-DC01.onesystems.local	N/A		TrackingId: 1925521a-06fb-4113-96da-f5bbc9fe193a, Onboarding is not required during the autoupdate, Details: 	18953293
<14>Jun 15 07:00:33 OST-DC01.onesystems.local MSWinEventLog	1	Application	1872237	Mon Jun 15 07:00:33 2026	31056	PasswordResetService	N/A	N/A	Information	OST-DC01.onesystems.local	N/A		TrackingId: 1925521a-06fb-4113-96da-f5bbc9fe193a, Onboarding is not required during the autoupdate, Details: 	18953817
<14>Jun 15 01:30:06 OST-DC01.onesystems.local MSWinEventLog	1	Application	1863381	Mon Jun 15 01:30:06 2026	31059	PasswordResetService	N/A	N/A	Information	OST-DC01.onesystems.local	N/A		TrackingId: 1925521a-06fb-4113-96da-f5bbc9fe193a, Checking if registering client version is needed, Details: Registered Version:Version10, Current Version: Version10, shouldRegister:False	18951835
<14>Jun 15 04:00:28 OST-DC01.onesystems.local MSWinEventLog	1	Application	1867268	Mon Jun 15 04:00:28 2026	31059	PasswordResetService	N/A	N/A	Information	OST-DC01.onesystems.local	N/A		TrackingId: 1925521a-06fb-4113-96da-f5bbc9fe193a, Checking if registering client version is needed, Details: Registered Version:Version10, Current Version: Version10, shouldRegister:False	18952730
<14>Jun 15 05:30:27 OST-DC01.onesystems.local MSWinEventLog	1	Application	1869857	Mon Jun 15 05:30:27 2026	31059	PasswordResetService	N/A	N/A	Information	OST-DC01.onesystems.local	N/A		TrackingId: 1925521a-06fb-4113-96da-f5bbc9fe193a, Checking if registering client version is needed, Details: Registered Version:Version10, Current Version: Version10, shouldRegister:False	18953298
<14>Jun 15 07:00:33 OST-DC01.onesystems.local MSWinEventLog	1	Application	1872242	Mon Jun 15 07:00:33 2026	31059	PasswordResetService	N/A	N/A	Information	OST-DC01.onesystems.local	N/A		TrackingId: 1925521a-06fb-4113-96da-f5bbc9fe193a, Checking if registering client version is needed, Details: Registered Version:Version10, Current Version: Version10, shouldRegister:False	18953822
<14>Jun 15 04:00:30 OST-DC01.onesystems.local MSWinEventLog	1	Application	1867289	Mon Jun 15 04:00:30 2026	326	ESENT	N/A	N/A	Information	OST-DC01.onesystems.local	General		DFSRs (2752) \\.\C:\System Volume Information\DFSR\database_4C20_66B6_2066_A6A4\dfsr.db: The database engine attached a database (1, \\.\C:\System Volume Information\DFSR\database_4C20_66B6_2066_A6A4\dfsr.db). (Time=0 seconds)      Internal Timing Sequence: [1] 0.000, [2] 0.015, [3] 0.547, [4] 0.000, [5] 0.000, [6] 0.000, [7] 0.016, [8] 0.000, [9] 0.000, [10] 0.000, [11] 0.000, [12] 0.000.   Saved Cache: 0 0	18952741
<14>Jun 15 08:00:32 OST-DC01.onesystems.local MSWinEventLog	1	Application	1873910	Mon Jun 15 08:00:32 2026	326	ESENT	N/A	N/A	Information	OST-DC01.onesystems.local	General		DFSRs (2752) \\.\C:\System Volume Information\DFSR\database_4C20_66B6_2066_A6A4\dfsr.db: The database engine attached a database (1, \\.\C:\System Volume Information\DFSR\database_4C20_66B6_2066_A6A4\dfsr.db). (Time=0 seconds)      Internal Timing Sequence: [1] 0.000, [2] 0.015, [3] 0.469, [4] 0.000, [5] 0.016, [6] 0.015, [7] 0.000, [8] 0.000, [9] 0.000, [10] 0.000, [11] 0.000, [12] 0.000.   Saved Cache: 0 0	18954161
<14>Jun 15 12:00:34 OST-DC01.onesystems.local MSWinEventLog	1	Application	1891620	Mon Jun 15 12:00:34 2026	326	ESENT	N/A	N/A	Information	OST-DC01.onesystems.local	General		DFSRs (2752) \\.\C:\System Volume Information\DFSR\database_4C20_66B6_2066_A6A4\dfsr.db: The database engine attached a database (1, \\.\C:\System Volume Information\DFSR\database_4C20_66B6_2066_A6A4\dfsr.db). (Time=0 seconds)      Internal Timing Sequence: [1] 0.000, [2] 0.047, [3] 0.406, [4] 0.000, [5] 0.000, [6] 0.016, [7] 0.015, [8] 0.000, [9] 0.000, [10] 0.000, [11] 0.000, [12] 0.000.   Saved Cache: 0 0	18955511
<14>Jun 15 04:00:11 OST-DC01.onesystems.local MSWinEventLog	1	System	1867219	Mon Jun 15 04:00:11 2026	4	Virtual Disk Service	N/A	N/A	Information	OST-DC01.onesystems.local	N/A		Service stopped.	699868
<14>Jun 15 08:00:12 OST-DC01.onesystems.local MSWinEventLog	1	System	1873820	Mon Jun 15 08:00:12 2026	4	Virtual Disk Service	N/A	N/A	Information	OST-DC01.onesystems.local	N/A		Service stopped.	699949
<14>Jun 15 12:00:11 OST-DC01.onesystems.local MSWinEventLog	1	System	1891480	Mon Jun 15 12:00:11 2026	4	Virtual Disk Service	N/A	N/A	Information	OST-DC01.onesystems.local	N/A		Service stopped.	700028
<14>Jun 15 00:30:02 OST-DC01.onesystems.local MSWinEventLog	1	Application	1861795	Mon Jun 15 00:30:02 2026	402	Directory Synchronization	N/A	N/A	Information	OST-DC01.onesystems.local	N/A		DrsCertificateSyncUtility:GetDrsConfigurationContainerEntry forest=onesystems.local,userName=onesystems.local\MSOL_1693b99422a8	18951466
<14>Jun 15 00:30:02 OST-DC01.onesystems.local MSWinEventLog	1	Application	1861796	Mon Jun 15 00:30:02 2026	402	Directory Synchronization	N/A	N/A	Information	OST-DC01.onesystems.local	N/A		DrsCertificateSyncUtility:GetDeviceConfigurationDirectoryEntry path=LDAP://onesystems.local/RootDSE,userName=onesystems.local\MSOL_1693b99422a8	18951467
<14>Jun 15 00:29:36 OST-DC01.onesystems.local MSWinEventLog	1	Application	1861629	Mon Jun 15 00:29:36 2026	405	ADSync	N/A	N/A	Information	OST-DC01.onesystems.local	Server		Call sync ldap_bind for DomainName=onesystems.local, UserName=MSOL_1693b99422a8.  	18951377
<14>Jun 15 00:30:01 OST-DC01.onesystems.local MSWinEventLog	1	Application	1861778	Mon Jun 15 00:30:01 2026	405	ADSync	N/A	N/A	Information	OST-DC01.onesystems.local	Server		Call sync ldap_bind for DomainName=onesystems.local, UserName=MSOL_1693b99422a8.  	18951458
<14>Jun 15 00:59:38 OST-DC01.onesystems.local MSWinEventLog	1	Application	1862484	Mon Jun 15 00:59:38 2026	405	ADSync	N/A	N/A	Information	OST-DC01.onesystems.local	Server		Call sync ldap_bind for DomainName=onesystems.local, UserName=MSOL_1693b99422a8.  	18951577
<14>Jun 15 01:00:03 OST-DC01.onesystems.local MSWinEventLog	1	Application	1862575	Mon Jun 15 01:00:03 2026	405	ADSync	N/A	N/A	Information	OST-DC01.onesystems.local	Server		Call sync ldap_bind for DomainName=onesystems.local, UserName=MSOL_1693b99422a8.  	18951658
<14>Jun 15 00:01:09 OST-DC01.onesystems.local MSWinEventLog	1	Security	1860978	Mon Jun 15 00:01:09 2026	4624	Microsoft-Windows-Security-Auditing	N/A	N/A	Success Audit	OST-DC01.onesystems.local	Logon		An account was successfully logged on.    Subject:   Security ID:  S-1-0-0   Account Name:  -   Account Domain:  -   Logon ID:  0x0    Logon Information:   Logon Type:  3   Restricted Admin Mode: -   Virtual Account:  No   Elevated Token:  Yes    Impersonation Level:  Impersonation    New Logon:   Security ID:  S-1-5-18   Account Name:  OST-DC01$   Account Domain:  ONESYSTEMS.LOCAL   Logon ID:  0x37FB8C77   Linked Logon ID:  0x0   Network Account Name: -   Network Account Domain: -   Logon GUID:  {B6D38F02-4D11-F676-C480-407A125E44AD}    Process Information:   Process ID:  0x0   Process Name:  -    Network Information:   Workstation Name: -   Source Network Address: 127.0.0.1   Source Port:  50192    Detailed Authentication Information:   Logon Process:  Kerberos   Authentication Package: Kerberos   Transited Services: -   Package Name (NTLM only): -   Key Length:  0    This event is generated when a logon session is created. It is generated on the computer that was accessed.    The subject fields indicate the account on the local system which requested the logon. This is most commonly a service such as the Server service, or a local process such as Winlogon.exe or Services.exe.    The logon type field indicates the kind of logon that occurred. The most common types are 2 (interactive) and 3 (network).    The New Logon fields indicate the account for whom the new logon was created, i.e. the account that was logged on.    The network fields indicate where a remote logon request originated. Workstation name is not always available and may be left blank in some cases.    The impersonation level field indicates the extent to which a process in the logon session can impersonate.    The authentication information fields provide detailed information about this specific logon request.   - Logon GUID is a unique identifier that can be used to correlate this event with a KDC event.   - Transited services indicate which intermediate services have participated in this logon request.   - Package name indicates which sub-protocol was used among the NTLM protocols.   - Key length indicates the length of the generated session key. This will be 0 if no session key was requested.	22116845
<14>Jun 15 00:01:17 OST-DC01.onesystems.local MSWinEventLog	1	Security	1860980	Mon Jun 15 00:01:17 2026	4624	Microsoft-Windows-Security-Auditing	N/A	N/A	Success Audit	OST-DC01.onesystems.local	Logon		An account was successfully logged on.    Subject:   Security ID:  S-1-0-0   Account Name:  -   Account Domain:  -   Logon ID:  0x0    Logon Information:   Logon Type:  3   Restricted Admin Mode: -   Virtual Account:  No   Elevated Token:  Yes    Impersonation Level:  Impersonation    New Logon:   Security ID:  S-1-5-18   Account Name:  OST-DC01$   Account Domain:  ONESYSTEMS.LOCAL   Logon ID:  0x37FB9275   Linked Logon ID:  0x0   Network Account Name: -   Network Account Domain: -   Logon GUID:  {380DFA88-9CE6-3A8C-8524-8C7CD4330892}    Process Information:   Process ID:  0x0   Process Name:  -    Network Information:   Workstation Name: -   Source Network Address: 10.6.11.232   Source Port:  50194    Detailed Authentication Information:   Logon Process:  Kerberos   Authentication Package: Kerberos   Transited Services: -   Package Name (NTLM only): -   Key Length:  0    This event is generated when a logon session is created. It is generated on the computer that was accessed.    The subject fields indicate the account on the local system which requested the logon. This is most commonly a service such as the Server service, or a local process such as Winlogon.exe or Services.exe.    The logon type field indicates the kind of logon that occurred. The most common types are 2 (interactive) and 3 (network).    The New Logon fields indicate the account for whom the new logon was created, i.e. the account that was logged on.    The network fields indicate where a remote logon request originated. Workstation name is not always available and may be left blank in some cases.    The impersonation level field indicates the extent to which a process in the logon session can impersonate.    The authentication information fields provide detailed information about this specific logon request.   - Logon GUID is a unique identifier that can be used to correlate this event with a KDC event.   - Transited services indicate which intermediate services have participated in this logon request.   - Package name indicates which sub-protocol was used among the NTLM protocols.   - Key length indicates the length of the generated session key. This will be 0 if no session key was requested.	22116847
<14>Jun 15 00:01:17 OST-DC01.onesystems.local MSWinEventLog	1	Security	1860981	Mon Jun 15 00:01:17 2026	4624	Microsoft-Windows-Security-Auditing	N/A	N/A	Success Audit	OST-DC01.onesystems.local	Logon		An account was successfully logged on.    Subject:   Security ID:  S-1-0-0   Account Name:  -   Account Domain:  -   Logon ID:  0x0    Logon Information:   Logon Type:  3   Restricted Admin Mode: -   Virtual Account:  No   Elevated Token:  Yes    Impersonation Level:  Delegation    New Logon:   Security ID:  S-1-5-18   Account Name:  OST-DC01$   Account Domain:  ONESYSTEMS.LOCAL   Logon ID:  0x37FB9300   Linked Logon ID:  0x0   Network Account Name: -   Network Account Domain: -   Logon GUID:  {380DFA88-9CE6-3A8C-8524-8C7CD4330892}    Process Information:   Process ID:  0x0   Process Name:  -    Network Information:   Workstation Name: -   Source Network Address: ::1   Source Port:  50195    Detailed Authentication Information:   Logon Process:  Kerberos   Authentication Package: Kerberos   Transited Services: -   Package Name (NTLM only): -   Key Length:  0    This event is generated when a logon session is created. It is generated on the computer that was accessed.    The subject fields indicate the account on the local system which requested the logon. This is most commonly a service such as the Server service, or a local process such as Winlogon.exe or Services.exe.    The logon type field indicates the kind of logon that occurred. The most common types are 2 (interactive) and 3 (network).    The New Logon fields indicate the account for whom the new logon was created, i.e. the account that was logged on.    The network fields indicate where a remote logon request originated. Workstation name is not always available and may be left blank in some cases.    The impersonation level field indicates the extent to which a process in the logon session can impersonate.    The authentication information fields provide detailed information about this specific logon request.   - Logon GUID is a unique identifier that can be used to correlate this event with a KDC event.   - Transited services indicate which intermediate services have participated in this logon request.   - Package name indicates which sub-protocol was used among the NTLM protocols.   - Key length indicates the length of the generated session key. This will be 0 if no session key was requested.	22116848
<14>Jun 15 00:01:17 OST-DC01.onesystems.local MSWinEventLog	1	Security	1860983	Mon Jun 15 00:01:17 2026	4624	Microsoft-Windows-Security-Auditing	N/A	N/A	Success Audit	OST-DC01.onesystems.local	Logon		An account was successfully logged on.    Subject:   Security ID:  S-1-0-0   Account Name:  -   Account Domain:  -   Logon ID:  0x0    Logon Information:   Logon Type:  3   Restricted Admin Mode: -   Virtual Account:  No   Elevated Token:  Yes    Impersonation Level:  Impersonation    New Logon:   Security ID:  S-1-5-18   Account Name:  OST-DC01$   Account Domain:  ONESYSTEMS.LOCAL   Logon ID:  0x37FB93DB   Linked Logon ID:  0x0   Network Account Name: -   Network Account Domain: -   Logon GUID:  {380DFA88-9CE6-3A8C-8524-8C7CD4330892}    Process Information:   Process ID:  0x0   Process Name:  -    Network Information:   Workstation Name: -   Source Network Address: ::1   Source Port:  0    Detailed Authentication Information:   Logon Process:  Kerberos   Authentication Package: Kerberos   Transited Services: -   Package Name (NTLM only): -   Key Length:  0    This event is generated when a logon session is created. It is generated on the computer that was accessed.    The subject fields indicate the account on the local system which requested the logon. This is most commonly a service such as the Server service, or a local process such as Winlogon.exe or Services.exe.    The logon type field indicates the kind of logon that occurred. The most common types are 2 (interactive) and 3 (network).    The New Logon fields indicate the account for whom the new logon was created, i.e. the account that was logged on.    The network fields indicate where a remote logon request originated. Workstation name is not always available and may be left blank in some cases.    The impersonation level field indicates the extent to which a process in the logon session can impersonate.    The authentication information fields provide detailed information about this specific logon request.   - Logon GUID is a unique identifier that can be used to correlate this event with a KDC event.   - Transited services indicate which intermediate services have participated in this logon request.   - Package name indicates which sub-protocol was used among the NTLM protocols.   - Key length indicates the length of the generated session key. This will be 0 if no session key was requested.	22116850
<11>Jun 15 00:20:47 OST-DC01.onesystems.local MSWinEventLog	3	Security	1861377	Mon Jun 15 00:20:47 2026	4625	Microsoft-Windows-Security-Auditing	N/A	N/A	Failure Audit	OST-DC01.onesystems.local	Logon		An account failed to log on.    Subject:   Security ID:  S-1-5-20   Account Name:  OST-DC01$   Account Domain:  ONESYSTEMS   Logon ID:  0x3E4    Logon Type:   3    Account For Which Logon Failed:   Security ID:  S-1-0-0   Account Name:  abishek.rethinaraj@onesystemstech.com   Account Domain:  ONESYSTEMS    Failure Information:   Failure Reason:  The specified account's password has expired.   Status:   0xC000006E   Sub Status:  0xC0000071    Process Information:   Caller Process ID: 0xc8c   Caller Process Name: C:\Program Files\Microsoft Azure AD Connect Authentication Agent\AzureADConnectAuthenticationAgentService.exe    Network Information:   Workstation Name: OST-DC01   Source Network Address: -   Source Port:  -    Detailed Authentication Information:   Logon Process:  Advapi     Authentication Package: Negotiate   Transited Services: -   Package Name (NTLM only): -   Key Length:  0    This event is generated when a logon request fails. It is generated on the computer where access was attempted.    The Subject fields indicate the account on the local system which requested the logon. This is most commonly a service such as the Server service, or a local process such as Winlogon.exe or Services.exe.    The Logon Type field indicates the kind of logon that was requested. The most common types are 2 (interactive) and 3 (network).    The Process Information fields indicate which account and process on the system requested the logon.    The Network Information fields indicate where a remote logon request originated. Workstation name is not always available and may be left blank in some cases.    The authentication information fields provide detailed information about this specific logon request.   - Transited services indicate which intermediate services have participated in this logon request.   - Package name indicates which sub-protocol was used among the NTLM protocols.   - Key length indicates the length of the generated session key. This will be 0 if no session key was requested.	22117223
