{"timestamp":"2026-06-15T07:00:40.666Z","location":"/tmp/aws-waf/vpc/flow-logs","data":{"type":"aws_vpc_flow","event_timestamp":"2026-06-13T07:00:38Z","event_id":"evt-vpc-005","raw_message":"2 041550429462 eni-0408c975a0b599e0f 118.196.87.226 10.141.10.250 47044 6379 6 1 60 1749801600 1749801660 REJECT OK","owner":"041550429462","logGroup":"/aws/vpc/flowlogs","logStream":"eni-0408c975a0b599e0f","flow":{"version":"2","account_id":"041550429462","interface_id":"eni-0408c975a0b599e0f","srcaddr":"118.196.87.226","dstaddr":"10.141.10.250","srcport":"47044","dstport":"6379","protocol":"6","packets":"1","bytes":"60","start":"1749801600","end":"1749801660","action":"REJECT","log_status":"OK"}}}
{"timestamp":"2026-06-15T07:00:45.777Z","location":"/var/log/auth.log","agent":{"name":"prod-app-server-01","ip":"10.141.10.250","os":{"platform":"ubuntu","name":"Ubuntu 22.04 LTS"}},"rule":{"id":"5710","level":5,"description":"sshd: authentication failed","groups":["authentication_failed","sshd"]},"decoder":{"name":"sshd","parent":"sshd"},"predecoder":{"hostname":"prod-app-server-01","program_name":"sshd","timestamp":"Jun 13 07:00:44"},"full_log":"Jun 13 07:00:44 prod-app-server-01 sshd[12345]: Failed password for invalid user admin from 185.220.101.47 port 54322 ssh2","data":{"srcip":"185.220.101.47"}}
{"timestamp":"2026-06-15T07:00:50.888Z","location":"/var/log/auth.log","agent":{"name":"prod-app-server-01","ip":"10.141.10.250","os":{"platform":"ubuntu","name":"Ubuntu 22.04 LTS"}},"rule":{"id":"5710","level":5,"description":"sshd: authentication failed","groups":["authentication_failed","sshd"]},"decoder":{"name":"sshd","parent":"sshd"},"predecoder":{"hostname":"prod-app-server-01","program_name":"sshd","timestamp":"Jun 13 07:00:49"},"full_log":"Jun 13 07:00:49 prod-app-server-01 sshd[12345]: Failed password for invalid user root from 185.220.101.47 port 54323 ssh2","data":{"srcip":"185.220.101.47"}}
{"timestamp":"2026-06-15T07:00:55.999Z","location":"/var/log/auth.log","agent":{"name":"prod-app-server-01","ip":"10.141.10.250","os":{"platform":"ubuntu","name":"Ubuntu 22.04 LTS"}},"rule":{"id":"5715","level":3,"description":"sshd: authentication success","groups":["authentication_success","sshd"]},"decoder":{"name":"sshd","parent":"sshd"},"predecoder":{"hostname":"prod-app-server-01","program_name":"sshd","timestamp":"Jun 13 07:00:54"},"full_log":"Jun 13 07:00:54 prod-app-server-01 sshd[12346]: Accepted publickey for ubuntu from 13.228.154.28 port 22 ssh2: RSA SHA256:abc123","data":{"srcip":"13.228.154.28","dstuser":"ubuntu"}}
{"timestamp":"2026-06-15T07:01:00.111Z","location":"/var/log/auth.log","agent":{"name":"prod-app-server-01","ip":"10.141.10.250","os":{"platform":"ubuntu","name":"Ubuntu 22.04 LTS"}},"rule":{"id":"5402","level":7,"description":"Successful sudo to root","groups":["sudo","authentication_success"]},"decoder":{"name":"sudo","parent":"sudo"},"predecoder":{"hostname":"prod-app-server-01","program_name":"sudo","timestamp":"Jun 13 07:01:00"},"full_log":"Jun 13 07:01:00 prod-app-server-01 sudo: ubuntu : TTY=pts/0 ; PWD=/home/ubuntu ; USER=root ; COMMAND=/bin/bash","data":{"srcuser":"ubuntu","dstuser":"root"}}
{"timestamp":"2026-06-15T07:01:05.222Z","location":"/var/log/syslog","agent":{"name":"prod-db-server-01","ip":"10.141.158.148","os":{"platform":"ubuntu","name":"Ubuntu 22.04 LTS"}},"rule":{"id":"5901","level":8,"description":"New user added to the system","groups":["account_changed","adduser"]},"decoder":{"name":"useradd","parent":"adduser"},"predecoder":{"hostname":"prod-db-server-01","program_name":"useradd","timestamp":"Jun 13 07:01:04"},"full_log":"Jun 13 07:01:04 prod-db-server-01 useradd[9999]: new user: name=backdoor, UID=0, GID=0, home=/root, shell=/bin/bash","data":{"dstuser":"backdoor"}}
{"timestamp":"2026-06-15T07:01:10.333Z","location":"/var/log/secure","agent":{"name":"prod-db-server-01","ip":"10.141.158.148","os":{"platform":"centos","name":"CentOS 7"}},"rule":{"id":"5503","level":3,"description":"User logged out","groups":["syslog","sshd"]},"decoder":{"name":"sshd"},"predecoder":{"hostname":"prod-db-server-01","program_name":"sshd","timestamp":"Jun 13 07:01:09"},"full_log":"Jun 13 07:01:09 prod-db-server-01 sshd[12347]: Disconnected from user ubuntu 13.228.154.28 port 22","data":{"srcip":"13.228.154.28"}}
{"timestamp":"2026-06-15T07:01:15.444Z","location":"EventChannel","agent":{"name":"prod-win-server-01","ip":"10.141.20.100","os":{"platform":"windows","name":"Windows Server 2022"}},"rule":{"id":"60106","level":5,"description":"Windows logon failure","groups":["win","authentication_failed"]},"decoder":{"name":"windows_eventchannel"},"full_log":"{\"win\":{\"system\":{\"providerName\":\"Microsoft-Windows-Security-Auditing\",\"eventID\":\"4625\",\"systemTime\":\"2026-06-13T07:01:14.000Z\",\"computer\":\"PROD-WIN-01\",\"message\":\"An account failed to log on.\"},\"eventdata\":{\"subjectUserSid\":\"S-1-0-0\",\"subjectUserName\":\"-\",\"subjectDomainName\":\"-\",\"targetUserSid\":\"S-1-0-0\",\"targetUserName\":\"Administrator\",\"targetDomainName\":\"PROD-WIN-01\",\"status\":\"0xC000006D\",\"failureReason\":\"%%2313\",\"subStatus\":\"0xC0000064\",\"logonType\":\"3\",\"logonProcessName\":\"NtLmSsp\",\"authenticationPackageName\":\"NTLM\",\"workstationName\":\"ATTACKER-PC\",\"ipAddress\":\"45.142.212.100\",\"ipPort\":\"49201\"}}}"}
{"timestamp":"2026-06-15T07:01:20.555Z","location":"EventChannel","agent":{"name":"prod-win-server-01","ip":"10.141.20.100","os":{"platform":"windows","name":"Windows Server 2022"}},"rule":{"id":"60137","level":12,"description":"Windows user account created","groups":["win","account_changed"]},"decoder":{"name":"windows_eventchannel"},"full_log":"{\"win\":{\"system\":{\"providerName\":\"Microsoft-Windows-Security-Auditing\",\"eventID\":\"4720\",\"systemTime\":\"2026-06-13T07:01:19.000Z\",\"computer\":\"PROD-WIN-01\",\"message\":\"A user account was created.\"},\"eventdata\":{\"subjectUserName\":\"Administrator\",\"subjectDomainName\":\"PROD-WIN-01\",\"targetUserName\":\"hacker_svc\",\"targetDomainName\":\"PROD-WIN-01\",\"privileges\":\"-\"}}}"}
{"timestamp":"2026-06-15T07:01:25.666Z","location":"EventChannel","agent":{"name":"prod-win-server-01","ip":"10.141.20.100","os":{"platform":"windows","name":"Windows Server 2022"}},"rule":{"id":"60103","level":3,"description":"Windows logon success","groups":["win","authentication_success"]},"decoder":{"name":"windows_eventchannel"},"full_log":"{\"win\":{\"system\":{\"providerName\":\"Microsoft-Windows-Security-Auditing\",\"eventID\":\"4624\",\"systemTime\":\"2026-06-13T07:01:24.000Z\",\"computer\":\"PROD-WIN-01\",\"message\":\"An account was successfully logged on.\"},\"eventdata\":{\"subjectUserName\":\"SYSTEM\",\"targetUserName\":\"svc_backup\",\"targetDomainName\":\"PROD-WIN-01\",\"logonType\":\"5\",\"ipAddress\":\"10.141.20.100\",\"ipPort\":\"0\",\"logonProcessName\":\"Advapi\",\"authenticationPackageName\":\"Negotiate\"}}}"}
{"timestamp":"2026-06-15T07:01:30.777Z","location":"/tmp/fortinet/fortigate","full_log":"date=2026-06-13 time=07:01:29 devname=\"FGT-PROD-01\" devid=\"FG100F1234567890\" logid=\"0000000013\" type=\"traffic\" subtype=\"forward\" level=\"notice\" vd=\"root\" eventtime=1749801689 srcip=185.220.101.47 srcport=45231 srcintf=\"wan1\" srcintfrole=\"wan\" dstip=10.141.1.64 dstport=443 dstintf=\"internal\" dstintfrole=\"lan\" poluuid=\"abc-123-def\" sessionid=123456 proto=6 action=\"accept\" policyid=10 policytype=\"policy\" service=\"HTTPS\" dstcountry=\"Reserved\" srccountry=\"Netherlands\" trandisp=\"snat\" transip=203.0.113.1 transport=45231 duration=30 sentbyte=15240 rcvdbyte=102400 sentpkt=45 rcvdpkt=89 appcat=\"Web.Client\" app=\"HTTPS\" utmaction=\"allow\" countapp=1"}
{"timestamp":"2026-06-15T07:01:35.888Z","location":"/tmp/fortinet/fortigate","full_log":"date=2026-06-13 time=07:01:34 devname=\"FGT-PROD-01\" devid=\"FG100F1234567890\" logid=\"0000000013\" type=\"traffic\" subtype=\"forward\" level=\"notice\" vd=\"root\" eventtime=1749801694 srcip=45.142.212.100 srcport=55234 srcintf=\"wan1\" srcintfrole=\"wan\" dstip=10.141.10.250 dstport=22 dstintf=\"internal\" dstintfrole=\"lan\" poluuid=\"abc-123-def\" sessionid=123457 proto=6 action=\"deny\" policyid=1 policytype=\"policy\" service=\"SSH\" dstcountry=\"Reserved\" srccountry=\"Russia\" trandisp=\"noop\" duration=0 sentbyte=60 rcvdbyte=0 sentpkt=1 rcvdpkt=0 utmaction=\"block\" countapp=0"}
{"timestamp":"2026-06-15T07:01:40.999Z","location":"/tmp/fortinet/fortigate","full_log":"date=2026-06-13 time=07:01:39 devname=\"FGT-PROD-01\" devid=\"FG100F1234567890\" logid=\"0000000014\" type=\"utm\" subtype=\"ips\" level=\"alert\" vd=\"root\" eventtime=1749801699 severity=\"critical\" srcip=91.108.56.177 srcport=44123 dstip=10.141.10.250 dstport=80 proto=6 action=\"dropped\" attack=\"MS.Office.Word.RTF.File.Processing.Memory.Corruption\" attackid=12345 sensor=\"default\" ref=\"http://www.fortiguard.com/encyclopedia/ips\" incidentserialno=123 msg=\"IPS signature matched: MS Office exploit attempt\""}
{"timestamp":"2026-06-15T07:01:45.111Z","location":"/tmp/fortinet/fortigate","full_log":"date=2026-06-13 time=07:01:44 devname=\"FGT-PROD-01\" devid=\"FG100F1234567890\" logid=\"0000000015\" type=\"event\" subtype=\"vpn\" level=\"information\" vd=\"root\" eventtime=1749801704 logdesc=\"SSL VPN tunnel up\" msg=\"SSL VPN Tunnel Up\" tunneltype=\"ssl-web\" tunnelid=789 remip=203.162.4.190 user=\"john.doe\" group=\"VPN-USERS\" dst_host=\"N/A\" action=\"tunnel-up\" reason=\"login\" duration=0"}
{"timestamp":"2026-06-15T07:01:50.222Z","location":"/tmp/fortinet/fortigate","full_log":"date=2026-06-13 time=07:01:49 devname=\"FGT-PROD-01\" devid=\"FG100F1234567890\" logid=\"0000000016\" type=\"utm\" subtype=\"webfilter\" level=\"warning\" vd=\"root\" eventtime=1749801709 srcip=10.141.20.100 srcport=51234 dstip=185.199.108.153 dstport=443 proto=6 action=\"blocked\" catdesc=\"Malware\" url=\"https://malware-c2-server.evil.com/beacon\" user=\"PROD-WIN-01\\hacker_svc\" profile=\"default\" msg=\"Web filter blocked malware C2 communication\""}
{"timestamp":"2026-06-15T07:02:00.333Z","location":"/tmp/aws-waf/waf/my-webacl","full_log":"{\"timestamp\":1749801720333,\"formatVersion\":1,\"webaclId\":\"arn:aws:wafv2:ap-southeast-1:041550429462:regional/webacl/prod-webacl/abc123\",\"terminatingRuleId\":\"AWS-AWSManagedRulesSQLiRuleSet\",\"terminatingRuleType\":\"MANAGED_RULE_GROUP\",\"action\":\"BLOCK\",\"terminatingRuleMatchDetails\":[{\"conditionType\":\"SQL_INJECTION\",\"sensitivityLevel\":\"HIGH\",\"location\":\"BODY\",\"matchedData\":[\"UNION\",\"SELECT\",\"password\"]}],\"httpSourceName\":\"ALB\",\"httpSourceId\":\"prod-alb-1234567890\",\"ruleGroupList\":[],\"rateBasedRuleList\":[],\"nonTerminatingMatchingRules\":[],\"requestHeadersInserted\":null,\"responseCodeSent\":403,\"labels\":[{\"name\":\"awswaf:managed:aws:sql-injection-rule-set:SQLi_Body\"}],\"httpRequest\":{\"clientIp\":\"185.220.101.47\",\"country\":\"NL\",\"headers\":[{\"name\":\"Host\",\"value\":\"api.prod.example.com\"},{\"name\":\"User-Agent\",\"value\":\"sqlmap/1.7.8#stable\"}],\"uri\":\"/api/v1/users/search\",\"args\":\"q=admin\",\"httpMethod\":\"POST\",\"requestId\":\"req-abc-005\",\"httpVersion\":\"HTTP/1.1\",\"host\":\"api.prod.example.com\",\"scheme\":\"https\"},\"requestBodySize\":200,\"requestBodySizeInspectedByWAF\":200}"}
{"timestamp":"2026-06-15T07:02:05.444Z","location":"/tmp/aws-waf/vpc/flow-logs","data":{"type":"aws_vpc_flow","event_timestamp":"2026-06-13T07:02:03Z","event_id":"evt-vpc-006","raw_message":"2 041550429462 eni-0039c0787d24c2c1b 185.220.101.47 10.141.1.64 54399 22 6 5 300 1749801720 1749801780 ACCEPT OK","owner":"041550429462","logGroup":"/aws/vpc/flowlogs","logStream":"eni-0039c0787d24c2c1b","flow":{"version":"2","account_id":"041550429462","interface_id":"eni-0039c0787d24c2c1b","srcaddr":"185.220.101.47","dstaddr":"10.141.1.64","srcport":"54399","dstport":"22","protocol":"6","packets":"5","bytes":"300","start":"1749801720","end":"1749801780","action":"ACCEPT","log_status":"OK"}}}
{"timestamp":"2026-06-15T07:02:10.555Z","location":"/var/log/auth.log","agent":{"name":"prod-app-server-01","ip":"10.141.10.250","os":{"platform":"ubuntu","name":"Ubuntu 22.04 LTS"}},"rule":{"id":"5710","level":5,"description":"sshd: authentication failed","groups":["authentication_failed","sshd"]},"decoder":{"name":"sshd","parent":"sshd"},"predecoder":{"hostname":"prod-app-server-01","program_name":"sshd","timestamp":"Jun 13 07:02:09"},"full_log":"Jun 13 07:02:09 prod-app-server-01 sshd[12348]: Failed password for invalid user admin from 185.220.101.47 port 54400 ssh2","data":{"srcip":"185.220.101.47"}}
{"timestamp":"2026-06-15T07:02:15.666Z","location":"/var/log/auth.log","agent":{"name":"prod-app-server-01","ip":"10.141.10.250","os":{"platform":"ubuntu","name":"Ubuntu 22.04 LTS"}},"rule":{"id":"5710","level":5,"description":"sshd: authentication failed","groups":["authentication_failed","sshd"]},"decoder":{"name":"sshd","parent":"sshd"},"predecoder":{"hostname":"prod-app-server-01","program_name":"sshd","timestamp":"Jun 13 07:02:14"},"full_log":"Jun 13 07:02:14 prod-app-server-01 sshd[12348]: Failed password for invalid user oracle from 185.220.101.47 port 54401 ssh2","data":{"srcip":"187.251.123.104"}}
