<14>Jun 15 00:34:05 OST-DC01.onesystems.local MSWinEventLog	1	Application	1861940	Mon Jun 15 00:34:05 2026	0	Directory Synchronization	N/A	N/A	Information	OST-DC01.onesystems.local	N/A		The security token lifetime has expired and and is being refreshed.	18951494
<14>Jun 15 01:34:23 OST-DC01.onesystems.local MSWinEventLog	1	Application	1863469	Mon Jun 15 01:34:23 2026	0	Directory Synchronization	N/A	N/A	Information	OST-DC01.onesystems.local	N/A		The security token lifetime has expired and and is being refreshed.	18951847
<14>Jun 15 02:28:00 OST-DC01.onesystems.local MSWinEventLog	1	Application	1864773	Mon Jun 15 02:28:00 2026	0	edgeupdate	N/A	N/A	Information	OST-DC01.onesystems.local	N/A		Service stopped.	18952048
<14>Jun 15 02:34:40 OST-DC01.onesystems.local MSWinEventLog	1	Application	1865046	Mon Jun 15 02:34:40 2026	0	Directory Synchronization	N/A	N/A	Information	OST-DC01.onesystems.local	N/A		The security token lifetime has expired and and is being refreshed.	18952193
<14>Jun 15 00:29:33 OST-DC01.onesystems.local MSWinEventLog	1	Application	1861589	Mon Jun 15 00:29:33 2026	1001	Directory Synchronization	N/A	N/A	Information	OST-DC01.onesystems.local	N/A		Scheduler::SchedulerThreadMain : SQL LocalDB Model Database Recovery Model:  SIMPLE Diagnostics:  DBCC execution completed. If DBCC printed error messages, contact your system administrator.    DBINFO STRUCTURE:        DBINFO @0x0000004DCC4FB710      dbi_version = 904                   dbi_createVersion = 897             dbi_SEVersion = 0    dbi_dvSplitPoint = 0:0:0 (0x00000000:00000000:0000)                          dbi_dbbackupLSN = 0:0:0 (0x00000000:00000000:0000)                           dbi_LastLogBackupTime = 1900-01-01 00:00:00.000                              dbi_nextseqnum = 1900-01-01 00:00:00.000                                 dbi_status = 0x40010008    dbi_crdate = 1900-01-01 00:00:00.000dbi_dbname = model                  dbi_dbid = 3    dbi_cmptlevel = 150                 dbi_masterfixups = 0                dbi_maxDbTimestamp = 2000    dbi_dbbackupLSN = 0:0:0 (0x00000000:00000000:0000)                       dbi_RebuildLogs = 0    dbi_differentialBaseLSN = 111:391:37 (0x0000006f:00000187:0025)          dbi_RestoreFlags = 0x0000    dbi_checkptLSN = 111:391:37 (0x0000006f:00000187:0025)                   dbi_dbccFlags = 2    dbi_COWLastLSN = 0:0:0 (0x00000000:00000000:0000)                            dbi_DirtyPageLSN = 111:391:37 (0x0000006f:00000187:0025)                 dbi_RecoveryFlags = 0x00000000    dbi_lastxact = 0x5e10               dbi_collation = 872468488           dbi_relstat = 0x41000000    dbi_PartitionDbFlags = 0            dbi_familyGUID = 00000000-0000-0000-0000-000000000000    dbi_maxLogSpaceUsed = 3493376         dbi_recoveryForkNameStack        entry 0      hex (dec) = 0x00000000:00000000:0000 (0:0:0)                                 m_guid = 90d16058-f1d1-4e96-8ec6-8d7bfda42f15                                  entry 1      hex (dec) = 0x00000000:00000000:0000 (0:0:0)                                 m_guid = 00000000-0000-0000-0000-000000000000                                dbi_differentialBaseGuid = 6cd6090a-0fc5-4a5d-9052-943008fd8dc2          dbi_firstSysIndexes = 0001:00000014    dbi_oldestBackupXactLSN = 0:0:0 (0x00000000:00000000:0000)                   dbi_versionChangeLSN = 35:240:3 (0x00000023:000000f0:0003)               dbi_mdUpgStat = 0x0004    dbi_category = 0x0000000000000000   dbi_safetySequence = 0                  dbi_dbMirrorId = 00000000-0000-0000-0000-000000000000                        dbi_pageUndoLsn = 0:0:0 (0x00000000:00000000:0000)                       dbi_pageUndoState = 0    dbi_disabledSequence = 0            dbi_dbmRedoLsn = 0:0:0 (0x00000000:00000000:0000)    dbi_dbmOldestXactLsn = 0:0:0 (0x00000000:00000000:0000)                  dbi_CloneCpuCount = 0    dbi_CloneMemorySize = 0             dbi_updSysCatalog = 1900-01-01 00:00:00.000    dbi_LogBackupChainOrigin = 0:0:0 (0x00000000:00000000:0000)                  dbi_dbccLastKnownGood = 1900-01-01 00:00:00.000                          dbi_roleSequence = 0    dbi_dbmHardenedLsn = 0:0:0 (0x00000000:00000000:0000)                    dbi_localState = 0    dbi_safety = 0                      dbi_modDate = 1900-01-01 00:00:00.000    dbi_verRDB = 251662378              dbi_delayedDurabilityOption = 0         dbi_acceleratedDatabaseRecoveryOption = 0                                dbi_stalePageDetectionOption = 0    dbi_inMemorydbOption = 0            dbi_svcBrokerGUID = 00000000-0000-0000-0000-000000000000    dbi_svcBrokerOptions = 0x00000000   dbi_dbmLogZeroOutstanding = 0       dbi_dbmLastGoodRoleSequence = 0    dbi_dbmRedoQueue = 0                dbi_dbmRedoQueueType = 0            dbi_rmidRegistryValueDeleted = 0    dbi_dbmConnectionTimeout = 0        dbi_AuIdNext = 1099511627953            dbi_MinSkipLsn = 0:0:0 (0x00000000:00000000:0000)                        dbi_commitTsOfcheckptLSN = 0    dbi_dbEmptyVersionState = 0         dbi_CurrentGeneration = 0             dbi_EncryptionHistory        Scan 0      hex (dec) = 0x00000000:00000000:0000 (0:0:0)                                 EncryptionScanInfo:ScanId = 0             Scan 1      hex (dec) = 0x00000000:00000000:0000 (0:0:0)                                 EncryptionScanInfo:ScanId = 0             Scan 2      hex (dec) = 0x00000000:00000000:0000 (0:0:0)                                 EncryptionScanInfo:ScanId = 0           dbi_latestVersioningUpgradeLSN = 18:65:69 (0x00000012:00000041:0045)         dbi_PendingRestoreOutcomesId = 00000000-0000-0000-0000-000000000000      dbi_ContainmentState = 0    dbi_hkRecoveryLSN = 0:0:0 (0x00000000:00000000:0000)                         dbi_hkLogTruncationLSN = 0:0:0 (0x00000000:00000000:0000)                dbi_hkCompatibilityMode = 0    dbi_hkRootFile = 00000000-0000-0000-0000-000000000000                    dbi_hkRootFileWatermark = 0    dbi_hkTrimLSN = 0:0:0 (0x00000000:00000000:0000)                             dbi_hkUpgradeLSN = 0:0:0 (0x00000000:00000000:0000)                          dbi_hkUndeployLSN = 0:0:0 (0x00000000:00000000:0000)                     dbi_databaseMaxSizeBytes = 0    dbi_pvsRowsetIdRegular = 72057594042908672                                   dbi_pvsRowsetIdLongTerm = 72057594042974208                                  DBCC execution completed. If DBCC printed error messages, contact your system administrator.    	18951349
<14>Jun 15 00:59:35 OST-DC01.onesystems.local MSWinEventLog	1	Application	1862448	Mon Jun 15 00:59:35 2026	1001	Directory Synchronization	N/A	N/A	Information	OST-DC01.onesystems.local	N/A		Scheduler::SchedulerThreadMain : SQL LocalDB Model Database Recovery Model:  SIMPLE Diagnostics:  DBCC execution completed. If DBCC printed error messages, contact your system administrator.    DBINFO STRUCTURE:        DBINFO @0x0000004CDECFBA60      dbi_version = 904                   dbi_createVersion = 897             dbi_SEVersion = 0    dbi_dvSplitPoint = 0:0:0 (0x00000000:00000000:0000)                          dbi_dbbackupLSN = 0:0:0 (0x00000000:00000000:0000)                           dbi_LastLogBackupTime = 1900-01-01 00:00:00.000                              dbi_nextseqnum = 1900-01-01 00:00:00.000                                 dbi_status = 0x40010008    dbi_crdate = 1900-01-01 00:00:00.000dbi_dbname = model                  dbi_dbid = 3    dbi_cmptlevel = 150                 dbi_masterfixups = 0                dbi_maxDbTimestamp = 2000    dbi_dbbackupLSN = 0:0:0 (0x00000000:00000000:0000)                       dbi_RebuildLogs = 0    dbi_differentialBaseLSN = 111:391:37 (0x0000006f:00000187:0025)          dbi_RestoreFlags = 0x0000    dbi_checkptLSN = 111:391:37 (0x0000006f:00000187:0025)                   dbi_dbccFlags = 2    dbi_COWLastLSN = 0:0:0 (0x00000000:00000000:0000)                            dbi_DirtyPageLSN = 111:391:37 (0x0000006f:00000187:0025)                 dbi_RecoveryFlags = 0x00000000    dbi_lastxact = 0x5e10               dbi_collation = 872468488           dbi_relstat = 0x41000000    dbi_PartitionDbFlags = 0            dbi_familyGUID = 00000000-0000-0000-0000-000000000000    dbi_maxLogSpaceUsed = 3493376         dbi_recoveryForkNameStack        entry 0      hex (dec) = 0x00000000:00000000:0000 (0:0:0)                                 m_guid = 90d16058-f1d1-4e96-8ec6-8d7bfda42f15                                  entry 1      hex (dec) = 0x00000000:00000000:0000 (0:0:0)                                 m_guid = 00000000-0000-0000-0000-000000000000                                dbi_differentialBaseGuid = 6cd6090a-0fc5-4a5d-9052-943008fd8dc2          dbi_firstSysIndexes = 0001:00000014    dbi_oldestBackupXactLSN = 0:0:0 (0x00000000:00000000:0000)                   dbi_versionChangeLSN = 35:240:3 (0x00000023:000000f0:0003)               dbi_mdUpgStat = 0x0004    dbi_category = 0x0000000000000000   dbi_safetySequence = 0                  dbi_dbMirrorId = 00000000-0000-0000-0000-000000000000                        dbi_pageUndoLsn = 0:0:0 (0x00000000:00000000:0000)                       dbi_pageUndoState = 0    dbi_disabledSequence = 0            dbi_dbmRedoLsn = 0:0:0 (0x00000000:00000000:0000)    dbi_dbmOldestXactLsn = 0:0:0 (0x00000000:00000000:0000)                  dbi_CloneCpuCount = 0    dbi_CloneMemorySize = 0             dbi_updSysCatalog = 1900-01-01 00:00:00.000    dbi_LogBackupChainOrigin = 0:0:0 (0x00000000:00000000:0000)                  dbi_dbccLastKnownGood = 1900-01-01 00:00:00.000                          dbi_roleSequence = 0    dbi_dbmHardenedLsn = 0:0:0 (0x00000000:00000000:0000)                    dbi_localState = 0    dbi_safety = 0                      dbi_modDate = 1900-01-01 00:00:00.000    dbi_verRDB = 251662378              dbi_delayedDurabilityOption = 0         dbi_acceleratedDatabaseRecoveryOption = 0                                dbi_stalePageDetectionOption = 0    dbi_inMemorydbOption = 0            dbi_svcBrokerGUID = 00000000-0000-0000-0000-000000000000    dbi_svcBrokerOptions = 0x00000000   dbi_dbmLogZeroOutstanding = 0       dbi_dbmLastGoodRoleSequence = 0    dbi_dbmRedoQueue = 0                dbi_dbmRedoQueueType = 0            dbi_rmidRegistryValueDeleted = 0    dbi_dbmConnectionTimeout = 0        dbi_AuIdNext = 1099511627953            dbi_MinSkipLsn = 0:0:0 (0x00000000:00000000:0000)                        dbi_commitTsOfcheckptLSN = 0    dbi_dbEmptyVersionState = 0         dbi_CurrentGeneration = 0             dbi_EncryptionHistory        Scan 0      hex (dec) = 0x00000000:00000000:0000 (0:0:0)                                 EncryptionScanInfo:ScanId = 0             Scan 1      hex (dec) = 0x00000000:00000000:0000 (0:0:0)                                 EncryptionScanInfo:ScanId = 0             Scan 2      hex (dec) = 0x00000000:00000000:0000 (0:0:0)                                 EncryptionScanInfo:ScanId = 0           dbi_latestVersioningUpgradeLSN = 18:65:69 (0x00000012:00000041:0045)         dbi_PendingRestoreOutcomesId = 00000000-0000-0000-0000-000000000000      dbi_ContainmentState = 0    dbi_hkRecoveryLSN = 0:0:0 (0x00000000:00000000:0000)                         dbi_hkLogTruncationLSN = 0:0:0 (0x00000000:00000000:0000)                dbi_hkCompatibilityMode = 0    dbi_hkRootFile = 00000000-0000-0000-0000-000000000000                    dbi_hkRootFileWatermark = 0    dbi_hkTrimLSN = 0:0:0 (0x00000000:00000000:0000)                             dbi_hkUpgradeLSN = 0:0:0 (0x00000000:00000000:0000)                          dbi_hkUndeployLSN = 0:0:0 (0x00000000:00000000:0000)                     dbi_databaseMaxSizeBytes = 0    dbi_pvsRowsetIdRegular = 72057594042908672                                   dbi_pvsRowsetIdLongTerm = 72057594042974208                                  DBCC execution completed. If DBCC printed error messages, contact your system administrator.    	18951549
<14>Jun 15 01:29:37 OST-DC01.onesystems.local MSWinEventLog	1	Application	1863231	Mon Jun 15 01:29:37 2026	1001	Directory Synchronization	N/A	N/A	Information	OST-DC01.onesystems.local	N/A		Scheduler::SchedulerThreadMain : SQL LocalDB Model Database Recovery Model:  SIMPLE Diagnostics:  DBCC execution completed. If DBCC printed error messages, contact your system administrator.    DBINFO STRUCTURE:        DBINFO @0x0000004D89CFBE10      dbi_version = 904                   dbi_createVersion = 897             dbi_SEVersion = 0    dbi_dvSplitPoint = 0:0:0 (0x00000000:00000000:0000)                          dbi_dbbackupLSN = 0:0:0 (0x00000000:00000000:0000)                           dbi_LastLogBackupTime = 1900-01-01 00:00:00.000                              dbi_nextseqnum = 1900-01-01 00:00:00.000                                 dbi_status = 0x40010008    dbi_crdate = 1900-01-01 00:00:00.000dbi_dbname = model                  dbi_dbid = 3    dbi_cmptlevel = 150                 dbi_masterfixups = 0                dbi_maxDbTimestamp = 2000    dbi_dbbackupLSN = 0:0:0 (0x00000000:00000000:0000)                       dbi_RebuildLogs = 0    dbi_differentialBaseLSN = 111:391:37 (0x0000006f:00000187:0025)          dbi_RestoreFlags = 0x0000    dbi_checkptLSN = 111:391:37 (0x0000006f:00000187:0025)                   dbi_dbccFlags = 2    dbi_COWLastLSN = 0:0:0 (0x00000000:00000000:0000)                            dbi_DirtyPageLSN = 111:391:37 (0x0000006f:00000187:0025)                 dbi_RecoveryFlags = 0x00000000    dbi_lastxact = 0x5e10               dbi_collation = 872468488           dbi_relstat = 0x41000000    dbi_PartitionDbFlags = 0            dbi_familyGUID = 00000000-0000-0000-0000-000000000000    dbi_maxLogSpaceUsed = 3493376         dbi_recoveryForkNameStack        entry 0      hex (dec) = 0x00000000:00000000:0000 (0:0:0)                                 m_guid = 90d16058-f1d1-4e96-8ec6-8d7bfda42f15                                  entry 1      hex (dec) = 0x00000000:00000000:0000 (0:0:0)                                 m_guid = 00000000-0000-0000-0000-000000000000                                dbi_differentialBaseGuid = 6cd6090a-0fc5-4a5d-9052-943008fd8dc2          dbi_firstSysIndexes = 0001:00000014    dbi_oldestBackupXactLSN = 0:0:0 (0x00000000:00000000:0000)                   dbi_versionChangeLSN = 35:240:3 (0x00000023:000000f0:0003)               dbi_mdUpgStat = 0x0004    dbi_category = 0x0000000000000000   dbi_safetySequence = 0                  dbi_dbMirrorId = 00000000-0000-0000-0000-000000000000                        dbi_pageUndoLsn = 0:0:0 (0x00000000:00000000:0000)                       dbi_pageUndoState = 0    dbi_disabledSequence = 0            dbi_dbmRedoLsn = 0:0:0 (0x00000000:00000000:0000)    dbi_dbmOldestXactLsn = 0:0:0 (0x00000000:00000000:0000)                  dbi_CloneCpuCount = 0    dbi_CloneMemorySize = 0             dbi_updSysCatalog = 1900-01-01 00:00:00.000    dbi_LogBackupChainOrigin = 0:0:0 (0x00000000:00000000:0000)                  dbi_dbccLastKnownGood = 1900-01-01 00:00:00.000                          dbi_roleSequence = 0    dbi_dbmHardenedLsn = 0:0:0 (0x00000000:00000000:0000)                    dbi_localState = 0    dbi_safety = 0                      dbi_modDate = 1900-01-01 00:00:00.000    dbi_verRDB = 251662378              dbi_delayedDurabilityOption = 0         dbi_acceleratedDatabaseRecoveryOption = 0                                dbi_stalePageDetectionOption = 0    dbi_inMemorydbOption = 0            dbi_svcBrokerGUID = 00000000-0000-0000-0000-000000000000    dbi_svcBrokerOptions = 0x00000000   dbi_dbmLogZeroOutstanding = 0       dbi_dbmLastGoodRoleSequence = 0    dbi_dbmRedoQueue = 0                dbi_dbmRedoQueueType = 0            dbi_rmidRegistryValueDeleted = 0    dbi_dbmConnectionTimeout = 0        dbi_AuIdNext = 1099511627953            dbi_MinSkipLsn = 0:0:0 (0x00000000:00000000:0000)                        dbi_commitTsOfcheckptLSN = 0    dbi_dbEmptyVersionState = 0         dbi_CurrentGeneration = 0             dbi_EncryptionHistory        Scan 0      hex (dec) = 0x00000000:00000000:0000 (0:0:0)                                 EncryptionScanInfo:ScanId = 0             Scan 1      hex (dec) = 0x00000000:00000000:0000 (0:0:0)                                 EncryptionScanInfo:ScanId = 0             Scan 2      hex (dec) = 0x00000000:00000000:0000 (0:0:0)                                 EncryptionScanInfo:ScanId = 0           dbi_latestVersioningUpgradeLSN = 18:65:69 (0x00000012:00000041:0045)         dbi_PendingRestoreOutcomesId = 00000000-0000-0000-0000-000000000000      dbi_ContainmentState = 0    dbi_hkRecoveryLSN = 0:0:0 (0x00000000:00000000:0000)                         dbi_hkLogTruncationLSN = 0:0:0 (0x00000000:00000000:0000)                dbi_hkCompatibilityMode = 0    dbi_hkRootFile = 00000000-0000-0000-0000-000000000000                    dbi_hkRootFileWatermark = 0    dbi_hkTrimLSN = 0:0:0 (0x00000000:00000000:0000)                             dbi_hkUpgradeLSN = 0:0:0 (0x00000000:00000000:0000)                          dbi_hkUndeployLSN = 0:0:0 (0x00000000:00000000:0000)                     dbi_databaseMaxSizeBytes = 0    dbi_pvsRowsetIdRegular = 72057594042908672                                   dbi_pvsRowsetIdLongTerm = 72057594042974208                                  DBCC execution completed. If DBCC printed error messages, contact your system administrator.    	18951708
<14>Jun 15 01:59:39 OST-DC01.onesystems.local MSWinEventLog	1	Application	1863956	Mon Jun 15 01:59:39 2026	1001	Directory Synchronization	N/A	N/A	Information	OST-DC01.onesystems.local	N/A		Scheduler::SchedulerThreadMain : SQL LocalDB Model Database Recovery Model:  SIMPLE Diagnostics:  DBCC execution completed. If DBCC printed error messages, contact your system administrator.    DBINFO STRUCTURE:        DBINFO @0x0000004DC9AFB9B0      dbi_version = 904                   dbi_createVersion = 897             dbi_SEVersion = 0    dbi_dvSplitPoint = 0:0:0 (0x00000000:00000000:0000)                          dbi_dbbackupLSN = 0:0:0 (0x00000000:00000000:0000)                           dbi_LastLogBackupTime = 1900-01-01 00:00:00.000                              dbi_nextseqnum = 1900-01-01 00:00:00.000                                 dbi_status = 0x40010008    dbi_crdate = 1900-01-01 00:00:00.000dbi_dbname = model                  dbi_dbid = 3    dbi_cmptlevel = 150                 dbi_masterfixups = 0                dbi_maxDbTimestamp = 2000    dbi_dbbackupLSN = 0:0:0 (0x00000000:00000000:0000)                       dbi_RebuildLogs = 0    dbi_differentialBaseLSN = 111:391:37 (0x0000006f:00000187:0025)          dbi_RestoreFlags = 0x0000    dbi_checkptLSN = 111:391:37 (0x0000006f:00000187:0025)                   dbi_dbccFlags = 2    dbi_COWLastLSN = 0:0:0 (0x00000000:00000000:0000)                            dbi_DirtyPageLSN = 111:391:37 (0x0000006f:00000187:0025)                 dbi_RecoveryFlags = 0x00000000    dbi_lastxact = 0x5e10               dbi_collation = 872468488           dbi_relstat = 0x41000000    dbi_PartitionDbFlags = 0            dbi_familyGUID = 00000000-0000-0000-0000-000000000000    dbi_maxLogSpaceUsed = 3493376         dbi_recoveryForkNameStack        entry 0      hex (dec) = 0x00000000:00000000:0000 (0:0:0)                                 m_guid = 90d16058-f1d1-4e96-8ec6-8d7bfda42f15                                  entry 1      hex (dec) = 0x00000000:00000000:0000 (0:0:0)                                 m_guid = 00000000-0000-0000-0000-000000000000                                dbi_differentialBaseGuid = 6cd6090a-0fc5-4a5d-9052-943008fd8dc2          dbi_firstSysIndexes = 0001:00000014    dbi_oldestBackupXactLSN = 0:0:0 (0x00000000:00000000:0000)                   dbi_versionChangeLSN = 35:240:3 (0x00000023:000000f0:0003)               dbi_mdUpgStat = 0x0004    dbi_category = 0x0000000000000000   dbi_safetySequence = 0                  dbi_dbMirrorId = 00000000-0000-0000-0000-000000000000                        dbi_pageUndoLsn = 0:0:0 (0x00000000:00000000:0000)                       dbi_pageUndoState = 0    dbi_disabledSequence = 0            dbi_dbmRedoLsn = 0:0:0 (0x00000000:00000000:0000)    dbi_dbmOldestXactLsn = 0:0:0 (0x00000000:00000000:0000)                  dbi_CloneCpuCount = 0    dbi_CloneMemorySize = 0             dbi_updSysCatalog = 1900-01-01 00:00:00.000    dbi_LogBackupChainOrigin = 0:0:0 (0x00000000:00000000:0000)                  dbi_dbccLastKnownGood = 1900-01-01 00:00:00.000                          dbi_roleSequence = 0    dbi_dbmHardenedLsn = 0:0:0 (0x00000000:00000000:0000)                    dbi_localState = 0    dbi_safety = 0                      dbi_modDate = 1900-01-01 00:00:00.000    dbi_verRDB = 251662378              dbi_delayedDurabilityOption = 0         dbi_acceleratedDatabaseRecoveryOption = 0                                dbi_stalePageDetectionOption = 0    dbi_inMemorydbOption = 0            dbi_svcBrokerGUID = 00000000-0000-0000-0000-000000000000    dbi_svcBrokerOptions = 0x00000000   dbi_dbmLogZeroOutstanding = 0       dbi_dbmLastGoodRoleSequence = 0    dbi_dbmRedoQueue = 0                dbi_dbmRedoQueueType = 0            dbi_rmidRegistryValueDeleted = 0    dbi_dbmConnectionTimeout = 0        dbi_AuIdNext = 1099511627953            dbi_MinSkipLsn = 0:0:0 (0x00000000:00000000:0000)                        dbi_commitTsOfcheckptLSN = 0    dbi_dbEmptyVersionState = 0         dbi_CurrentGeneration = 0             dbi_EncryptionHistory        Scan 0      hex (dec) = 0x00000000:00000000:0000 (0:0:0)                                 EncryptionScanInfo:ScanId = 0             Scan 1      hex (dec) = 0x00000000:00000000:0000 (0:0:0)                                 EncryptionScanInfo:ScanId = 0             Scan 2      hex (dec) = 0x00000000:00000000:0000 (0:0:0)                                 EncryptionScanInfo:ScanId = 0           dbi_latestVersioningUpgradeLSN = 18:65:69 (0x00000012:00000041:0045)         dbi_PendingRestoreOutcomesId = 00000000-0000-0000-0000-000000000000      dbi_ContainmentState = 0    dbi_hkRecoveryLSN = 0:0:0 (0x00000000:00000000:0000)                         dbi_hkLogTruncationLSN = 0:0:0 (0x00000000:00000000:0000)                dbi_hkCompatibilityMode = 0    dbi_hkRootFile = 00000000-0000-0000-0000-000000000000                    dbi_hkRootFileWatermark = 0    dbi_hkTrimLSN = 0:0:0 (0x00000000:00000000:0000)                             dbi_hkUpgradeLSN = 0:0:0 (0x00000000:00000000:0000)                          dbi_hkUndeployLSN = 0:0:0 (0x00000000:00000000:0000)                     dbi_databaseMaxSizeBytes = 0    dbi_pvsRowsetIdRegular = 72057594042908672                                   dbi_pvsRowsetIdLongTerm = 72057594042974208                                  DBCC execution completed. If DBCC printed error messages, contact your system administrator.    	18951902
<14>Jun 15 04:38:34 OST-DC01.onesystems.local MSWinEventLog	1	Application	1868304	Mon Jun 15 04:38:34 2026	1003	Microsoft-Windows-Security-SPP	N/A	N/A	Information	OST-DC01.onesystems.local	N/A		The Software Protection service has completed licensing status check.  Application Id=55c92734-d682-4d71-983e-d6ec3f16059f  Licensing Status= 1: 179bbfdb-3b18-4fa6-af8f-86f740f28fef, 1, 0 [(0 [0xC004F014, 0, 0], [(?)(?)(?)(?)(?)(?)(?)(?)])(1 )(2 )(3 )] 2: 22105925-48c3-4ff4-a294-f654bb27e390, 1, 0 [(0 [0xC004F014, 0, 0], [(?)(?)(?)(?)(?)(?)(?)(?)])(1 )(2 )(3 )] 3: 2e7a9ad1-a849-4b56-babe-17d5a29fe4b4, 1, 0 [(0 [0xC004F014, 0, 0], [(?)(?)(?)(?)(?)(?)(?)(?)])(1 )(2 )(3 )] 4: 3c006fa7-3b03-45a4-93da-63ddc1bdce11, 1, 0 [(0 [0xC004F014, 0, 0], [(?)(?)(?)(?)(?)(?)(?)(?)])(1 )(2 )(3 )] 5: 3c2da9a5-1c6e-45d1-855f-fdbef536676f, 1, 0 [(0 [0xC004F014, 0, 0], [(?)(?)(?)(?)(?)(?)(?)(?)])(1 )(2 )(3 )] 6: 60d99e35-ba21-46e5-abf9-877d5dd815de, 1, 0 [(0 [0xC004F014, 0, 0], [(?)(?)(?)(?)(?)(?)(?)(?)])(1 )(2 )(3 )] 7: 661f7658-7035-4b4c-9f35-010682943ec2, 1, 0 [(0 [0xC004F014, 0, 0], [(?)(?)(?)(?)(?)(?)(?)(?)])(1 )(2 )(3 )] 8: 8c1c5410-9f39-4805-8c9d-63a07706358f, 1, 0 [(0 [0xC004F014, 0, 0], [(?)(?)(?)(?)(?)(?)(?)(?)])(1 )(2 )(3 )] 9: 9db83b52-9904-4326-8957-ebe6feedf37c, 1, 0 [(0 [0xC004F014, 0, 0], [(?)(?)(?)(?)(?)(?)(?)(?)])(1 )(2 )(3 )] 10: a2ae7054-d580-4c06-a79b-1662e6f6955c, 1, 1 [(0 [0x00000000, 1, 0], [(?)( 1 0x00000000)(?)( 2 0x00000000 0 0 msft:rm/algorithm/hwid/4.0 0x00000000 0)(?)(?)( 10 0x00000000 msft:rm/algorithm/flags/1.0)(?)])(1 )(2 )(3 )] 11: afd55ac6-d0b0-4812-9047-6c756d82bedf, 1, 0 [(0 [0xC004F014, 0, 0], [(?)(?)(?)(?)(?)(?)(?)(?)])(1 )(2 )(3 )] 12: c0b765fd-6e2e-42f9-80d7-4a7ca0d118cf, 1, 0 [(0 [0xC004F014, 0, 0], [(?)(?)(?)(?)(?)(?)(?)(?)])(1 )(2 )(3 )] 13: d6992aac-29e7-452a-bf10-bbfb8ccabe59, 1, 0 [(0 [0xC004F014, 0, 0], [(?)(?)(?)(?)(?)(?)(?)(?)])(1 )(2 )(3 )] 14: e73aabfa-12bc-4705-b551-2dd076bebc7d, 1, 0 [(0 [0xC004F014, 0, 0], [(?)(?)(?)(?)(?)(?)(?)(?)])(1 )(2 )(3 )] 15: f3d100a3-7544-4580-be0b-88d452b4a881, 1, 0 [(0 [0xC004F014, 0, 0], [(?)(?)(?)(?)(?)(?)(?)(?)])(1 )(2 )(3 )] 16: f70cf82b-0a95-4f14-a0a9-cb968d337962, 1, 0 [(0 [0xC004F014, 0, 0], [(?)(?)(?)(?)(?)(?)(?)(?)])(1 )(2 )(3 )] 17: 0a0d7c2b-1348-49ac-a3b6-0544a02b0487, 1, 0 [(0 [0xC004F014, 0, 0], [(?)(?)(?)(?)(?)(?)(?)(?)])(1 )(2 )(3 )] 18: 4527aa66-c28b-4c75-89f9-12219c025bbd, 1, 0 [(0 [0xC004F014, 0, 0], [(?)(?)(?)(?)(?)(?)(?)(?)])(1 )(2 )(3 )] 19: 4cd0ab30-73a4-4dde-972c-512f05be31df, 1, 0 [(0 [0xC004F014, 0, 0], [(?)(?)(?)(?)(?)(?)(?)(?)])(1 )(2 )(3 )] 20: 5ccf6b5d-82ca-45ae-bd4a-97a0b8043b8f, 1, 0 [(0 [0xC004F014, 0, 0], [(?)(?)(?)(?)(?)(?)(?)(?)])(1 )(2 )(3 )] 21: 5e3e2365-8af0-4243-8b45-58f79a21fcd0, 1, 0 [(0 [0xC004F014, 0, 0], [(?)(?)(?)(?)(?)(?)(?)(?)])(1 )(2 )(3 )] 22: 5f16ef88-992e-4593-9380-8f67e12890d5, 1, 0 [(0 [0xC004F014, 0, 0], [(?)(?)(?)(?)(?)(?)(?)(?)])(1 )(2 )(3 )] 23: 66a821fd-67c3-4bad-a5a8-f489a9f3894c, 1, 0 [(0 [0xC004F014, 0, 0], [(?)(?)(?)(?)(?)(?)(?)(?)])(1 )(2 )(3 )] 24: 87a9e3b9-8bf6-4cdc-9064-78b4b8b17560, 1, 0 [(0 [0xC004F014, 0, 0], [(?)(?)(?)(?)(?)(?)(?)(?)])(1 )(2 )(3 )] 25: 91bcac0a-d7d3-4d2b-bd0c-72fed675f01b, 1, 0 [(0 [0xC004F014, 0, 0], [(?)(?)(?)(?)(?)(?)(?)(?)])(1 )(2 )(3 )] 26: b57dc6e1-607c-4c5d-96a6-8929dfdfade9, 1, 0 [(0 [0xC004F014, 0, 0], [(?)(?)(?)(?)(?)(?)(?)(?)])(1 )(2 )(3 )] 27: baa43e5a-197d-427a-9acd-e1f494b230d2, 1, 0 [(0 [0xC004F014, 0, 0], [(?)(?)(?)(?)(?)(?)(?)(?)])(1 )(2 )(3 )] 28: e0d89b2c-d3a7-445b-b6d6-65d6c92fe1e4, 1, 0 [(0 [0xC004F014, 0, 0], [(?)(?)(?)(?)(?)(?)(?)(?)])(1 )(2 )(3 )]  	18952927
<14>Jun 15 00:29:33 OST-DC01.onesystems.local MSWinEventLog	1	Application	1861590	Mon Jun 15 00:29:33 2026	1004	Directory Synchronization	N/A	N/A	Information	OST-DC01.onesystems.local	N/A		Scheduler::SchedulerThreadMain : SQL Instance Memory: PagedMemorySize: 1778352128; WorkingSet: 1646366720;	18951350
<14>Jun 15 00:59:35 OST-DC01.onesystems.local MSWinEventLog	1	Application	1862449	Mon Jun 15 00:59:35 2026	1004	Directory Synchronization	N/A	N/A	Information	OST-DC01.onesystems.local	N/A		Scheduler::SchedulerThreadMain : SQL Instance Memory: PagedMemorySize: 1776267264; WorkingSet: 1646137344;	18951550
<14>Jun 15 01:29:37 OST-DC01.onesystems.local MSWinEventLog	1	Application	1863232	Mon Jun 15 01:29:37 2026	1004	Directory Synchronization	N/A	N/A	Information	OST-DC01.onesystems.local	N/A		Scheduler::SchedulerThreadMain : SQL Instance Memory: PagedMemorySize: 1778716672; WorkingSet: 1646440448;	18951709
<14>Jun 15 01:59:40 OST-DC01.onesystems.local MSWinEventLog	1	Application	1863957	Mon Jun 15 01:59:40 2026	1004	Directory Synchronization	N/A	N/A	Information	OST-DC01.onesystems.local	N/A		Scheduler::SchedulerThreadMain : SQL Instance Memory: PagedMemorySize: 1776824320; WorkingSet: 1646649344;	18951903
<14>Jun 15 00:29:35 OST-DC01.onesystems.local MSWinEventLog	1	Application	1861616	Mon Jun 15 00:29:35 2026	1010	Directory Synchronization	N/A	N/A	Information	OST-DC01.onesystems.local	N/A		RolloverCertificateIfNeeded:: No rollover needed for current ADSync application certificate. TenantDomain=onesystemstechsg.onmicrosoft.com, ApplicationId=3430d853-9751-4439-b226-ec16530d0e62, CertificateSHA256Hash=8917E7B9F399465C12E85D51C279CD254D5369281A9D64B6B731601C04FB5C8E	18951370
<14>Jun 15 00:59:38 OST-DC01.onesystems.local MSWinEventLog	1	Application	1862475	Mon Jun 15 00:59:38 2026	1010	Directory Synchronization	N/A	N/A	Information	OST-DC01.onesystems.local	N/A		RolloverCertificateIfNeeded:: No rollover needed for current ADSync application certificate. TenantDomain=onesystemstechsg.onmicrosoft.com, ApplicationId=3430d853-9751-4439-b226-ec16530d0e62, CertificateSHA256Hash=8917E7B9F399465C12E85D51C279CD254D5369281A9D64B6B731601C04FB5C8E	18951570
<14>Jun 15 01:29:39 OST-DC01.onesystems.local MSWinEventLog	1	Application	1863261	Mon Jun 15 01:29:39 2026	1010	Directory Synchronization	N/A	N/A	Information	OST-DC01.onesystems.local	N/A		RolloverCertificateIfNeeded:: No rollover needed for current ADSync application certificate. TenantDomain=onesystemstechsg.onmicrosoft.com, ApplicationId=3430d853-9751-4439-b226-ec16530d0e62, CertificateSHA256Hash=8917E7B9F399465C12E85D51C279CD254D5369281A9D64B6B731601C04FB5C8E	18951729
<14>Jun 15 01:59:42 OST-DC01.onesystems.local MSWinEventLog	1	Application	1863983	Mon Jun 15 01:59:42 2026	1010	Directory Synchronization	N/A	N/A	Information	OST-DC01.onesystems.local	N/A		RolloverCertificateIfNeeded:: No rollover needed for current ADSync application certificate. TenantDomain=onesystemstechsg.onmicrosoft.com, ApplicationId=3430d853-9751-4439-b226-ec16530d0e62, CertificateSHA256Hash=8917E7B9F399465C12E85D51C279CD254D5369281A9D64B6B731601C04FB5C8E	18951923
<14>Jun 15 04:00:29 OST-DC01.onesystems.local MSWinEventLog	1	Application	1867280	Mon Jun 15 04:00:29 2026	102	ESENT	N/A	N/A	Information	OST-DC01.onesystems.local	General		DFSRs (2752) \\.\C:\System Volume Information\DFSR\database_4C20_66B6_2066_A6A4\dfsr.db: The database engine (10.00.14393.0000) is starting a new instance (0).	18952739
<14>Jun 15 08:00:32 OST-DC01.onesystems.local MSWinEventLog	1	Application	1873908	Mon Jun 15 08:00:32 2026	102	ESENT	N/A	N/A	Information	OST-DC01.onesystems.local	General		DFSRs (2752) \\.\C:\System Volume Information\DFSR\database_4C20_66B6_2066_A6A4\dfsr.db: The database engine (10.00.14393.0000) is starting a new instance (0).	18954159
<14>Jun 15 12:00:33 OST-DC01.onesystems.local MSWinEventLog	1	Application	1891603	Mon Jun 15 12:00:33 2026	102	ESENT	N/A	N/A	Information	OST-DC01.onesystems.local	General		DFSRs (2752) \\.\C:\System Volume Information\DFSR\database_4C20_66B6_2066_A6A4\dfsr.db: The database engine (10.00.14393.0000) is starting a new instance (0).	18955503
<14>Jun 15 04:00:13 OST-DC01.onesystems.local MSWinEventLog	1	Application	1867227	Mon Jun 15 04:00:13 2026	103	ESENT	N/A	N/A	Information	OST-DC01.onesystems.local	General		DFSRs (2752) \\.\C:\System Volume Information\DFSR\database_4C20_66B6_2066_A6A4\dfsr.db: The database engine stopped the instance (0).      Dirty Shutdown: 0      Internal Timing Sequence: [1] 0.000, [2] 0.000, [3] 0.000, [4] 0.000, [5] 0.547, [6] 0.000, [7] 0.000, [8] 0.000, [9] 0.672, [10] 0.031, [11] 0.125, [12] 0.000, [13] 0.032, [14] 0.000, [15] 0.000.	18952698
<14>Jun 15 08:00:13 OST-DC01.onesystems.local MSWinEventLog	1	Application	1873822	Mon Jun 15 08:00:13 2026	103	ESENT	N/A	N/A	Information	OST-DC01.onesystems.local	General		DFSRs (2752) \\.\C:\System Volume Information\DFSR\database_4C20_66B6_2066_A6A4\dfsr.db: The database engine stopped the instance (0).      Dirty Shutdown: 0      Internal Timing Sequence: [1] 0.000, [2] 0.000, [3] 0.000, [4] 0.000, [5] 0.422, [6] 0.000, [7] 0.000, [8] 0.000, [9] 0.390, [10] 0.032, [11] 0.140, [12] 0.000, [13] 0.016, [14] 0.000, [15] 0.000.	18954096
<14>Jun 15 12:00:13 OST-DC01.onesystems.local MSWinEventLog	1	Application	1891482	Mon Jun 15 12:00:13 2026	103	ESENT	N/A	N/A	Information	OST-DC01.onesystems.local	General		DFSRs (2752) \\.\C:\System Volume Information\DFSR\database_4C20_66B6_2066_A6A4\dfsr.db: The database engine stopped the instance (0).      Dirty Shutdown: 0      Internal Timing Sequence: [1] 0.000, [2] 0.000, [3] 0.000, [4] 0.000, [5] 0.703, [6] 0.000, [7] 0.000, [8] 0.000, [9] 0.391, [10] 0.093, [11] 0.078, [12] 0.000, [13] 0.016, [14] 0.000, [15] 0.000.	18955445
<14>Jun 15 09:00:35 OST-DC01.onesystems.local MSWinEventLog	1	Application	1878228	Mon Jun 15 09:00:35 2026	104	Directory Synchronization	N/A	N/A	Information	OST-DC01.onesystems.local	N/A		ExportV2:: Iteration: 1, Current batch size: 1, Exported total: 1, Successful total: 1, TrackingId: e8bd9396-1180-43e4-9cb3-519ff5eca289, SessionId: fd12920e-12fa-4e5c-a490-520e2cc10521.	18954520
<14>Jun 15 00:29:44 OST-DC01.onesystems.local MSWinEventLog	1	Application	1861686	Mon Jun 15 00:29:44 2026	105	Directory Synchronization	N/A	N/A	Information	OST-DC01.onesystems.local	N/A		ImportV2: Iteration 1 [chunk 1 of 1, size 1], Imported Total: 1, More: False, TrackingId: e836bb2a-e50e-4bea-95e3-e8e453cdaa2e, SessionId: a202c0bf-6242-4017-ab56-140d1baeb829.  1 - Update device, Device_a99265ed-e211-4084-b7da-e36449f78e9c, CN={6856446E59757537645565626361587A3858524974413D3D}.      Properties: cloudAnchor, sourceAnchor, cloudCreated, deviceOSVersion  	18951410
<14>Jun 15 00:59:47 OST-DC01.onesystems.local MSWinEventLog	1	Application	1862520	Mon Jun 15 00:59:47 2026	105	Directory Synchronization	N/A	N/A	Information	OST-DC01.onesystems.local	N/A		ImportV2: Iteration 1 [chunk 1 of 1, size 1], Imported Total: 1, More: False, TrackingId: e94b3ab5-06e6-4fd2-a99b-cfebde90828f, SessionId: e1fc2d40-96c2-496f-9f3a-59675ba685fd.  1 - Update device, Device_cb76121f-5b4f-4c36-8915-a1d238e2e542, CN={4465766963655F63623736313231662D356234662D346333362D383931352D613164323338653265353432}.      Properties: cloudAnchor, sourceAnchor[Delete], cloudCreated, onPremiseSecurityIdentifier[Delete]  	18951610
<14>Jun 15 01:29:48 OST-DC01.onesystems.local MSWinEventLog	1	Application	1863305	Mon Jun 15 01:29:48 2026	105	Directory Synchronization	N/A	N/A	Information	OST-DC01.onesystems.local	N/A		ImportV2: Iteration 1 [chunk 1 of 1, size 0], Imported Total: 0, More: False, TrackingId: 086f2b7d-22f8-4aa9-981f-17cc8288ff13, SessionId: 4cc2dd60-58ca-4905-8e2f-5fe7e8b66a0a.  	18951769
<14>Jun 15 01:59:50 OST-DC01.onesystems.local MSWinEventLog	1	Application	1864027	Mon Jun 15 01:59:50 2026	105	Directory Synchronization	N/A	N/A	Information	OST-DC01.onesystems.local	N/A		ImportV2: Iteration 1 [chunk 1 of 1, size 0], Imported Total: 0, More: False, TrackingId: c35cf4db-cfec-4569-bd72-d6b6867753c7, SessionId: 063b562c-92c8-4ae2-b87c-5dd94212d377.  	18951963
<14>Jun 15 04:38:34 OST-DC01.onesystems.local MSWinEventLog	1	Application	1868303	Mon Jun 15 04:38:34 2026	1066	Microsoft-Windows-Security-SPP	N/A	N/A	Information	OST-DC01.onesystems.local	N/A		Initialization status for service objects.  C:\Windows\system32\sppwinob.dll, msft:spp/windowsfunctionality/agent/7.0, 0x00000000, 0x00000000 C:\Windows\system32\sppobjs.dll, msft:rm/algorithm/inherited/1.0, 0x00000000, 0x00000000 C:\Windows\system32\sppobjs.dll, msft:rm/algorithm/phone/1.0, 0x00000000, 0x00000000 C:\Windows\system32\sppobjs.dll, msft:rm/algorithm/pkey/detect, 0x00000000, 0x00000000 C:\Windows\system32\sppobjs.dll, msft:spp/ActionScheduler/1.0, 0x00000000, 0x00000000 C:\Windows\system32\sppobjs.dll, msft:spp/TaskScheduler/1.0, 0x00000000, 0x00000000 C:\Windows\system32\sppobjs.dll, msft:spp/statecollector/pkey, 0x00000000, 0x00000000 C:\Windows\system32\sppobjs.dll, msft:spp/volume/services/kms/1.0, 0x00000000, 0x00000000 C:\Windows\system32\sppobjs.dll, msft:spp/volume/services/kms/activationinfo/1.0, 0x00000000, 0x00000000 	18952926
<14>Jun 15 00:30:00 OST-DC01.onesystems.local MSWinEventLog	1	Application	1861774	Mon Jun 15 00:30:00 2026	114	Directory Synchronization	N/A	N/A	Information	OST-DC01.onesystems.local	N/A		Export cycle completed. Tracking id: d055bc3d-69af-45f4-88c3-5fa02e2feeda	18951454
<14>Jun 15 01:00:03 OST-DC01.onesystems.local MSWinEventLog	1	Application	1862571	Mon Jun 15 01:00:03 2026	114	Directory Synchronization	N/A	N/A	Information	OST-DC01.onesystems.local	N/A		Export cycle completed. Tracking id: c7c2422d-2cd3-4360-8a12-b3251084da96	18951654
<14>Jun 15 01:30:04 OST-DC01.onesystems.local MSWinEventLog	1	Application	1863356	Mon Jun 15 01:30:04 2026	114	Directory Synchronization	N/A	N/A	Information	OST-DC01.onesystems.local	N/A		Export cycle completed. Tracking id: 64215271-6a04-4779-b91e-427567271f08	18951813
<14>Jun 15 02:00:06 OST-DC01.onesystems.local MSWinEventLog	1	Application	1864080	Mon Jun 15 02:00:06 2026	114	Directory Synchronization	N/A	N/A	Information	OST-DC01.onesystems.local	N/A		Export cycle completed. Tracking id: b5755a6f-72c6-4367-bf76-1dd9f37ed21f	18952007
<14>Jun 15 00:34:05 OST-DC01.onesystems.local MSWinEventLog	1	Application	1861942	Mon Jun 15 00:34:05 2026	115	Directory Synchronization	N/A	N/A	Information	OST-DC01.onesystems.local	N/A		ProvisioningServiceAdapter::ExecuteWithRetry: Action: ProvisionCredentials will be retried after 00:00:15. Attempt 0 of 5.	18951496
<14>Jun 15 00:34:05 OST-DC01.onesystems.local MSWinEventLog	1	Application	1861943	Mon Jun 15 00:34:05 2026	115	Directory Synchronization	N/A	N/A	Information	OST-DC01.onesystems.local	N/A		ProvisioningServiceAdapter::ExecuteWithRetry: Action: ProvisionCredentials, Attempt: 0. Live token has expired and it will be renewed automatically.	18951497
<14>Jun 15 01:34:23 OST-DC01.onesystems.local MSWinEventLog	1	Application	1863483	Mon Jun 15 01:34:23 2026	115	Directory Synchronization	N/A	N/A	Information	OST-DC01.onesystems.local	N/A		ProvisioningServiceAdapter::ExecuteWithRetry: Action: ProvisionCredentials will be retried after 00:00:15. Attempt 0 of 5.	18951849
<14>Jun 15 01:34:23 OST-DC01.onesystems.local MSWinEventLog	1	Application	1863484	Mon Jun 15 01:34:23 2026	115	Directory Synchronization	N/A	N/A	Information	OST-DC01.onesystems.local	N/A		ProvisioningServiceAdapter::ExecuteWithRetry: Action: ProvisionCredentials, Attempt: 0. Live token has expired and it will be renewed automatically.	18951850
<14>Jun 15 00:29:54 OST-DC01.onesystems.local MSWinEventLog	1	Application	1861751	Mon Jun 15 00:29:54 2026	116	Directory Synchronization	N/A	N/A	Information	OST-DC01.onesystems.local	N/A		Getting the current DirSyncConfiguration.	18951450
<14>Jun 15 00:29:54 OST-DC01.onesystems.local MSWinEventLog	1	Application	1861752	Mon Jun 15 00:29:54 2026	116	Directory Synchronization	N/A	N/A	Information	OST-DC01.onesystems.local	N/A		Returned configuration: [CloudDirSyncConfiguration CustomerRequestedSyncInterval=, ApplicationVersion=, ClientVersion= AnchorAttribute= [PreventAccidentalDeletion DeletionPrevention=EnabledForCount, ThresholdCount=500, ThresholdPercentage=0], [CurrentExport DirSyncObjectAdds=0, DirSyncObjectDeletes=0, DirSyncObjectUpdates=0, DirSyncClientMachineName=OST-DC01, TotalConnectorSpaceObjects=662], [Writeback UnifiedGroupContainer=, UserContainer=]]	18951451
<14>Jun 15 00:29:59 OST-DC01.onesystems.local MSWinEventLog	1	Application	1861765	Mon Jun 15 00:29:59 2026	116	Directory Synchronization	N/A	N/A	Information	OST-DC01.onesystems.local	N/A		Calling UpdateDirSyncConfiguration with: [CloudDirSyncConfiguration CustomerRequestedSyncInterval=, ApplicationVersion=, ClientVersion=2.6.3.0 AnchorAttribute= [PreventAccidentalDeletion DeletionPrevention=EnabledForCount, ThresholdCount=500, ThresholdPercentage=0], [CurrentExport DirSyncObjectAdds=0, DirSyncObjectDeletes=0, DirSyncObjectUpdates=0, DirSyncClientMachineName=OST-DC01, TotalConnectorSpaceObjects=662], [Writeback UnifiedGroupContainer=, UserContainer=]]	18951452
<14>Jun 15 00:59:56 OST-DC01.onesystems.local MSWinEventLog	1	Application	1862561	Mon Jun 15 00:59:56 2026	116	Directory Synchronization	N/A	N/A	Information	OST-DC01.onesystems.local	N/A		Getting the current DirSyncConfiguration.	18951650
<14>Jun 15 00:29:44 OST-DC01.onesystems.local MSWinEventLog	1	Application	1861688	Mon Jun 15 00:29:44 2026	117	Directory Synchronization	N/A	N/A	Information	OST-DC01.onesystems.local	N/A		Import prefetch:: Start - 06/14/2026 16:29:44, End 06/14/2026 16:29:44, Idle 00:00:00	18951412
<14>Jun 15 00:59:47 OST-DC01.onesystems.local MSWinEventLog	1	Application	1862522	Mon Jun 15 00:59:47 2026	117	Directory Synchronization	N/A	N/A	Information	OST-DC01.onesystems.local	N/A		Import prefetch:: Start - 06/14/2026 16:59:46, End 06/14/2026 16:59:47, Idle 00:00:00	18951612
<14>Jun 15 01:29:48 OST-DC01.onesystems.local MSWinEventLog	1	Application	1863307	Mon Jun 15 01:29:48 2026	117	Directory Synchronization	N/A	N/A	Information	OST-DC01.onesystems.local	N/A		Import prefetch:: Start - 06/14/2026 17:29:48, End 06/14/2026 17:29:48, Idle 00:00:00	18951771
<14>Jun 15 01:59:50 OST-DC01.onesystems.local MSWinEventLog	1	Application	1864029	Mon Jun 15 01:59:50 2026	117	Directory Synchronization	N/A	N/A	Information	OST-DC01.onesystems.local	N/A		Import prefetch:: Start - 06/14/2026 17:59:50, End 06/14/2026 17:59:50, Idle 00:00:00	18951965
<14>Jun 15 00:29:37 OST-DC01.onesystems.local MSWinEventLog	1	Application	1861636	Mon Jun 15 00:29:37 2026	124	Directory Synchronization	N/A	N/A	Information	OST-DC01.onesystems.local	N/A		Using V2 API for Delta import. SessionId a202c0bf-6242-4017-ab56-140d1baeb829	18951381
<14>Jun 15 00:29:48 OST-DC01.onesystems.local MSWinEventLog	1	Application	1861704	Mon Jun 15 00:29:48 2026	124	Directory Synchronization	N/A	N/A	Information	OST-DC01.onesystems.local	N/A		Using V2 API for export.	18951422
<14>Jun 15 00:59:40 OST-DC01.onesystems.local MSWinEventLog	1	Application	1862491	Mon Jun 15 00:59:40 2026	124	Directory Synchronization	N/A	N/A	Information	OST-DC01.onesystems.local	N/A		Using V2 API for Delta import. SessionId e1fc2d40-96c2-496f-9f3a-59675ba685fd	18951581
<14>Jun 15 00:59:50 OST-DC01.onesystems.local MSWinEventLog	1	Application	1862532	Mon Jun 15 00:59:50 2026	124	Directory Synchronization	N/A	N/A	Information	OST-DC01.onesystems.local	N/A		Using V2 API for export.	18951622
<14>Jun 15 00:29:54 OST-DC01.onesystems.local MSWinEventLog	1	Application	1861750	Mon Jun 15 00:29:54 2026	131	Directory Synchronization	N/A	N/A	Information	OST-DC01.onesystems.local	N/A		Maximum number of links per batch is set to 1000.	18951449
<14>Jun 15 00:59:56 OST-DC01.onesystems.local MSWinEventLog	1	Application	1862560	Mon Jun 15 00:59:56 2026	131	Directory Synchronization	N/A	N/A	Information	OST-DC01.onesystems.local	N/A		Maximum number of links per batch is set to 1000.	18951649
<14>Jun 15 01:29:58 OST-DC01.onesystems.local MSWinEventLog	1	Application	1863345	Mon Jun 15 01:29:58 2026	131	Directory Synchronization	N/A	N/A	Information	OST-DC01.onesystems.local	N/A		Maximum number of links per batch is set to 1000.	18951808
<14>Jun 15 02:00:00 OST-DC01.onesystems.local MSWinEventLog	1	Application	1864072	Mon Jun 15 02:00:00 2026	131	Directory Synchronization	N/A	N/A	Information	OST-DC01.onesystems.local	N/A		Maximum number of links per batch is set to 1000.	18952002
<14>Jun 15 00:29:44 OST-DC01.onesystems.local MSWinEventLog	1	Application	1861685	Mon Jun 15 00:29:44 2026	132	Directory Synchronization	N/A	N/A	Information	OST-DC01.onesystems.local	N/A		Refetch baseline timestamp: 01/01/0001 00:00:00. Type: DeltaSync. Session Id: a202c0bf-6242-4017-ab56-140d1baeb829.	18951409
<14>Jun 15 00:59:47 OST-DC01.onesystems.local MSWinEventLog	1	Application	1862519	Mon Jun 15 00:59:47 2026	132	Directory Synchronization	N/A	N/A	Information	OST-DC01.onesystems.local	N/A		Refetch baseline timestamp: 01/01/0001 00:00:00. Type: DeltaSync. Session Id: e1fc2d40-96c2-496f-9f3a-59675ba685fd.	18951609
<14>Jun 15 01:29:48 OST-DC01.onesystems.local MSWinEventLog	1	Application	1863304	Mon Jun 15 01:29:48 2026	132	Directory Synchronization	N/A	N/A	Information	OST-DC01.onesystems.local	N/A		Refetch baseline timestamp: 01/01/0001 00:00:00. Type: DeltaSync. Session Id: 4cc2dd60-58ca-4905-8e2f-5fe7e8b66a0a.	18951768
<14>Jun 15 01:59:50 OST-DC01.onesystems.local MSWinEventLog	1	Application	1864026	Mon Jun 15 01:59:50 2026	132	Directory Synchronization	N/A	N/A	Information	OST-DC01.onesystems.local	N/A		Refetch baseline timestamp: 01/01/0001 00:00:00. Type: DeltaSync. Session Id: 063b562c-92c8-4ae2-b87c-5dd94212d377.	18951962
