<11>Jun 15 00:20:47 OST-DC01.onesystems.local MSWinEventLog	3	Security	1861378	Mon Jun 15 00:20:47 2026	4625	Microsoft-Windows-Security-Auditing	N/A	N/A	Failure Audit	OST-DC01.onesystems.local	Logon		An account failed to log on.    Subject:   Security ID:  S-1-5-20   Account Name:  OST-DC01$   Account Domain:  ONESYSTEMS   Logon ID:  0x3E4    Logon Type:   3    Account For Which Logon Failed:   Security ID:  S-1-0-0   Account Name:  abishek.rethinaraj@onesystemstech.com   Account Domain:  ONESYSTEMS    Failure Information:   Failure Reason:  The specified account's password has expired.   Status:   0xC000006E   Sub Status:  0xC0000071    Process Information:   Caller Process ID: 0xc8c   Caller Process Name: C:\Program Files\Microsoft Azure AD Connect Authentication Agent\AzureADConnectAuthenticationAgentService.exe    Network Information:   Workstation Name: OST-DC01   Source Network Address: -   Source Port:  -    Detailed Authentication Information:   Logon Process:  Advapi     Authentication Package: Negotiate   Transited Services: -   Package Name (NTLM only): -   Key Length:  0    This event is generated when a logon request fails. It is generated on the computer where access was attempted.    The Subject fields indicate the account on the local system which requested the logon. This is most commonly a service such as the Server service, or a local process such as Winlogon.exe or Services.exe.    The Logon Type field indicates the kind of logon that was requested. The most common types are 2 (interactive) and 3 (network).    The Process Information fields indicate which account and process on the system requested the logon.    The Network Information fields indicate where a remote logon request originated. Workstation name is not always available and may be left blank in some cases.    The authentication information fields provide detailed information about this specific logon request.   - Transited services indicate which intermediate services have participated in this logon request.   - Package name indicates which sub-protocol was used among the NTLM protocols.   - Key length indicates the length of the generated session key. This will be 0 if no session key was requested.	22117224
<11>Jun 15 00:41:17 OST-DC01.onesystems.local MSWinEventLog	3	Security	1862076	Mon Jun 15 00:41:17 2026	4625	Microsoft-Windows-Security-Auditing	N/A	N/A	Failure Audit	OST-DC01.onesystems.local	Logon		An account failed to log on.    Subject:   Security ID:  S-1-5-20   Account Name:  OST-DC01$   Account Domain:  ONESYSTEMS   Logon ID:  0x3E4    Logon Type:   3    Account For Which Logon Failed:   Security ID:  S-1-0-0   Account Name:  Mark.Lam@onesystemstech.com   Account Domain:  ONESYSTEMS    Failure Information:   Failure Reason:  Unknown user name or bad password.   Status:   0xC000006D   Sub Status:  0xC000006A    Process Information:   Caller Process ID: 0xc8c   Caller Process Name: C:\Program Files\Microsoft Azure AD Connect Authentication Agent\AzureADConnectAuthenticationAgentService.exe    Network Information:   Workstation Name: OST-DC01   Source Network Address: -   Source Port:  -    Detailed Authentication Information:   Logon Process:  Advapi     Authentication Package: Negotiate   Transited Services: -   Package Name (NTLM only): -   Key Length:  0    This event is generated when a logon request fails. It is generated on the computer where access was attempted.    The Subject fields indicate the account on the local system which requested the logon. This is most commonly a service such as the Server service, or a local process such as Winlogon.exe or Services.exe.    The Logon Type field indicates the kind of logon that was requested. The most common types are 2 (interactive) and 3 (network).    The Process Information fields indicate which account and process on the system requested the logon.    The Network Information fields indicate where a remote logon request originated. Workstation name is not always available and may be left blank in some cases.    The authentication information fields provide detailed information about this specific logon request.   - Transited services indicate which intermediate services have participated in this logon request.   - Package name indicates which sub-protocol was used among the NTLM protocols.   - Key length indicates the length of the generated session key. This will be 0 if no session key was requested.	22117732
<11>Jun 15 07:05:44 OST-DC01.onesystems.local MSWinEventLog	3	Security	1872346	Mon Jun 15 07:05:44 2026	4625	Microsoft-Windows-Security-Auditing	N/A	N/A	Failure Audit	OST-DC01.onesystems.local	Logon		An account failed to log on.    Subject:   Security ID:  S-1-5-20   Account Name:  OST-DC01$   Account Domain:  ONESYSTEMS   Logon ID:  0x3E4    Logon Type:   3    Account For Which Logon Failed:   Security ID:  S-1-0-0   Account Name:  Dhaya.Padmaraja@onesystemstech.com   Account Domain:  ONESYSTEMS    Failure Information:   Failure Reason:  The specified account's password has expired.   Status:   0xC000006E   Sub Status:  0xC0000071    Process Information:   Caller Process ID: 0xc8c   Caller Process Name: C:\Program Files\Microsoft Azure AD Connect Authentication Agent\AzureADConnectAuthenticationAgentService.exe    Network Information:   Workstation Name: OST-DC01   Source Network Address: -   Source Port:  -    Detailed Authentication Information:   Logon Process:  Advapi     Authentication Package: Negotiate   Transited Services: -   Package Name (NTLM only): -   Key Length:  0    This event is generated when a logon request fails. It is generated on the computer where access was attempted.    The Subject fields indicate the account on the local system which requested the logon. This is most commonly a service such as the Server service, or a local process such as Winlogon.exe or Services.exe.    The Logon Type field indicates the kind of logon that was requested. The most common types are 2 (interactive) and 3 (network).    The Process Information fields indicate which account and process on the system requested the logon.    The Network Information fields indicate where a remote logon request originated. Workstation name is not always available and may be left blank in some cases.    The authentication information fields provide detailed information about this specific logon request.   - Transited services indicate which intermediate services have participated in this logon request.   - Package name indicates which sub-protocol was used among the NTLM protocols.   - Key length indicates the length of the generated session key. This will be 0 if no session key was requested.	22125557
<14>Jun 15 00:01:09 OST-DC01.onesystems.local MSWinEventLog	1	Security	1860979	Mon Jun 15 00:01:09 2026	4634	Microsoft-Windows-Security-Auditing	N/A	N/A	Success Audit	OST-DC01.onesystems.local	Logoff		An account was logged off.    Subject:   Security ID:  S-1-5-18   Account Name:  OST-DC01$   Account Domain:  ONESYSTEMS   Logon ID:  0x37FB8C77    Logon Type:   3    This event is generated when a logon session is destroyed. It may be positively correlated with a logon event using the Logon ID value. Logon IDs are only unique between reboots on the same computer.	22116846
<14>Jun 15 00:01:17 OST-DC01.onesystems.local MSWinEventLog	1	Security	1860985	Mon Jun 15 00:01:17 2026	4634	Microsoft-Windows-Security-Auditing	N/A	N/A	Success Audit	OST-DC01.onesystems.local	Logoff		An account was logged off.    Subject:   Security ID:  S-1-5-18   Account Name:  OST-DC01$   Account Domain:  ONESYSTEMS   Logon ID:  0x37FB9427    Logon Type:   3    This event is generated when a logon session is destroyed. It may be positively correlated with a logon event using the Logon ID value. Logon IDs are only unique between reboots on the same computer.	22116852
<14>Jun 15 00:01:17 OST-DC01.onesystems.local MSWinEventLog	1	Security	1860986	Mon Jun 15 00:01:17 2026	4634	Microsoft-Windows-Security-Auditing	N/A	N/A	Success Audit	OST-DC01.onesystems.local	Logoff		An account was logged off.    Subject:   Security ID:  S-1-5-18   Account Name:  OST-DC01$   Account Domain:  ONESYSTEMS   Logon ID:  0x37FB93DB    Logon Type:   3    This event is generated when a logon session is destroyed. It may be positively correlated with a logon event using the Logon ID value. Logon IDs are only unique between reboots on the same computer.	22116853
<14>Jun 15 00:01:18 OST-DC01.onesystems.local MSWinEventLog	1	Security	1860989	Mon Jun 15 00:01:18 2026	4634	Microsoft-Windows-Security-Auditing	N/A	N/A	Success Audit	OST-DC01.onesystems.local	Logoff		An account was logged off.    Subject:   Security ID:  S-1-5-18   Account Name:  OST-DC01$   Account Domain:  ONESYSTEMS   Logon ID:  0x37FB9E82    Logon Type:   3    This event is generated when a logon session is destroyed. It may be positively correlated with a logon event using the Logon ID value. Logon IDs are only unique between reboots on the same computer.	22116856
<14>Jun 15 00:01:54 OST-DC01.onesystems.local MSWinEventLog	1	Security	1861006	Mon Jun 15 00:01:54 2026	4648	Microsoft-Windows-Security-Auditing	N/A	N/A	Success Audit	OST-DC01.onesystems.local	Logon		A logon was attempted using explicit credentials.    Subject:   Security ID:  S-1-5-21-1472557793-568245882-1929000293-1223   Account Name:  AAD_9881bbbadc24   Account Domain:  ONESYSTEMS   Logon ID:  0x22BCD   Logon GUID:  {00000000-0000-0000-0000-000000000000}    Account Whose Credentials Were Used:   Account Name:  MSOL_1693b99422a8   Account Domain:  ONESYSTEMS.LOCAL   Logon GUID:  {204D35F4-EB38-E742-FB13-6EB1F0DE19A6}    Target Server:   Target Server Name: OST-DC01.onesystems.local   Additional Information: ldap/OST-DC01.onesystems.local/onesystems.local    Process Information:   Process ID:  0xf88   Process Name:  C:\Program Files\Microsoft Azure AD Sync\Bin\miiserver.exe    Network Information:   Network Address: -   Port:   -    This event is generated when a process attempts to log on an account by explicitly specifying that account’s credentials.  This most commonly occurs in batch-type configurations such as scheduled tasks, or when using the RUNAS command.	22116873
<14>Jun 15 00:01:54 OST-DC01.onesystems.local MSWinEventLog	1	Security	1861009	Mon Jun 15 00:01:54 2026	4648	Microsoft-Windows-Security-Auditing	N/A	N/A	Success Audit	OST-DC01.onesystems.local	Logon		A logon was attempted using explicit credentials.    Subject:   Security ID:  S-1-5-21-1472557793-568245882-1929000293-1223   Account Name:  AAD_9881bbbadc24   Account Domain:  ONESYSTEMS   Logon ID:  0x22BCD   Logon GUID:  {00000000-0000-0000-0000-000000000000}    Account Whose Credentials Were Used:   Account Name:  MSOL_1693b99422a8   Account Domain:  ONESYSTEMS.LOCAL   Logon GUID:  {204D35F4-EB38-E742-FB13-6EB1F0DE19A6}    Target Server:   Target Server Name: OST-DC01.onesystems.local   Additional Information: ldap/OST-DC01.onesystems.local/onesystems.local    Process Information:   Process ID:  0xf88   Process Name:  C:\Program Files\Microsoft Azure AD Sync\Bin\miiserver.exe    Network Information:   Network Address: -   Port:   -    This event is generated when a process attempts to log on an account by explicitly specifying that account’s credentials.  This most commonly occurs in batch-type configurations such as scheduled tasks, or when using the RUNAS command.	22116876
<14>Jun 15 00:01:55 OST-DC01.onesystems.local MSWinEventLog	1	Security	1861012	Mon Jun 15 00:01:55 2026	4648	Microsoft-Windows-Security-Auditing	N/A	N/A	Success Audit	OST-DC01.onesystems.local	Logon		A logon was attempted using explicit credentials.    Subject:   Security ID:  S-1-5-21-1472557793-568245882-1929000293-1223   Account Name:  AAD_9881bbbadc24   Account Domain:  ONESYSTEMS   Logon ID:  0x22BCD   Logon GUID:  {00000000-0000-0000-0000-000000000000}    Account Whose Credentials Were Used:   Account Name:  MSOL_1693b99422a8   Account Domain:  ONESYSTEMS.LOCAL   Logon GUID:  {BDD66317-208C-72EB-D767-1BFDD9FEEEC6}    Target Server:   Target Server Name: OST-DC01.onesystems.local   Additional Information: ldap/OST-DC01.onesystems.local/onesystems.local    Process Information:   Process ID:  0xf88   Process Name:  C:\Program Files\Microsoft Azure AD Sync\Bin\miiserver.exe    Network Information:   Network Address: -   Port:   -    This event is generated when a process attempts to log on an account by explicitly specifying that account’s credentials.  This most commonly occurs in batch-type configurations such as scheduled tasks, or when using the RUNAS command.	22116879
<14>Jun 15 00:01:55 OST-DC01.onesystems.local MSWinEventLog	1	Security	1861015	Mon Jun 15 00:01:55 2026	4648	Microsoft-Windows-Security-Auditing	N/A	N/A	Success Audit	OST-DC01.onesystems.local	Logon		A logon was attempted using explicit credentials.    Subject:   Security ID:  S-1-5-21-1472557793-568245882-1929000293-1223   Account Name:  AAD_9881bbbadc24   Account Domain:  ONESYSTEMS   Logon ID:  0x22BCD   Logon GUID:  {00000000-0000-0000-0000-000000000000}    Account Whose Credentials Were Used:   Account Name:  MSOL_1693b99422a8   Account Domain:  ONESYSTEMS.LOCAL   Logon GUID:  {BDD66317-208C-72EB-D767-1BFDD9FEEEC6}    Target Server:   Target Server Name: d37f0bc4-4bfc-4981-a351-256d9e9cfa8b   Additional Information: E3514235-4B06-11D1-AB04-00C04FC2DCD2/d37f0bc4-4bfc-4981-a351-256d9e9cfa8b/onesystems.local    Process Information:   Process ID:  0xf88   Process Name:  C:\Program Files\Microsoft Azure AD Sync\Bin\miiserver.exe    Network Information:   Network Address: 10.6.11.232   Port:   49669    This event is generated when a process attempts to log on an account by explicitly specifying that account’s credentials.  This most commonly occurs in batch-type configurations such as scheduled tasks, or when using the RUNAS command.	22116882
<14>Jun 15 04:00:04 OST-DC01.onesystems.local MSWinEventLog	1	Security	1867188	Mon Jun 15 04:00:04 2026	4663	Microsoft-Windows-Security-Auditing	N/A	N/A	Success Audit	OST-DC01.onesystems.local	Removable Storage		An attempt was made to access an object.    Subject:   Security ID:  S-1-5-18   Account Name:  OST-DC01$   Account Domain:  ONESYSTEMS   Logon ID:  0x3E7    Object:   Object Server:  Security   Object Type:  File   Object Name:  \Device\HarddiskVolume3   Handle ID:  0x9cc   Resource Attributes: S:    Process Information:   Process ID:  0x9f0   Process Name:  C:\Program Files (x86)\Synology\ActiveBackupforBusinessAgent\service\Synology Active Backup for Business Service.exe    Access Request Information:   Accesses:  ReadData (or ListDirectory)         Access Mask:  0x1	22121632
<14>Jun 15 04:00:28 OST-DC01.onesystems.local MSWinEventLog	1	Security	1867270	Mon Jun 15 04:00:28 2026	4663	Microsoft-Windows-Security-Auditing	N/A	N/A	Success Audit	OST-DC01.onesystems.local	Removable Storage		An attempt was made to access an object.    Subject:   Security ID:  S-1-5-18   Account Name:  OST-DC01$   Account Domain:  ONESYSTEMS   Logon ID:  0x3E7    Object:   Object Server:  Security   Object Type:  File   Object Name:  \Device\HarddiskVolume3   Handle ID:  0x3a4   Resource Attributes: S:    Process Information:   Process ID:  0x11ec   Process Name:  C:\Windows\System32\vds.exe    Access Request Information:   Accesses:  ReadData (or ListDirectory)         Access Mask:  0x1	22121642
<14>Jun 15 05:09:30 OST-DC01.onesystems.local MSWinEventLog	1	Security	1869142	Mon Jun 15 05:09:30 2026	4663	Microsoft-Windows-Security-Auditing	N/A	N/A	Success Audit	OST-DC01.onesystems.local	Removable Storage		An attempt was made to access an object.    Subject:   Security ID:  S-1-5-18   Account Name:  OST-DC01$   Account Domain:  ONESYSTEMS   Logon ID:  0x3E7    Object:   Object Server:  Security   Object Type:  File   Object Name:  \Device\HarddiskVolume3   Handle ID:  0x2d4   Resource Attributes: S:    Process Information:   Process ID:  0x11ec   Process Name:  C:\Windows\System32\vds.exe    Access Request Information:   Accesses:  ReadData (or ListDirectory)         Access Mask:  0x1	22123106
<14>Jun 15 05:09:30 OST-DC01.onesystems.local MSWinEventLog	1	Security	1869149	Mon Jun 15 05:09:30 2026	4663	Microsoft-Windows-Security-Auditing	N/A	N/A	Success Audit	OST-DC01.onesystems.local	Removable Storage		An attempt was made to access an object.    Subject:   Security ID:  S-1-5-18   Account Name:  OST-DC01$   Account Domain:  ONESYSTEMS   Logon ID:  0x3E7    Object:   Object Server:  Security   Object Type:  File   Object Name:  \Device\HarddiskVolume3   Handle ID:  0x1d8   Resource Attributes: S:    Process Information:   Process ID:  0x11ec   Process Name:  C:\Windows\System32\vds.exe    Access Request Information:   Accesses:  ReadData (or ListDirectory)         Access Mask:  0x1	22123113
<14>Jun 15 00:01:18 OST-DC01.onesystems.local MSWinEventLog	1	Security	1860987	Mon Jun 15 00:01:18 2026	4673	Microsoft-Windows-Security-Auditing	N/A	N/A	Success Audit	OST-DC01.onesystems.local	Sensitive Privilege Use		A privileged service was called.    Subject:   Security ID:  S-1-5-18   Account Name:  OST-DC01$   Account Domain:  ONESYSTEMS   Logon ID:  0x3E7    Service:   Server: NT Local Security Authority / Authentication Service   Service Name: LsaRegisterLogonProcess()    Process:   Process ID: 0x2d4   Process Name: C:\Windows\System32\lsass.exe    Service Request Information:   Privileges:  SeTcbPrivilege	22116854
<14>Jun 15 00:06:19 OST-DC01.onesystems.local MSWinEventLog	1	Security	1861090	Mon Jun 15 00:06:19 2026	4673	Microsoft-Windows-Security-Auditing	N/A	N/A	Success Audit	OST-DC01.onesystems.local	Sensitive Privilege Use		A privileged service was called.    Subject:   Security ID:  S-1-5-18   Account Name:  OST-DC01$   Account Domain:  ONESYSTEMS   Logon ID:  0x3E7    Service:   Server: NT Local Security Authority / Authentication Service   Service Name: LsaRegisterLogonProcess()    Process:   Process ID: 0x2d4   Process Name: C:\Windows\System32\lsass.exe    Service Request Information:   Privileges:  SeTcbPrivilege	22116949
<14>Jun 15 00:16:23 OST-DC01.onesystems.local MSWinEventLog	1	Security	1861295	Mon Jun 15 00:16:23 2026	4673	Microsoft-Windows-Security-Auditing	N/A	N/A	Success Audit	OST-DC01.onesystems.local	Sensitive Privilege Use		A privileged service was called.    Subject:   Security ID:  S-1-5-18   Account Name:  OST-DC01$   Account Domain:  ONESYSTEMS   Logon ID:  0x3E7    Service:   Server: NT Local Security Authority / Authentication Service   Service Name: LsaRegisterLogonProcess()    Process:   Process ID: 0x2d4   Process Name: C:\Windows\System32\lsass.exe    Service Request Information:   Privileges:  SeTcbPrivilege	22117147
<14>Jun 15 00:20:01 OST-DC01.onesystems.local MSWinEventLog	1	Security	1861368	Mon Jun 15 00:20:01 2026	4673	Microsoft-Windows-Security-Auditing	N/A	N/A	Success Audit	OST-DC01.onesystems.local	Sensitive Privilege Use		A privileged service was called.    Subject:   Security ID:  S-1-5-18   Account Name:  OST-DC01$   Account Domain:  ONESYSTEMS   Logon ID:  0x3E7    Service:   Server: NT Local Security Authority / Authentication Service   Service Name: LsaRegisterLogonProcess()    Process:   Process ID: 0x2d4   Process Name: C:\Windows\System32\lsass.exe    Service Request Information:   Privileges:  SeTcbPrivilege	22117214
<11>Jun 15 00:01:18 OST-DC01.onesystems.local MSWinEventLog	3	Security	1861000	Mon Jun 15 00:01:18 2026	4674	Microsoft-Windows-Security-Auditing	N/A	N/A	Failure Audit	OST-DC01.onesystems.local	Sensitive Privilege Use		An operation was attempted on a privileged object.    Subject:   Security ID:  S-1-5-19   Account Name:  LOCAL SERVICE   Account Domain:  NT AUTHORITY   Logon ID:  0x3E5    Object:   Object Server: LSA   Object Type: -   Object Name: -   Object Handle: 0x0    Process Information:   Process ID: 0x2d4   Process Name: C:\Windows\System32\lsass.exe    Requested Operation:   Desired Access: 16777216   Privileges:  SeSecurityPrivilege	22116867
<11>Jun 15 00:01:18 OST-DC01.onesystems.local MSWinEventLog	3	Security	1860999	Mon Jun 15 00:01:18 2026	4674	Microsoft-Windows-Security-Auditing	N/A	N/A	Failure Audit	OST-DC01.onesystems.local	Sensitive Privilege Use		An operation was attempted on a privileged object.    Subject:   Security ID:  S-1-5-19   Account Name:  LOCAL SERVICE   Account Domain:  NT AUTHORITY   Logon ID:  0x3E5    Object:   Object Server: LSA   Object Type: -   Object Name: -   Object Handle: 0x0    Process Information:   Process ID: 0x2d4   Process Name: C:\Windows\System32\lsass.exe    Requested Operation:   Desired Access: 16777216   Privileges:  SeSecurityPrivilege	22116866
<11>Jun 15 00:01:18 OST-DC01.onesystems.local MSWinEventLog	3	Security	1861001	Mon Jun 15 00:01:18 2026	4674	Microsoft-Windows-Security-Auditing	N/A	N/A	Failure Audit	OST-DC01.onesystems.local	Sensitive Privilege Use		An operation was attempted on a privileged object.    Subject:   Security ID:  S-1-5-19   Account Name:  LOCAL SERVICE   Account Domain:  NT AUTHORITY   Logon ID:  0x3E5    Object:   Object Server: LSA   Object Type: -   Object Name: -   Object Handle: 0x0    Process Information:   Process ID: 0x2d4   Process Name: C:\Windows\System32\lsass.exe    Requested Operation:   Desired Access: 16777216   Privileges:  SeSecurityPrivilege	22116868
<11>Jun 15 00:01:18 OST-DC01.onesystems.local MSWinEventLog	3	Security	1861002	Mon Jun 15 00:01:18 2026	4674	Microsoft-Windows-Security-Auditing	N/A	N/A	Failure Audit	OST-DC01.onesystems.local	Sensitive Privilege Use		An operation was attempted on a privileged object.    Subject:   Security ID:  S-1-5-19   Account Name:  LOCAL SERVICE   Account Domain:  NT AUTHORITY   Logon ID:  0x3E5    Object:   Object Server: LSA   Object Type: -   Object Name: -   Object Handle: 0x0    Process Information:   Process ID: 0x2d4   Process Name: C:\Windows\System32\lsass.exe    Requested Operation:   Desired Access: 16777216   Privileges:  SeSecurityPrivilege	22116869
<14>Jun 15 00:01:18 OST-DC01.onesystems.local MSWinEventLog	1	Security	1860990	Mon Jun 15 00:01:18 2026	4688	Microsoft-Windows-Security-Auditing	N/A	N/A	Success Audit	OST-DC01.onesystems.local	Process Creation		A new process has been created.    Creator Subject:   Security ID:  S-1-5-18   Account Name:  OST-DC01$   Account Domain:  ONESYSTEMS   Logon ID:  0x3E7    Target Subject:   Security ID:  S-1-5-19   Account Name:  LOCAL SERVICE   Account Domain:  NT AUTHORITY   Logon ID:  0x3E5    Process Information:   New Process ID:  0x644   New Process Name: C:\Windows\System32\appidcertstorecheck.exe   Token Elevation Type: %%1936   Mandatory Label:  S-1-16-16384   Creator Process ID: 0x1fc   Creator Process Name: C:\Windows\System32\svchost.exe   Process Command Line:     Token Elevation Type indicates the type of token that was assigned to the new process in accordance with User Account Control policy.    Type 1 is a full token with no privileges removed or groups disabled.  A full token is only used if User Account Control is disabled or if the user is the built-in Administrator account or a service account.    Type 2 is an elevated token with no privileges removed or groups disabled.  An elevated token is used when User Account Control is enabled and the user chooses to start the program using Run as administrator.  An elevated token is also used when an application is configured to always require administrative privilege or to always require maximum privilege, and the user is a member of the Administrators group.    Type 3 is a limited token with administrative privileges removed and administrative groups disabled.  The limited token is used when User Account Control is enabled, the application does not require administrative privilege, and the user does not choose to start the program using Run as administrator.	22116857
<14>Jun 15 00:01:18 OST-DC01.onesystems.local MSWinEventLog	1	Security	1860991	Mon Jun 15 00:01:18 2026	4688	Microsoft-Windows-Security-Auditing	N/A	N/A	Success Audit	OST-DC01.onesystems.local	Process Creation		A new process has been created.    Creator Subject:   Security ID:  S-1-5-19   Account Name:  LOCAL SERVICE   Account Domain:  NT AUTHORITY   Logon ID:  0x3E5    Target Subject:   Security ID:  S-1-0-0   Account Name:  -   Account Domain:  -   Logon ID:  0x0    Process Information:   New Process ID:  0x2a94   New Process Name: C:\Windows\System32\conhost.exe   Token Elevation Type: %%1936   Mandatory Label:  S-1-16-16384   Creator Process ID: 0x644   Creator Process Name: C:\Windows\System32\appidcertstorecheck.exe   Process Command Line:     Token Elevation Type indicates the type of token that was assigned to the new process in accordance with User Account Control policy.    Type 1 is a full token with no privileges removed or groups disabled.  A full token is only used if User Account Control is disabled or if the user is the built-in Administrator account or a service account.    Type 2 is an elevated token with no privileges removed or groups disabled.  An elevated token is used when User Account Control is enabled and the user chooses to start the program using Run as administrator.  An elevated token is also used when an application is configured to always require administrative privilege or to always require maximum privilege, and the user is a member of the Administrators group.    Type 3 is a limited token with administrative privileges removed and administrative groups disabled.  The limited token is used when User Account Control is enabled, the application does not require administrative privilege, and the user does not choose to start the program using Run as administrator.	22116858
<14>Jun 15 00:04:47 OST-DC01.onesystems.local MSWinEventLog	1	Security	1861051	Mon Jun 15 00:04:47 2026	4688	Microsoft-Windows-Security-Auditing	N/A	N/A	Success Audit	OST-DC01.onesystems.local	Process Creation		A new process has been created.    Creator Subject:   Security ID:  S-1-5-18   Account Name:  OST-DC01$   Account Domain:  ONESYSTEMS   Logon ID:  0x3E7    Target Subject:   Security ID:  S-1-0-0   Account Name:  OST-DC01$   Account Domain:  ONESYSTEMS   Logon ID:  0x3E4    Process Information:   New Process ID:  0x2d10   New Process Name: C:\Windows\System32\wbem\WmiPrvSE.exe   Token Elevation Type: %%1936   Mandatory Label:  S-1-16-16384   Creator Process ID: 0x388   Creator Process Name: C:\Windows\System32\svchost.exe   Process Command Line:     Token Elevation Type indicates the type of token that was assigned to the new process in accordance with User Account Control policy.    Type 1 is a full token with no privileges removed or groups disabled.  A full token is only used if User Account Control is disabled or if the user is the built-in Administrator account or a service account.    Type 2 is an elevated token with no privileges removed or groups disabled.  An elevated token is used when User Account Control is enabled and the user chooses to start the program using Run as administrator.  An elevated token is also used when an application is configured to always require administrative privilege or to always require maximum privilege, and the user is a member of the Administrators group.    Type 3 is a limited token with administrative privileges removed and administrative groups disabled.  The limited token is used when User Account Control is enabled, the application does not require administrative privilege, and the user does not choose to start the program using Run as administrator.	22116911
<14>Jun 15 00:04:47 OST-DC01.onesystems.local MSWinEventLog	1	Security	1861052	Mon Jun 15 00:04:47 2026	4688	Microsoft-Windows-Security-Auditing	N/A	N/A	Success Audit	OST-DC01.onesystems.local	Process Creation		A new process has been created.    Creator Subject:   Security ID:  S-1-5-18   Account Name:  OST-DC01$   Account Domain:  ONESYSTEMS   Logon ID:  0x3E7    Target Subject:   Security ID:  S-1-5-19   Account Name:  LOCAL SERVICE   Account Domain:  NT AUTHORITY   Logon ID:  0x3E5    Process Information:   New Process ID:  0x128c   New Process Name: C:\Windows\System32\wbem\WmiPrvSE.exe   Token Elevation Type: %%1936   Mandatory Label:  S-1-16-16384   Creator Process ID: 0x388   Creator Process Name: C:\Windows\System32\svchost.exe   Process Command Line:     Token Elevation Type indicates the type of token that was assigned to the new process in accordance with User Account Control policy.    Type 1 is a full token with no privileges removed or groups disabled.  A full token is only used if User Account Control is disabled or if the user is the built-in Administrator account or a service account.    Type 2 is an elevated token with no privileges removed or groups disabled.  An elevated token is used when User Account Control is enabled and the user chooses to start the program using Run as administrator.  An elevated token is also used when an application is configured to always require administrative privilege or to always require maximum privilege, and the user is a member of the Administrators group.    Type 3 is a limited token with administrative privileges removed and administrative groups disabled.  The limited token is used when User Account Control is enabled, the application does not require administrative privilege, and the user does not choose to start the program using Run as administrator.	22116912
<14>Jun 15 04:00:40 OST-DC01.onesystems.local MSWinEventLog	1	Security	1867298	Mon Jun 15 04:00:40 2026	4904	Microsoft-Windows-Security-Auditing	N/A	N/A	Success Audit	OST-DC01.onesystems.local	Audit Policy Change		An attempt was made to register a security event source.    Subject :   Security ID:  S-1-5-18   Account Name:  OST-DC01$   Account Domain:  ONESYSTEMS   Logon ID:  0x3E7    Process:   Process ID: 0x19cc   Process Name: C:\Windows\System32\VSSVC.exe    Event Source:   Source Name: VSSAudit   Event Source ID: 0x384510FD	22121658
<14>Jun 15 04:00:40 OST-DC01.onesystems.local MSWinEventLog	1	Security	1867300	Mon Jun 15 04:00:40 2026	4904	Microsoft-Windows-Security-Auditing	N/A	N/A	Success Audit	OST-DC01.onesystems.local	Audit Policy Change		An attempt was made to register a security event source.    Subject :   Security ID:  S-1-5-18   Account Name:  OST-DC01$   Account Domain:  ONESYSTEMS   Logon ID:  0x3E7    Process:   Process ID: 0x19cc   Process Name: C:\Windows\System32\VSSVC.exe    Event Source:   Source Name: VSSAudit   Event Source ID: 0x38451154	22121660
<14>Jun 15 08:00:44 OST-DC01.onesystems.local MSWinEventLog	1	Security	1873928	Mon Jun 15 08:00:44 2026	4904	Microsoft-Windows-Security-Auditing	N/A	N/A	Success Audit	OST-DC01.onesystems.local	Audit Policy Change		An attempt was made to register a security event source.    Subject :   Security ID:  S-1-5-18   Account Name:  OST-DC01$   Account Domain:  ONESYSTEMS   Logon ID:  0x3E7    Process:   Process ID: 0x2224   Process Name: C:\Windows\System32\VSSVC.exe    Event Source:   Source Name: VSSAudit   Event Source ID: 0x3890E197	22126783
<14>Jun 15 08:00:44 OST-DC01.onesystems.local MSWinEventLog	1	Security	1873930	Mon Jun 15 08:00:44 2026	4904	Microsoft-Windows-Security-Auditing	N/A	N/A	Success Audit	OST-DC01.onesystems.local	Audit Policy Change		An attempt was made to register a security event source.    Subject :   Security ID:  S-1-5-18   Account Name:  OST-DC01$   Account Domain:  ONESYSTEMS   Logon ID:  0x3E7    Process:   Process ID: 0x2224   Process Name: C:\Windows\System32\VSSVC.exe    Event Source:   Source Name: VSSAudit   Event Source ID: 0x3890E1EE	22126785
<14>Jun 15 04:00:40 OST-DC01.onesystems.local MSWinEventLog	1	Security	1867299	Mon Jun 15 04:00:40 2026	4905	Microsoft-Windows-Security-Auditing	N/A	N/A	Success Audit	OST-DC01.onesystems.local	Audit Policy Change		An attempt was made to unregister a security event source.    Subject   Security ID:  S-1-5-18   Account Name:  OST-DC01$   Account Domain:  ONESYSTEMS   Logon ID:  0x3E7    Process:   Process ID: 0x19cc   Process Name: C:\Windows\System32\VSSVC.exe    Event Source:   Source Name: VSSAudit   Event Source ID: 0x384510FD	22121659
<14>Jun 15 04:00:40 OST-DC01.onesystems.local MSWinEventLog	1	Security	1867301	Mon Jun 15 04:00:40 2026	4905	Microsoft-Windows-Security-Auditing	N/A	N/A	Success Audit	OST-DC01.onesystems.local	Audit Policy Change		An attempt was made to unregister a security event source.    Subject   Security ID:  S-1-5-18   Account Name:  OST-DC01$   Account Domain:  ONESYSTEMS   Logon ID:  0x3E7    Process:   Process ID: 0x19cc   Process Name: C:\Windows\System32\VSSVC.exe    Event Source:   Source Name: VSSAudit   Event Source ID: 0x38451154	22121661
<14>Jun 15 08:00:44 OST-DC01.onesystems.local MSWinEventLog	1	Security	1873929	Mon Jun 15 08:00:44 2026	4905	Microsoft-Windows-Security-Auditing	N/A	N/A	Success Audit	OST-DC01.onesystems.local	Audit Policy Change		An attempt was made to unregister a security event source.    Subject   Security ID:  S-1-5-18   Account Name:  OST-DC01$   Account Domain:  ONESYSTEMS   Logon ID:  0x3E7    Process:   Process ID: 0x2224   Process Name: C:\Windows\System32\VSSVC.exe    Event Source:   Source Name: VSSAudit   Event Source ID: 0x3890E197	22126784
<14>Jun 15 08:00:44 OST-DC01.onesystems.local MSWinEventLog	1	Security	1873931	Mon Jun 15 08:00:44 2026	4905	Microsoft-Windows-Security-Auditing	N/A	N/A	Success Audit	OST-DC01.onesystems.local	Audit Policy Change		An attempt was made to unregister a security event source.    Subject   Security ID:  S-1-5-18   Account Name:  OST-DC01$   Account Domain:  ONESYSTEMS   Logon ID:  0x3E7    Process:   Process ID: 0x2224   Process Name: C:\Windows\System32\VSSVC.exe    Event Source:   Source Name: VSSAudit   Event Source ID: 0x3890E1EE	22126786
<14>Jun 15 00:01:17 OST-DC01.onesystems.local MSWinEventLog	1	Security	1860982	Mon Jun 15 00:01:17 2026	5140	Microsoft-Windows-Security-Auditing	N/A	N/A	Success Audit	OST-DC01.onesystems.local	File Share		A network share object was accessed.     Subject:   Security ID:  S-1-5-18   Account Name:  OST-DC01$   Account Domain:  ONESYSTEMS   Logon ID:  0x37FB9300    Network Information:    Object Type:  File   Source Address:  ::1   Source Port:  50195     Share Information:   Share Name:  \\*\SYSVOL   Share Path:  \??\C:\Windows\SYSVOL\sysvol    Access Request Information:   Access Mask:  0x1   Accesses:  ReadData (or ListDirectory)        	22116849
<14>Jun 15 00:01:22 OST-DC01.onesystems.local MSWinEventLog	1	Security	1861003	Mon Jun 15 00:01:22 2026	5140	Microsoft-Windows-Security-Auditing	N/A	N/A	Success Audit	OST-DC01.onesystems.local	File Share		A network share object was accessed.     Subject:   Security ID:  S-1-5-20   Account Name:  OST-DC01$   Account Domain:  ONESYSTEMS   Logon ID:  0x3E4    Network Information:    Object Type:  File   Source Address:  ::1   Source Port:  50195     Share Information:   Share Name:  \\*\IPC$   Share Path:      Access Request Information:   Access Mask:  0x1   Accesses:  ReadData (or ListDirectory)        	22116870
<14>Jun 15 00:02:06 OST-DC01.onesystems.local MSWinEventLog	1	Security	1861021	Mon Jun 15 00:02:06 2026	5140	Microsoft-Windows-Security-Auditing	N/A	N/A	Success Audit	OST-DC01.onesystems.local	File Share		A network share object was accessed.     Subject:   Security ID:  S-1-5-21-1472557793-568245882-1929000293-1114   Account Name:  OST-SERVER01$   Account Domain:  ONESYSTEMS   Logon ID:  0x37FBDF1A    Network Information:    Object Type:  File   Source Address:  10.6.11.230   Source Port:  49745     Share Information:   Share Name:  \\*\IPC$   Share Path:      Access Request Information:   Access Mask:  0x1   Accesses:  ReadData (or ListDirectory)        	22116888
<14>Jun 15 00:02:17 OST-DC01.onesystems.local MSWinEventLog	1	Security	1861026	Mon Jun 15 00:02:17 2026	5140	Microsoft-Windows-Security-Auditing	N/A	N/A	Success Audit	OST-DC01.onesystems.local	File Share		A network share object was accessed.     Subject:   Security ID:  S-1-5-21-1472557793-568245882-1929000293-1304   Account Name:  OST-VM01$   Account Domain:  ONESYSTEMS   Logon ID:  0x37FBE451    Network Information:    Object Type:  File   Source Address:  10.6.11.130   Source Port:  50303     Share Information:   Share Name:  \\*\IPC$   Share Path:      Access Request Information:   Access Mask:  0x1   Accesses:  ReadData (or ListDirectory)        	22116893
<14>Jun 15 12:00:01 OST-DC01.onesystems.local MSWinEventLog	1	System	1891442	Mon Jun 15 12:00:01 2026	6013	EventLog	N/A	N/A	Information	OST-DC01.onesystems.local	N/A		The system uptime is 2386001 seconds.	700025
<14>Jun 15 05:29:14 OST-DC01.onesystems.local MSWinEventLog	1	System	1869677	Mon Jun 15 05:29:14 2026	6148	LsaSrv	SYSTEM	User	Information	OST-DC01.onesystems.local	N/A		The PDC completed an automatic trust scan operation for all trusts with no errors.    More information can be found at https://go.microsoft.com/fwlink/?linkid=2162089.	699908
<12>Jun 15 05:14:27 OST-DC01.onesystems.local MSWinEventLog	2	Application	1869218	Mon Jun 15 05:14:27 2026	64	Microsoft-Windows-CertificateServicesClient-AutoEnrollment	N/A	N/A	Warning	OST-DC01.onesystems.local	N/A		Certificate for local system with Thumbprint fe 49 7a d6 8e 5c 76 3f 6a 60 f7 33 a6 f2 ec 6c 9b 07 9f 18 is about to expire or already expired.	18953117
<12>Jun 15 05:14:27 OST-DC01.onesystems.local MSWinEventLog	2	Application	1869233	Mon Jun 15 05:14:27 2026	64	Microsoft-Windows-CertificateServicesClient-AutoEnrollment	N/A	N/A	Warning	OST-DC01.onesystems.local	N/A		Certificate for local system with Thumbprint fd a3 ea eb 9a 0d 23 85 26 b6 a2 99 72 5d 95 e6 49 8f 9c 4f is about to expire or already expired.	18953118
<12>Jun 15 05:14:27 OST-DC01.onesystems.local MSWinEventLog	2	Application	1869235	Mon Jun 15 05:14:27 2026	64	Microsoft-Windows-CertificateServicesClient-AutoEnrollment	N/A	N/A	Warning	OST-DC01.onesystems.local	N/A		Certificate for local system with Thumbprint e7 2b 72 67 5c ec 07 52 dc 6a ba dc 09 a6 65 9f 29 08 e7 d4 is about to expire or already expired.	18953120
<12>Jun 15 05:14:27 OST-DC01.onesystems.local MSWinEventLog	2	Application	1869234	Mon Jun 15 05:14:27 2026	64	Microsoft-Windows-CertificateServicesClient-AutoEnrollment	N/A	N/A	Warning	OST-DC01.onesystems.local	N/A		Certificate for local system with Thumbprint f0 98 cf 79 cb 4e 41 2e 02 0f 7d 70 94 33 3d c8 e1 b8 21 94 is about to expire or already expired.	18953119
<14>Jun 15 08:52:31 OST-DC01.onesystems.local MSWinEventLog	1	Application	1877450	Mon Jun 15 08:52:31 2026	650	Directory Synchronization	N/A	N/A	Information	OST-DC01.onesystems.local	N/A		Provision credentials batch start. Count: 1, TrackingID : 01c2b40a-b549-406a-b4aa-f77032a8b204 <forest-info>    <partition-name>onesystems.local</partition-name>    <connector-id>d7cbce18-4527-4dbb-bf26-b04866e3ade0</connector-id>  </forest-info>	18954379
<14>Jun 15 08:52:31 OST-DC01.onesystems.local MSWinEventLog	1	Application	1877473	Mon Jun 15 08:52:31 2026	651	Directory Synchronization	N/A	N/A	Information	OST-DC01.onesystems.local	N/A		Provision credentials batch end. Count: 1, TrackingID : 47867caf-c9f2-444c-a4b1-6f3aa18afff6 <forest-info>    <partition-name>onesystems.local</partition-name>    <connector-id>d7cbce18-4527-4dbb-bf26-b04866e3ade0</connector-id>  </forest-info>	18954383
<14>Jun 15 00:03:55 OST-DC01.onesystems.local MSWinEventLog	1	Application	1861032	Mon Jun 15 00:03:55 2026	653	Directory Synchronization	N/A	N/A	Information	OST-DC01.onesystems.local	N/A		Provision credentials ping start.  TrackingID : 8ac51785-229c-4968-8b57-a43711f2099e <forest-info>    <partition-name>onesystems.local</partition-name>    <connector-id>d7cbce18-4527-4dbb-bf26-b04866e3ade0</connector-id>  </forest-info>	18951317
<14>Jun 15 00:34:04 OST-DC01.onesystems.local MSWinEventLog	1	Application	1861927	Mon Jun 15 00:34:04 2026	653	Directory Synchronization	N/A	N/A	Information	OST-DC01.onesystems.local	N/A		Provision credentials ping start.  TrackingID : e23eefa2-7049-4a31-b0da-5b2b8937a4ef <forest-info>    <partition-name>onesystems.local</partition-name>    <connector-id>d7cbce18-4527-4dbb-bf26-b04866e3ade0</connector-id>  </forest-info>	18951493
<14>Jun 15 01:04:13 OST-DC01.onesystems.local MSWinEventLog	1	Application	1862694	Mon Jun 15 01:04:13 2026	653	Directory Synchronization	N/A	N/A	Information	OST-DC01.onesystems.local	N/A		Provision credentials ping start.  TrackingID : a042128d-75b3-4583-811e-fc72a90e6482 <forest-info>    <partition-name>onesystems.local</partition-name>    <connector-id>d7cbce18-4527-4dbb-bf26-b04866e3ade0</connector-id>  </forest-info>	18951677
<14>Jun 15 01:34:22 OST-DC01.onesystems.local MSWinEventLog	1	Application	1863468	Mon Jun 15 01:34:22 2026	653	Directory Synchronization	N/A	N/A	Information	OST-DC01.onesystems.local	N/A		Provision credentials ping start.  TrackingID : 40c92aa4-3c52-4854-a5a1-842f4d08975b <forest-info>    <partition-name>onesystems.local</partition-name>    <connector-id>d7cbce18-4527-4dbb-bf26-b04866e3ade0</connector-id>  </forest-info>	18951846
<14>Jun 15 00:03:56 OST-DC01.onesystems.local MSWinEventLog	1	Application	1861045	Mon Jun 15 00:03:56 2026	654	Directory Synchronization	N/A	N/A	Information	OST-DC01.onesystems.local	N/A		Provision credentials ping end.  TrackingID : e23eefa2-7049-4a31-b0da-5b2b8937a4ef <forest-info>    <partition-name>onesystems.local</partition-name>    <connector-id>d7cbce18-4527-4dbb-bf26-b04866e3ade0</connector-id>  </forest-info>	18951318
<14>Jun 15 00:34:05 OST-DC01.onesystems.local MSWinEventLog	1	Application	1861954	Mon Jun 15 00:34:05 2026	654	Directory Synchronization	N/A	N/A	Information	OST-DC01.onesystems.local	N/A		Provision credentials ping end.  TrackingID : a042128d-75b3-4583-811e-fc72a90e6482 <forest-info>    <partition-name>onesystems.local</partition-name>    <connector-id>d7cbce18-4527-4dbb-bf26-b04866e3ade0</connector-id>  </forest-info>	18951508
<14>Jun 15 01:04:14 OST-DC01.onesystems.local MSWinEventLog	1	Application	1862707	Mon Jun 15 01:04:14 2026	654	Directory Synchronization	N/A	N/A	Information	OST-DC01.onesystems.local	N/A		Provision credentials ping end.  TrackingID : 40c92aa4-3c52-4854-a5a1-842f4d08975b <forest-info>    <partition-name>onesystems.local</partition-name>    <connector-id>d7cbce18-4527-4dbb-bf26-b04866e3ade0</connector-id>  </forest-info>	18951678
<14>Jun 15 01:34:23 OST-DC01.onesystems.local MSWinEventLog	1	Application	1863495	Mon Jun 15 01:34:23 2026	654	Directory Synchronization	N/A	N/A	Information	OST-DC01.onesystems.local	N/A		Provision credentials ping end.  TrackingID : f4748411-7134-471b-887a-85bec852228a <forest-info>    <partition-name>onesystems.local</partition-name>    <connector-id>d7cbce18-4527-4dbb-bf26-b04866e3ade0</connector-id>  </forest-info>	18951861
<14>Jun 15 08:52:31 OST-DC01.onesystems.local MSWinEventLog	1	Application	1877472	Mon Jun 15 08:52:31 2026	656	Directory Synchronization	N/A	N/A	Information	OST-DC01.onesystems.local	N/A		Password Change Request - Anchor : 1QHmuGo7KUusjaN7L2XamA==, CloudAnchor: False, Dn : CN=Danish Akmal Bin Roslie,OU=MIS - Users,OU=OneSystems Users,OU=Woodlands - Main Office,OU=Singapore,DC=onesystems,DC=local, Change Date : 06/15/2026 00:51:00  <forest-info>    <partition-name>onesystems.local</partition-name>    <connector-id>d7cbce18-4527-4dbb-bf26-b04866e3ade0</connector-id>  </forest-info>	18954382
<14>Jun 15 08:52:31 OST-DC01.onesystems.local MSWinEventLog	1	Application	1877474	Mon Jun 15 08:52:31 2026	657	Directory Synchronization	N/A	N/A	Information	OST-DC01.onesystems.local	N/A		Password Change Result - Anchor : 1QHmuGo7KUusjaN7L2XamA==, Dn : CN=Danish Akmal Bin Roslie,OU=MIS - Users,OU=OneSystems Users,OU=Woodlands - Main Office,OU=Singapore,DC=onesystems,DC=local, PwdChangeOnLogon=False, Result : Success.  <forest-info>    <partition-name>onesystems.local</partition-name>    <connector-id>d7cbce18-4527-4dbb-bf26-b04866e3ade0</connector-id>  </forest-info>	18954384
<14>Jun 15 08:52:31 OST-DC01.onesystems.local MSWinEventLog	1	Application	1877471	Mon Jun 15 08:52:31 2026	658	Directory Synchronization	N/A	N/A	Information	OST-DC01.onesystems.local	N/A		WindowsCredentialsSyncConfig LegacyCreds=False, SupplementalCreds=False, CertThumbprint=Null certificate	18954381
<14>Jun 15 08:52:31 OST-DC01.onesystems.local MSWinEventLog	1	Application	1877469	Mon Jun 15 08:52:31 2026	659	Directory Synchronization	N/A	N/A	Information	OST-DC01.onesystems.local	N/A		IsForcePasswordChangeOnLogonFeatureEnabled=False	18954380
<14>Jun 15 00:03:56 OST-DC01.onesystems.local MSWinEventLog	1	Application	1861046	Mon Jun 15 00:03:56 2026	663	Directory Synchronization	N/A	N/A	Information	OST-DC01.onesystems.local	N/A		Password hash synchronization manager is alive and running.  <forest-info>    <partition-name>onesystems.local</partition-name>    <connector-id>d7cbce18-4527-4dbb-bf26-b04866e3ade0</connector-id>  </forest-info>	18951319
<14>Jun 15 00:34:05 OST-DC01.onesystems.local MSWinEventLog	1	Application	1861955	Mon Jun 15 00:34:05 2026	663	Directory Synchronization	N/A	N/A	Information	OST-DC01.onesystems.local	N/A		Password hash synchronization manager is alive and running.  <forest-info>    <partition-name>onesystems.local</partition-name>    <connector-id>d7cbce18-4527-4dbb-bf26-b04866e3ade0</connector-id>  </forest-info>	18951509
<14>Jun 15 01:04:14 OST-DC01.onesystems.local MSWinEventLog	1	Application	1862708	Mon Jun 15 01:04:14 2026	663	Directory Synchronization	N/A	N/A	Information	OST-DC01.onesystems.local	N/A		Password hash synchronization manager is alive and running.  <forest-info>    <partition-name>onesystems.local</partition-name>    <connector-id>d7cbce18-4527-4dbb-bf26-b04866e3ade0</connector-id>  </forest-info>	18951679
<14>Jun 15 01:34:23 OST-DC01.onesystems.local MSWinEventLog	1	Application	1863496	Mon Jun 15 01:34:23 2026	663	Directory Synchronization	N/A	N/A	Information	OST-DC01.onesystems.local	N/A		Password hash synchronization manager is alive and running.  <forest-info>    <partition-name>onesystems.local</partition-name>    <connector-id>d7cbce18-4527-4dbb-bf26-b04866e3ade0</connector-id>  </forest-info>	18951862
<14>Jun 15 00:29:36 OST-DC01.onesystems.local MSWinEventLog	1	Application	1861630	Mon Jun 15 00:29:36 2026	6946	ADSync	N/A	N/A	Information	OST-DC01.onesystems.local	Management Agent Run Profile		Internal Connector run settings:  Connector name: onesystems.local Domain (partition): DC=onesystems,DC=local Login User domain: onesystems.local Login User name: MSOL_1693b99422a8 Whistler mode: Yes 2008R2 mode: Yes IsRecycleBinEnabled: Yes ACL Security: Yes Deleted Objects Container: CN=Deleted Objects,DC=onesystems,DC=local 	18951378
<14>Jun 15 00:59:38 OST-DC01.onesystems.local MSWinEventLog	1	Application	1862485	Mon Jun 15 00:59:38 2026	6946	ADSync	N/A	N/A	Information	OST-DC01.onesystems.local	Management Agent Run Profile		Internal Connector run settings:  Connector name: onesystems.local Domain (partition): DC=onesystems,DC=local Login User domain: onesystems.local Login User name: MSOL_1693b99422a8 Whistler mode: Yes 2008R2 mode: Yes IsRecycleBinEnabled: Yes ACL Security: Yes Deleted Objects Container: CN=Deleted Objects,DC=onesystems,DC=local 	18951578
<14>Jun 15 01:29:40 OST-DC01.onesystems.local MSWinEventLog	1	Application	1863269	Mon Jun 15 01:29:40 2026	6946	ADSync	N/A	N/A	Information	OST-DC01.onesystems.local	Management Agent Run Profile		Internal Connector run settings:  Connector name: onesystems.local Domain (partition): DC=onesystems,DC=local Login User domain: onesystems.local Login User name: MSOL_1693b99422a8 Whistler mode: Yes 2008R2 mode: Yes IsRecycleBinEnabled: Yes ACL Security: Yes Deleted Objects Container: CN=Deleted Objects,DC=onesystems,DC=local 	18951737
<14>Jun 15 01:59:42 OST-DC01.onesystems.local MSWinEventLog	1	Application	1863991	Mon Jun 15 01:59:42 2026	6946	ADSync	N/A	N/A	Information	OST-DC01.onesystems.local	Management Agent Run Profile		Internal Connector run settings:  Connector name: onesystems.local Domain (partition): DC=onesystems,DC=local Login User domain: onesystems.local Login User name: MSOL_1693b99422a8 Whistler mode: Yes 2008R2 mode: Yes IsRecycleBinEnabled: Yes ACL Security: Yes Deleted Objects Container: CN=Deleted Objects,DC=onesystems,DC=local 	18951931
<14>Jun 15 00:29:59 OST-DC01.onesystems.local MSWinEventLog	1	Application	1861771	Mon Jun 15 00:29:59 2026	6952	ADSync	N/A	N/A	Information	OST-DC01.onesystems.local	Management Agent Run Profile		NonExistentObjectReferenceFiltering enabled for Connector onesystemstechsg.onmicrosoft.com - AAD 	18951453
<14>Jun 15 00:30:01 OST-DC01.onesystems.local MSWinEventLog	1	Application	1861779	Mon Jun 15 00:30:01 2026	6952	ADSync	N/A	N/A	Information	OST-DC01.onesystems.local	Management Agent Run Profile		NonExistentObjectReferenceFiltering not enabled for Connector onesystems.local 	18951459
<14>Jun 15 01:00:02 OST-DC01.onesystems.local MSWinEventLog	1	Application	1862570	Mon Jun 15 01:00:02 2026	6952	ADSync	N/A	N/A	Information	OST-DC01.onesystems.local	Management Agent Run Profile		NonExistentObjectReferenceFiltering enabled for Connector onesystemstechsg.onmicrosoft.com - AAD 	18951653
<14>Jun 15 01:00:03 OST-DC01.onesystems.local MSWinEventLog	1	Application	1862576	Mon Jun 15 01:00:03 2026	6952	ADSync	N/A	N/A	Information	OST-DC01.onesystems.local	Management Agent Run Profile		NonExistentObjectReferenceFiltering not enabled for Connector onesystems.local 	18951659
<14>Jun 15 00:04:07 OST-DC01.onesystems.local MSWinEventLog	1	System	1861048	Mon Jun 15 00:04:07 2026	7036	Service Control Manager	N/A	N/A	Information	OST-DC01.onesystems.local	N/A		The Volume Shadow Copy service entered the stopped state.	699794
<14>Jun 15 00:04:50 OST-DC01.onesystems.local MSWinEventLog	1	System	1861057	Mon Jun 15 00:04:50 2026	7036	Service Control Manager	N/A	N/A	Information	OST-DC01.onesystems.local	N/A		The Windows Modules Installer service entered the running state.	699795
